[ 2017-06-28T09:48:00+08:00 ] 127.0.0.1 /
INFO: [ app_init ] --START--
INFO: Run Behavior\BuildLiteBehavior [ RunTime:0.000089s ]
INFO: [ app_init ] --END-- [ RunTime:0.001815s ]
INFO: [ app_begin ] --START--
INFO: Run Behavior\ReadHtmlCacheBehavior [ RunTime:0.003278s ]
INFO: [ app_begin ] --END-- [ RunTime:0.003671s ]
SQL: DESCRIBE shop_category [ RunTime:0.053070s ]
SQL: SELECT * FROM `shop_category`  [ RunTime:0.005627s ]
SQL: DESCRIBE shop_goods [ RunTime:0.106042s ]
SQL: SELECT `id`,`goods_name`,`mid_logo`,`promote_price` FROM `shop_goods` WHERE ( `is_on_sale` = '是' ) AND ( `promote_price` > 0 ) AND ( `promote_start_date` <= '2017-06-28 09:47' ) AND ( `promote_end_date` >= '2017-06-28 09:47' ) LIMIT 5   [ RunTime:0.061776s ]
SQL: SELECT `id`,`goods_name`,`mid_logo`,`shop_price` FROM `shop_goods` WHERE ( `is_on_sale` = '是' ) AND ( `is_new` = '是' )  [ RunTime:0.001317s ]
SQL: SELECT `id`,`goods_name`,`mid_logo`,`shop_price` FROM `shop_goods` WHERE ( `is_on_sale` = '是' ) AND ( `is_hot` = '是' )  [ RunTime:0.001309s ]
SQL: SELECT `id`,`goods_name`,`mid_logo`,`shop_price` FROM `shop_goods` WHERE ( `is_on_sale` = '是' ) AND ( `is_best` = '是' )  [ RunTime:0.001058s ]
SQL: DESCRIBE shop_category [ RunTime:0.024263s ]
SQL: SELECT * FROM `shop_category` WHERE ( `is_floor` = '是' ) AND ( `parent_id` = 0 )  [ RunTime:0.001226s ]
SQL: SELECT * FROM `shop_category`  [ RunTime:0.001293s ]
SQL: SELECT `id` FROM `shop_goods` WHERE ( `id` IN (16,17,22,18,19,20,1) )  [ RunTime:0.002530s ]
SQL: DESCRIBE shop_goods_cat [ RunTime:0.032521s ]
SQL: SELECT DISTINCT goods_id  id FROM `shop_goods_cat` WHERE ( `cat_id` = 1 )  [ RunTime:0.005176s ]
SQL: SELECT * FROM shop_goods a LEFT JOIN shop_brand b ON b.id=a.brand_id  WHERE ( a.id IN (5,4,6) ) AND ( a.brand_id <> 0 ) LIMIT 9   [ RunTime:0.022414s ]
SQL: SELECT * FROM `shop_category` WHERE ( `parent_id` = 1 ) AND ( `is_floor` = '否' )  [ RunTime:0.001260s ]
SQL: SELECT * FROM `shop_category` WHERE ( `parent_id` = 1 ) AND ( `is_floor` = '是' )  [ RunTime:0.000970s ]
SQL: SELECT * FROM `shop_category`  [ RunTime:0.000882s ]
SQL: SELECT `id` FROM `shop_goods` WHERE ( `id` IN (16,17,22,18,19,20,16) )  [ RunTime:0.001171s ]
SQL: SELECT DISTINCT goods_id  id FROM `shop_goods_cat` WHERE ( `cat_id` = 16 )  [ RunTime:0.001252s ]
SQL: SELECT * FROM `shop_goods` WHERE ( `is_on_sale` = '是' ) AND ( `is_floor` = '是' ) AND ( `id` IN (5,4) )  [ RunTime:0.001394s ]
SQL: SELECT * FROM `shop_category`  [ RunTime:0.001213s ]
SQL: SELECT `id` FROM `shop_goods` WHERE ( `id` IN (16,17,22,18,19,20,21,2) )  [ RunTime:0.000993s ]
SQL: SELECT DISTINCT goods_id  id FROM `shop_goods_cat` WHERE ( `cat_id` = 2 )  [ RunTime:0.001237s ]
SQL: SELECT * FROM shop_goods a LEFT JOIN shop_brand b ON b.id=a.brand_id  WHERE ( a.id IN (5) ) AND ( a.brand_id <> 0 ) LIMIT 9   [ RunTime:0.001907s ]
SQL: SELECT * FROM `shop_category` WHERE ( `parent_id` = 2 ) AND ( `is_floor` = '否' )  [ RunTime:0.001115s ]
SQL: SELECT * FROM `shop_category` WHERE ( `parent_id` = 2 ) AND ( `is_floor` = '是' )  [ RunTime:0.001102s ]
NOTIC: [2] Invalid argument supplied for foreach() D:\wamp\www\lianxi\xiangmu\shop04_xiangmu4\Application\Admin\Model\CategoryModel.class.php 第 148 行.
INFO: [ view_parse ] --START--
INFO: [ template_filter ] --START--
INFO: Run Behavior\ContentReplaceBehavior [ RunTime:0.000689s ]
INFO: [ template_filter ] --END-- [ RunTime:0.001125s ]
NOTIC: [8] Undefined index: children D:\wamp\www\lianxi\xiangmu\shop04_xiangmu4\Application\Runtime\Cache\Home\2a94b8bda04ff446dcedd42276fc99ee.php 第 154 行.
NOTIC: [2] Invalid argument supplied for foreach() D:\wamp\www\lianxi\xiangmu\shop04_xiangmu4\Application\Runtime\Cache\Home\2a94b8bda04ff446dcedd42276fc99ee.php 第 154 行.
NOTIC: [8] Undefined index: children D:\wamp\www\lianxi\xiangmu\shop04_xiangmu4\Application\Runtime\Cache\Home\2a94b8bda04ff446dcedd42276fc99ee.php 第 154 行.
NOTIC: [2] Invalid argument supplied for foreach() D:\wamp\www\lianxi\xiangmu\shop04_xiangmu4\Application\Runtime\Cache\Home\2a94b8bda04ff446dcedd42276fc99ee.php 第 154 行.
NOTIC: [8] Undefined index: children D:\wamp\www\lianxi\xiangmu\shop04_xiangmu4\Application\Runtime\Cache\Home\2a94b8bda04ff446dcedd42276fc99ee.php 第 154 行.
NOTIC: [2] Invalid argument supplied for foreach() D:\wamp\www\lianxi\xiangmu\shop04_xiangmu4\Application\Runtime\Cache\Home\2a94b8bda04ff446dcedd42276fc99ee.php 第 154 行.
NOTIC: [8] Undefined index: children D:\wamp\www\lianxi\xiangmu\shop04_xiangmu4\Application\Runtime\Cache\Home\2a94b8bda04ff446dcedd42276fc99ee.php 第 154 行.
NOTIC: [2] Invalid argument supplied for foreach() D:\wamp\www\lianxi\xiangmu\shop04_xiangmu4\Application\Runtime\Cache\Home\2a94b8bda04ff446dcedd42276fc99ee.php 第 154 行.
NOTIC: [8] Undefined index: children D:\wamp\www\lianxi\xiangmu\shop04_xiangmu4\Application\Runtime\Cache\Home\2a94b8bda04ff446dcedd42276fc99ee.php 第 150 行.
NOTIC: [2] Invalid argument supplied for foreach() D:\wamp\www\lianxi\xiangmu\shop04_xiangmu4\Application\Runtime\Cache\Home\2a94b8bda04ff446dcedd42276fc99ee.php 第 150 行.
NOTIC: [8] Undefined index: children D:\wamp\www\lianxi\xiangmu\shop04_xiangmu4\Application\Runtime\Cache\Home\2a94b8bda04ff446dcedd42276fc99ee.php 第 150 行.
NOTIC: [2] Invalid argument supplied for foreach() D:\wamp\www\lianxi\xiangmu\shop04_xiangmu4\Application\Runtime\Cache\Home\2a94b8bda04ff446dcedd42276fc99ee.php 第 150 行.
NOTIC: [8] Undefined index: children D:\wamp\www\lianxi\xiangmu\shop04_xiangmu4\Application\Runtime\Cache\Home\2a94b8bda04ff446dcedd42276fc99ee.php 第 150 行.
NOTIC: [2] Invalid argument supplied for foreach() D:\wamp\www\lianxi\xiangmu\shop04_xiangmu4\Application\Runtime\Cache\Home\2a94b8bda04ff446dcedd42276fc99ee.php 第 150 行.
NOTIC: [8] Undefined index: children D:\wamp\www\lianxi\xiangmu\shop04_xiangmu4\Application\Runtime\Cache\Home\2a94b8bda04ff446dcedd42276fc99ee.php 第 150 行.
NOTIC: [2] Invalid argument supplied for foreach() D:\wamp\www\lianxi\xiangmu\shop04_xiangmu4\Application\Runtime\Cache\Home\2a94b8bda04ff446dcedd42276fc99ee.php 第 150 行.
NOTIC: [8] Undefined index: children D:\wamp\www\lianxi\xiangmu\shop04_xiangmu4\Application\Runtime\Cache\Home\2a94b8bda04ff446dcedd42276fc99ee.php 第 150 行.
NOTIC: [2] Invalid argument supplied for foreach() D:\wamp\www\lianxi\xiangmu\shop04_xiangmu4\Application\Runtime\Cache\Home\2a94b8bda04ff446dcedd42276fc99ee.php 第 150 行.
NOTIC: [8] Undefined index: children D:\wamp\www\lianxi\xiangmu\shop04_xiangmu4\Application\Runtime\Cache\Home\2a94b8bda04ff446dcedd42276fc99ee.php 第 150 行.
NOTIC: [2] Invalid argument supplied for foreach() D:\wamp\www\lianxi\xiangmu\shop04_xiangmu4\Application\Runtime\Cache\Home\2a94b8bda04ff446dcedd42276fc99ee.php 第 150 行.
NOTIC: [8] Undefined index: children D:\wamp\www\lianxi\xiangmu\shop04_xiangmu4\Application\Runtime\Cache\Home\2a94b8bda04ff446dcedd42276fc99ee.php 第 150 行.
NOTIC: [2] Invalid argument supplied for foreach() D:\wamp\www\lianxi\xiangmu\shop04_xiangmu4\Application\Runtime\Cache\Home\2a94b8bda04ff446dcedd42276fc99ee.php 第 150 行.
NOTIC: [8] Undefined index: children D:\wamp\www\lianxi\xiangmu\shop04_xiangmu4\Application\Runtime\Cache\Home\2a94b8bda04ff446dcedd42276fc99ee.php 第 150 行.
NOTIC: [2] Invalid argument supplied for foreach() D:\wamp\www\lianxi\xiangmu\shop04_xiangmu4\Application\Runtime\Cache\Home\2a94b8bda04ff446dcedd42276fc99ee.php 第 150 行.
NOTIC: [8] Undefined index: children D:\wamp\www\lianxi\xiangmu\shop04_xiangmu4\Application\Runtime\Cache\Home\2a94b8bda04ff446dcedd42276fc99ee.php 第 150 行.
NOTIC: [2] Invalid argument supplied for foreach() D:\wamp\www\lianxi\xiangmu\shop04_xiangmu4\Application\Runtime\Cache\Home\2a94b8bda04ff446dcedd42276fc99ee.php 第 150 行.
NOTIC: [8] Undefined index: children D:\wamp\www\lianxi\xiangmu\shop04_xiangmu4\Application\Runtime\Cache\Home\2a94b8bda04ff446dcedd42276fc99ee.php 第 150 行.
NOTIC: [2] Invalid argument supplied for foreach() D:\wamp\www\lianxi\xiangmu\shop04_xiangmu4\Application\Runtime\Cache\Home\2a94b8bda04ff446dcedd42276fc99ee.php 第 150 行.
NOTIC: [8] Undefined index: children D:\wamp\www\lianxi\xiangmu\shop04_xiangmu4\Application\Runtime\Cache\Home\2a94b8bda04ff446dcedd42276fc99ee.php 第 150 行.
NOTIC: [2] Invalid argument supplied for foreach() D:\wamp\www\lianxi\xiangmu\shop04_xiangmu4\Application\Runtime\Cache\Home\2a94b8bda04ff446dcedd42276fc99ee.php 第 150 行.
NOTIC: [8] Undefined index: children D:\wamp\www\lianxi\xiangmu\shop04_xiangmu4\Application\Runtime\Cache\Home\2a94b8bda04ff446dcedd42276fc99ee.php 第 150 行.
NOTIC: [2] Invalid argument supplied for foreach() D:\wamp\www\lianxi\xiangmu\shop04_xiangmu4\Application\Runtime\Cache\Home\2a94b8bda04ff446dcedd42276fc99ee.php 第 150 行.
NOTIC: [2] Invalid argument supplied for foreach() D:\wamp\www\lianxi\xiangmu\shop04_xiangmu4\Application\Runtime\Cache\Home\2a94b8bda04ff446dcedd42276fc99ee.php 第 356 行.
NOTIC: [2] Invalid argument supplied for foreach() D:\wamp\www\lianxi\xiangmu\shop04_xiangmu4\Application\Runtime\Cache\Home\2a94b8bda04ff446dcedd42276fc99ee.php 第 501 行.
NOTIC: [2] Invalid argument supplied for foreach() D:\wamp\www\lianxi\xiangmu\shop04_xiangmu4\Application\Runtime\Cache\Home\2a94b8bda04ff446dcedd42276fc99ee.php 第 506 行.
INFO: Run Behavior\ParseTemplateBehavior [ RunTime:0.254515s ]
INFO: [ view_parse ] --END-- [ RunTime:0.254907s ]
INFO: [ view_filter ] --START--
INFO: Run Behavior\WriteHtmlCacheBehavior [ RunTime:0.007417s ]
INFO: [ view_filter ] --END-- [ RunTime:0.007814s ]
INFO: [ app_end ] --START--
INFO: Run Behavior\ShowPageTraceBehavior [ RunTime:0.010836s ]
INFO: [ app_end ] --END-- [ RunTime:0.011264s ]

[ 2017-06-28T09:48:02+08:00 ] 127.0.0.1 /index.php/Home/Member/ajaxChkLogin.html
INFO: [ app_init ] --START--
INFO: Run Behavior\BuildLiteBehavior [ RunTime:0.000099s ]
INFO: [ app_init ] --END-- [ RunTime:0.002496s ]
INFO: [ app_begin ] --START--
INFO: Run Behavior\ReadHtmlCacheBehavior [ RunTime:0.003456s ]
INFO: [ app_begin ] --END-- [ RunTime:0.003968s ]
INFO: [ app_end ] --START--
INFO: Run Behavior\ShowPageTraceBehavior [ RunTime:0.003773s ]
INFO: [ app_end ] --END-- [ RunTime:0.004260s ]

[ 2017-06-28T09:48:16+08:00 ] 127.0.0.1 /index.php/Admin/Login/login
INFO: [ app_init ] --START--
INFO: Run Behavior\BuildLiteBehavior [ RunTime:0.000084s ]
INFO: [ app_init ] --END-- [ RunTime:0.001795s ]
INFO: [ app_begin ] --START--
INFO: Run Behavior\ReadHtmlCacheBehavior [ RunTime:0.003116s ]
INFO: [ app_begin ] --END-- [ RunTime:0.003530s ]
INFO: [ view_parse ] --START--
INFO: [ template_filter ] --START--
INFO: Run Behavior\ContentReplaceBehavior [ RunTime:0.000277s ]
INFO: [ template_filter ] --END-- [ RunTime:0.000693s ]
INFO: Run Behavior\ParseTemplateBehavior [ RunTime:0.117566s ]
INFO: [ view_parse ] --END-- [ RunTime:0.118004s ]
INFO: [ view_filter ] --START--
INFO: Run Behavior\WriteHtmlCacheBehavior [ RunTime:0.002302s ]
INFO: [ view_filter ] --END-- [ RunTime:0.002661s ]
INFO: [ app_end ] --START--
INFO: Run Behavior\ShowPageTraceBehavior [ RunTime:0.003024s ]
INFO: [ app_end ] --END-- [ RunTime:0.003411s ]

[ 2017-06-28T09:48:17+08:00 ] 127.0.0.1 /index.php/Admin/Login/checkCode.html
INFO: [ app_init ] --START--
INFO: Run Behavior\BuildLiteBehavior [ RunTime:0.000106s ]
INFO: [ app_init ] --END-- [ RunTime:0.002371s ]
INFO: [ app_begin ] --START--
INFO: Run Behavior\ReadHtmlCacheBehavior [ RunTime:0.003675s ]
INFO: [ app_begin ] --END-- [ RunTime:0.004163s ]
INFO: [ app_end ] --START--
INFO: Run Behavior\ShowPageTraceBehavior [ RunTime:0.003860s ]
INFO: [ app_end ] --END-- [ RunTime:0.004311s ]

[ 2017-06-28T09:48:26+08:00 ] 127.0.0.1 /index.php/Admin/Login/login
INFO: [ app_init ] --START--
INFO: Run Behavior\BuildLiteBehavior [ RunTime:0.000107s ]
INFO: [ app_init ] --END-- [ RunTime:0.004590s ]
INFO: [ app_begin ] --START--
INFO: Run Behavior\ReadHtmlCacheBehavior [ RunTime:0.004176s ]
INFO: [ app_begin ] --END-- [ RunTime:0.004833s ]
SQL: DESCRIBE shop_admin [ RunTime:0.257570s ]
NOTIC: [8] Undefined variable: _login_validate D:\wamp\www\lianxi\xiangmu\shop04_xiangmu4\Application\Admin\Controller\LoginController.class.php 第 29 行.
SQL: SELECT * FROM `shop_admin` WHERE ( `user_name` = 'admin' ) LIMIT 1   [ RunTime:0.002471s ]
INFO: [ view_parse ] --START--
INFO: [ template_filter ] --START--
INFO: Run Behavior\ContentReplaceBehavior [ RunTime:0.000422s ]
INFO: [ template_filter ] --END-- [ RunTime:0.001199s ]
INFO: Run Behavior\ParseTemplateBehavior [ RunTime:0.067574s ]
INFO: [ view_parse ] --END-- [ RunTime:0.068428s ]
INFO: [ view_filter ] --START--
INFO: Run Behavior\WriteHtmlCacheBehavior [ RunTime:0.002265s ]
INFO: [ view_filter ] --END-- [ RunTime:0.002637s ]

[ 2017-06-28T09:48:26+08:00 ] 127.0.0.1 /index.php/Admin/Login/login
INFO: [ app_init ] --START--
INFO: Run Behavior\BuildLiteBehavior [ RunTime:0.000096s ]
INFO: [ app_init ] --END-- [ RunTime:0.004857s ]
INFO: [ app_begin ] --START--
INFO: Run Behavior\ReadHtmlCacheBehavior [ RunTime:0.003328s ]
INFO: [ app_begin ] --END-- [ RunTime:0.003864s ]
SQL: DESCRIBE shop_admin [ RunTime:0.023472s ]
NOTIC: [8] Undefined variable: _login_validate D:\wamp\www\lianxi\xiangmu\shop04_xiangmu4\Application\Admin\Controller\LoginController.class.php 第 29 行.
SQL: SELECT * FROM `shop_admin` WHERE ( `user_name` = 'admin' ) LIMIT 1   [ RunTime:0.001156s ]
INFO: [ view_parse ] --START--
INFO: [ template_filter ] --START--
INFO: Run Behavior\ContentReplaceBehavior [ RunTime:0.000229s ]
INFO: [ template_filter ] --END-- [ RunTime:0.000645s ]
INFO: Run Behavior\ParseTemplateBehavior [ RunTime:0.024065s ]
INFO: [ view_parse ] --END-- [ RunTime:0.024491s ]
INFO: [ view_filter ] --START--
INFO: Run Behavior\WriteHtmlCacheBehavior [ RunTime:0.001574s ]
INFO: [ view_filter ] --END-- [ RunTime:0.001932s ]

[ 2017-06-28T09:48:29+08:00 ] 127.0.0.1 /index.php/Admin/Login/login
INFO: [ app_init ] --START--
INFO: Run Behavior\BuildLiteBehavior [ RunTime:0.000102s ]
INFO: [ app_init ] --END-- [ RunTime:0.001814s ]
INFO: [ app_begin ] --START--
INFO: Run Behavior\ReadHtmlCacheBehavior [ RunTime:0.002931s ]
INFO: [ app_begin ] --END-- [ RunTime:0.003519s ]
INFO: [ view_parse ] --START--
INFO: [ template_filter ] --START--
INFO: Run Behavior\ContentReplaceBehavior [ RunTime:0.000287s ]
INFO: [ template_filter ] --END-- [ RunTime:0.000767s ]
INFO: Run Behavior\ParseTemplateBehavior [ RunTime:0.038864s ]
INFO: [ view_parse ] --END-- [ RunTime:0.039379s ]
INFO: [ view_filter ] --START--
INFO: Run Behavior\WriteHtmlCacheBehavior [ RunTime:0.002159s ]
INFO: [ view_filter ] --END-- [ RunTime:0.002658s ]
INFO: [ app_end ] --START--
INFO: Run Behavior\ShowPageTraceBehavior [ RunTime:0.002856s ]
INFO: [ app_end ] --END-- [ RunTime:0.003438s ]

[ 2017-06-28T09:48:45+08:00 ] 127.0.0.1 /index.php/Admin/Login/login
INFO: [ app_init ] --START--
INFO: Run Behavior\BuildLiteBehavior [ RunTime:0.000111s ]
INFO: [ app_init ] --END-- [ RunTime:0.002570s ]
INFO: [ app_begin ] --START--
INFO: Run Behavior\ReadHtmlCacheBehavior [ RunTime:0.005348s ]
INFO: [ app_begin ] --END-- [ RunTime:0.006028s ]
SQL: DESCRIBE shop_admin [ RunTime:0.033694s ]
NOTIC: [8] Undefined variable: _login_validate D:\wamp\www\lianxi\xiangmu\shop04_xiangmu4\Application\Admin\Controller\LoginController.class.php 第 29 行.
SQL: SELECT * FROM `shop_admin` WHERE ( `user_name` = 'test' ) LIMIT 1   [ RunTime:0.008704s ]
INFO: [ view_parse ] --START--
INFO: [ template_filter ] --START--
INFO: Run Behavior\ContentReplaceBehavior [ RunTime:0.000236s ]
INFO: [ template_filter ] --END-- [ RunTime:0.000685s ]
INFO: Run Behavior\ParseTemplateBehavior [ RunTime:0.035066s ]
INFO: [ view_parse ] --END-- [ RunTime:0.035600s ]
INFO: [ view_filter ] --START--
INFO: Run Behavior\WriteHtmlCacheBehavior [ RunTime:0.004703s ]
INFO: [ view_filter ] --END-- [ RunTime:0.005548s ]

[ 2017-06-28T09:48:48+08:00 ] 127.0.0.1 /index.php/Admin/Login/login
INFO: [ app_init ] --START--
INFO: Run Behavior\BuildLiteBehavior [ RunTime:0.000092s ]
INFO: [ app_init ] --END-- [ RunTime:0.001641s ]
INFO: [ app_begin ] --START--
INFO: Run Behavior\ReadHtmlCacheBehavior [ RunTime:0.002662s ]
INFO: [ app_begin ] --END-- [ RunTime:0.003128s ]
INFO: [ view_parse ] --START--
INFO: [ template_filter ] --START--
INFO: Run Behavior\ContentReplaceBehavior [ RunTime:0.000276s ]
INFO: [ template_filter ] --END-- [ RunTime:0.000747s ]
INFO: Run Behavior\ParseTemplateBehavior [ RunTime:0.028554s ]
INFO: [ view_parse ] --END-- [ RunTime:0.029054s ]
INFO: [ view_filter ] --START--
INFO: Run Behavior\WriteHtmlCacheBehavior [ RunTime:0.002095s ]
INFO: [ view_filter ] --END-- [ RunTime:0.002554s ]
INFO: [ app_end ] --START--
INFO: Run Behavior\ShowPageTraceBehavior [ RunTime:0.002577s ]
INFO: [ app_end ] --END-- [ RunTime:0.002984s ]

[ 2017-06-28T09:48:49+08:00 ] 127.0.0.1 /index.php/Home/Member/ajaxChkLogin.html
INFO: [ app_init ] --START--
INFO: Run Behavior\BuildLiteBehavior [ RunTime:0.000091s ]
INFO: [ app_init ] --END-- [ RunTime:0.001821s ]
INFO: [ app_begin ] --START--
INFO: Run Behavior\ReadHtmlCacheBehavior [ RunTime:0.002565s ]
INFO: [ app_begin ] --END-- [ RunTime:0.002950s ]
INFO: [ app_end ] --START--
INFO: Run Behavior\ShowPageTraceBehavior [ RunTime:0.002936s ]
INFO: [ app_end ] --END-- [ RunTime:0.003424s ]

[ 2017-06-28T09:49:52+08:00 ] 127.0.0.1 /index.php/Admin/Index/index
INFO: [ app_init ] --START--
INFO: Run Behavior\BuildLiteBehavior [ RunTime:0.000093s ]
INFO: [ app_init ] --END-- [ RunTime:0.001804s ]
INFO: [ app_begin ] --START--
INFO: Run Behavior\ReadHtmlCacheBehavior [ RunTime:0.002158s ]
INFO: [ app_begin ] --END-- [ RunTime:0.002629s ]
INFO: [ view_parse ] --START--
INFO: [ template_filter ] --START--
INFO: Run Behavior\ContentReplaceBehavior [ RunTime:0.000221s ]
INFO: [ template_filter ] --END-- [ RunTime:0.000641s ]
INFO: Run Behavior\ParseTemplateBehavior [ RunTime:0.047625s ]
INFO: [ view_parse ] --END-- [ RunTime:0.048072s ]
INFO: [ view_filter ] --START--
INFO: Run Behavior\WriteHtmlCacheBehavior [ RunTime:0.001341s ]
INFO: [ view_filter ] --END-- [ RunTime:0.001698s ]

[ 2017-06-28T09:49:55+08:00 ] 127.0.0.1 /index.php/Admin/Login/login.html
INFO: [ app_init ] --START--
INFO: Run Behavior\BuildLiteBehavior [ RunTime:0.000093s ]
INFO: [ app_init ] --END-- [ RunTime:0.001733s ]
INFO: [ app_begin ] --START--
INFO: Run Behavior\ReadHtmlCacheBehavior [ RunTime:0.002064s ]
INFO: [ app_begin ] --END-- [ RunTime:0.002569s ]
INFO: [ view_parse ] --START--
INFO: [ template_filter ] --START--
INFO: Run Behavior\ContentReplaceBehavior [ RunTime:0.000272s ]
INFO: [ template_filter ] --END-- [ RunTime:0.000700s ]
INFO: Run Behavior\ParseTemplateBehavior [ RunTime:0.025766s ]
INFO: [ view_parse ] --END-- [ RunTime:0.026242s ]
INFO: [ view_filter ] --START--
INFO: Run Behavior\WriteHtmlCacheBehavior [ RunTime:0.002144s ]
INFO: [ view_filter ] --END-- [ RunTime:0.002575s ]
INFO: [ app_end ] --START--
INFO: Run Behavior\ShowPageTraceBehavior [ RunTime:0.003032s ]
INFO: [ app_end ] --END-- [ RunTime:0.003577s ]

[ 2017-06-28T09:49:55+08:00 ] 127.0.0.1 /index.php/Admin/Login/checkCode.html
INFO: [ app_init ] --START--
INFO: Run Behavior\BuildLiteBehavior [ RunTime:0.000100s ]
INFO: [ app_init ] --END-- [ RunTime:0.002366s ]
INFO: [ app_begin ] --START--
INFO: Run Behavior\ReadHtmlCacheBehavior [ RunTime:0.004015s ]
INFO: [ app_begin ] --END-- [ RunTime:0.004507s ]
INFO: [ app_end ] --START--
INFO: Run Behavior\ShowPageTraceBehavior [ RunTime:0.003099s ]
INFO: [ app_end ] --END-- [ RunTime:0.003577s ]

[ 2017-06-28T09:50:16+08:00 ] 127.0.0.1 /index.php/Admin/Login/checkCode.html?0.625101477606222
INFO: [ app_init ] --START--
INFO: Run Behavior\BuildLiteBehavior [ RunTime:0.000082s ]
INFO: [ app_init ] --END-- [ RunTime:0.001467s ]
INFO: [ app_begin ] --START--
INFO: Run Behavior\ReadHtmlCacheBehavior [ RunTime:0.002157s ]
INFO: [ app_begin ] --END-- [ RunTime:0.002627s ]
INFO: [ app_end ] --START--
INFO: Run Behavior\ShowPageTraceBehavior [ RunTime:0.003382s ]
INFO: [ app_end ] --END-- [ RunTime:0.004023s ]

[ 2017-06-28T09:50:17+08:00 ] 127.0.0.1 /index.php/Admin/Login/checkCode.html?0.640722491312772
INFO: [ app_init ] --START--
INFO: Run Behavior\BuildLiteBehavior [ RunTime:0.000082s ]
INFO: [ app_init ] --END-- [ RunTime:0.001424s ]
INFO: [ app_begin ] --START--
INFO: Run Behavior\ReadHtmlCacheBehavior [ RunTime:0.001782s ]
INFO: [ app_begin ] --END-- [ RunTime:0.002165s ]
INFO: [ app_end ] --START--
INFO: Run Behavior\ShowPageTraceBehavior [ RunTime:0.002022s ]
INFO: [ app_end ] --END-- [ RunTime:0.002513s ]

[ 2017-06-28T09:50:17+08:00 ] 127.0.0.1 /index.php/Admin/Login/checkCode.html?0.29141779989004135
INFO: [ app_init ] --START--
INFO: Run Behavior\BuildLiteBehavior [ RunTime:0.000084s ]
INFO: [ app_init ] --END-- [ RunTime:0.001546s ]
INFO: [ app_begin ] --START--
INFO: Run Behavior\ReadHtmlCacheBehavior [ RunTime:0.001803s ]
INFO: [ app_begin ] --END-- [ RunTime:0.002194s ]
INFO: [ app_end ] --START--
INFO: Run Behavior\ShowPageTraceBehavior [ RunTime:0.004062s ]
INFO: [ app_end ] --END-- [ RunTime:0.004960s ]

[ 2017-06-28T09:50:18+08:00 ] 127.0.0.1 /index.php/Admin/Login/checkCode.html?0.3410140620544553
INFO: [ app_init ] --START--
INFO: Run Behavior\BuildLiteBehavior [ RunTime:0.000081s ]
INFO: [ app_init ] --END-- [ RunTime:0.001386s ]
INFO: [ app_begin ] --START--
INFO: Run Behavior\ReadHtmlCacheBehavior [ RunTime:0.001795s ]
INFO: [ app_begin ] --END-- [ RunTime:0.002209s ]
INFO: [ app_end ] --START--
INFO: Run Behavior\ShowPageTraceBehavior [ RunTime:0.001968s ]
INFO: [ app_end ] --END-- [ RunTime:0.002392s ]

[ 2017-06-28T09:50:19+08:00 ] 127.0.0.1 /index.php/Admin/Login/checkCode.html?0.37180627859197557
INFO: [ app_init ] --START--
INFO: Run Behavior\BuildLiteBehavior [ RunTime:0.000084s ]
INFO: [ app_init ] --END-- [ RunTime:0.001422s ]
INFO: [ app_begin ] --START--
INFO: Run Behavior\ReadHtmlCacheBehavior [ RunTime:0.001987s ]
INFO: [ app_begin ] --END-- [ RunTime:0.002442s ]
INFO: [ app_end ] --START--
INFO: Run Behavior\ShowPageTraceBehavior [ RunTime:0.002735s ]
INFO: [ app_end ] --END-- [ RunTime:0.003330s ]

