[ 2017-05-22T17:28:47+08:00 ] 127.0.0.1 /index.php/Home/Index/index
INFO: [ app_init ] --START--
INFO: Run Behavior\BuildLiteBehavior [ RunTime:0.000090s ]
INFO: [ app_init ] --END-- [ RunTime:0.002473s ]
INFO: [ app_begin ] --START--
INFO: Run Behavior\ReadHtmlCacheBehavior [ RunTime:0.002642s ]
INFO: [ app_begin ] --END-- [ RunTime:0.003087s ]
SQL: DESCRIBE shop_category [ RunTime:0.019927s ]
SQL: SELECT * FROM `shop_category`  [ RunTime:0.001927s ]
SQL: DESCRIBE shop_goods [ RunTime:0.021296s ]
SQL: SELECT `id`,`goods_name`,`mid_logo`,`promote_price` FROM `shop_goods` WHERE ( `is_on_sale` = '是' ) AND ( `promote_price` > 0 ) AND ( `promote_start_date` <= '2017-05-22 17:28' ) AND ( `promote_end_date` >= '2017-05-22 17:28' ) LIMIT 5   [ RunTime:0.017351s ]
SQL: SELECT `id`,`goods_name`,`mid_logo`,`shop_price` FROM `shop_goods` WHERE ( `is_on_sale` = '是' ) AND ( `is_new` = '是' )  [ RunTime:0.001883s ]
SQL: SELECT `id`,`goods_name`,`mid_logo`,`shop_price` FROM `shop_goods` WHERE ( `is_on_sale` = '是' ) AND ( `is_hot` = '是' )  [ RunTime:0.002773s ]
SQL: SELECT `id`,`goods_name`,`mid_logo`,`shop_price` FROM `shop_goods` WHERE ( `is_on_sale` = '是' ) AND ( `is_best` = '是' )  [ RunTime:0.001417s ]
SQL: DESCRIBE shop_category [ RunTime:0.019292s ]
SQL: SELECT * FROM `shop_category` WHERE ( `is_floor` = '是' ) AND ( `parent_id` = 0 )  [ RunTime:0.001846s ]
SQL: SELECT * FROM `shop_category`  [ RunTime:0.001264s ]
SQL: SELECT `id` FROM `shop_goods` WHERE ( `id` IN (16,17,22,18,19,20,1) )  [ RunTime:0.001115s ]
SQL: DESCRIBE shop_goods_cat [ RunTime:0.022197s ]
SQL: SELECT DISTINCT goods_id  id FROM `shop_goods_cat` WHERE ( `cat_id` = 1 )  [ RunTime:0.001860s ]
SQL: SELECT * FROM shop_goods a LEFT JOIN shop_brand b ON b.id=a.brand_id  WHERE ( a.id IN (5,4,6) ) AND ( a.brand_id <> 0 ) LIMIT 9   [ RunTime:0.003287s ]
SQL: SELECT * FROM `shop_category` WHERE ( `parent_id` = 1 ) AND ( `is_floor` = '否' )  [ RunTime:0.001191s ]
SQL: SELECT * FROM `shop_category` WHERE ( `parent_id` = 1 ) AND ( `is_floor` = '是' )  [ RunTime:0.001471s ]
SQL: SELECT * FROM `shop_category`  [ RunTime:0.001270s ]
SQL: SELECT `id` FROM `shop_goods` WHERE ( `id` IN (16,17,22,18,19,20,16) )  [ RunTime:0.001269s ]
SQL: SELECT DISTINCT goods_id  id FROM `shop_goods_cat` WHERE ( `cat_id` = 16 )  [ RunTime:0.001489s ]
SQL: SELECT * FROM `shop_goods` WHERE ( `is_on_sale` = '是' ) AND ( `is_floor` = '是' ) AND ( `id` IN (5,4) )  [ RunTime:0.001764s ]
SQL: SELECT * FROM `shop_category`  [ RunTime:0.001472s ]
SQL: SELECT `id` FROM `shop_goods` WHERE ( `id` IN (16,17,22,18,19,20,21,2) )  [ RunTime:0.001159s ]
SQL: SELECT DISTINCT goods_id  id FROM `shop_goods_cat` WHERE ( `cat_id` = 2 )  [ RunTime:0.001633s ]
SQL: SELECT * FROM shop_goods a LEFT JOIN shop_brand b ON b.id=a.brand_id  WHERE ( a.id IN (5) ) AND ( a.brand_id <> 0 ) LIMIT 9   [ RunTime:0.001693s ]
SQL: SELECT * FROM `shop_category` WHERE ( `parent_id` = 2 ) AND ( `is_floor` = '否' )  [ RunTime:0.001368s ]
SQL: SELECT * FROM `shop_category` WHERE ( `parent_id` = 2 ) AND ( `is_floor` = '是' )  [ RunTime:0.001175s ]
NOTIC: [2] Invalid argument supplied for foreach() D:\wamp\www\lianxi\xiangmu\shop04_xiangmu4\Application\Admin\Model\CategoryModel.class.php 第 147 行.
INFO: [ view_parse ] --START--
INFO: [ template_filter ] --START--
INFO: Run Behavior\ContentReplaceBehavior [ RunTime:0.000722s ]
INFO: [ template_filter ] --END-- [ RunTime:0.001126s ]
NOTIC: [8] Undefined index: children D:\wamp\www\lianxi\xiangmu\shop04_xiangmu4\Application\Runtime\Cache\Home\2a94b8bda04ff446dcedd42276fc99ee.php 第 154 行.
NOTIC: [2] Invalid argument supplied for foreach() D:\wamp\www\lianxi\xiangmu\shop04_xiangmu4\Application\Runtime\Cache\Home\2a94b8bda04ff446dcedd42276fc99ee.php 第 154 行.
NOTIC: [8] Undefined index: children D:\wamp\www\lianxi\xiangmu\shop04_xiangmu4\Application\Runtime\Cache\Home\2a94b8bda04ff446dcedd42276fc99ee.php 第 154 行.
NOTIC: [2] Invalid argument supplied for foreach() D:\wamp\www\lianxi\xiangmu\shop04_xiangmu4\Application\Runtime\Cache\Home\2a94b8bda04ff446dcedd42276fc99ee.php 第 154 行.
NOTIC: [8] Undefined index: children D:\wamp\www\lianxi\xiangmu\shop04_xiangmu4\Application\Runtime\Cache\Home\2a94b8bda04ff446dcedd42276fc99ee.php 第 154 行.
NOTIC: [2] Invalid argument supplied for foreach() D:\wamp\www\lianxi\xiangmu\shop04_xiangmu4\Application\Runtime\Cache\Home\2a94b8bda04ff446dcedd42276fc99ee.php 第 154 行.
NOTIC: [8] Undefined index: children D:\wamp\www\lianxi\xiangmu\shop04_xiangmu4\Application\Runtime\Cache\Home\2a94b8bda04ff446dcedd42276fc99ee.php 第 154 行.
NOTIC: [2] Invalid argument supplied for foreach() D:\wamp\www\lianxi\xiangmu\shop04_xiangmu4\Application\Runtime\Cache\Home\2a94b8bda04ff446dcedd42276fc99ee.php 第 154 行.
NOTIC: [8] Undefined index: children D:\wamp\www\lianxi\xiangmu\shop04_xiangmu4\Application\Runtime\Cache\Home\2a94b8bda04ff446dcedd42276fc99ee.php 第 150 行.
NOTIC: [2] Invalid argument supplied for foreach() D:\wamp\www\lianxi\xiangmu\shop04_xiangmu4\Application\Runtime\Cache\Home\2a94b8bda04ff446dcedd42276fc99ee.php 第 150 行.
NOTIC: [8] Undefined index: children D:\wamp\www\lianxi\xiangmu\shop04_xiangmu4\Application\Runtime\Cache\Home\2a94b8bda04ff446dcedd42276fc99ee.php 第 150 行.
NOTIC: [2] Invalid argument supplied for foreach() D:\wamp\www\lianxi\xiangmu\shop04_xiangmu4\Application\Runtime\Cache\Home\2a94b8bda04ff446dcedd42276fc99ee.php 第 150 行.
NOTIC: [8] Undefined index: children D:\wamp\www\lianxi\xiangmu\shop04_xiangmu4\Application\Runtime\Cache\Home\2a94b8bda04ff446dcedd42276fc99ee.php 第 150 行.
NOTIC: [2] Invalid argument supplied for foreach() D:\wamp\www\lianxi\xiangmu\shop04_xiangmu4\Application\Runtime\Cache\Home\2a94b8bda04ff446dcedd42276fc99ee.php 第 150 行.
NOTIC: [8] Undefined index: children D:\wamp\www\lianxi\xiangmu\shop04_xiangmu4\Application\Runtime\Cache\Home\2a94b8bda04ff446dcedd42276fc99ee.php 第 150 行.
NOTIC: [2] Invalid argument supplied for foreach() D:\wamp\www\lianxi\xiangmu\shop04_xiangmu4\Application\Runtime\Cache\Home\2a94b8bda04ff446dcedd42276fc99ee.php 第 150 行.
NOTIC: [8] Undefined index: children D:\wamp\www\lianxi\xiangmu\shop04_xiangmu4\Application\Runtime\Cache\Home\2a94b8bda04ff446dcedd42276fc99ee.php 第 150 行.
NOTIC: [2] Invalid argument supplied for foreach() D:\wamp\www\lianxi\xiangmu\shop04_xiangmu4\Application\Runtime\Cache\Home\2a94b8bda04ff446dcedd42276fc99ee.php 第 150 行.
NOTIC: [8] Undefined index: children D:\wamp\www\lianxi\xiangmu\shop04_xiangmu4\Application\Runtime\Cache\Home\2a94b8bda04ff446dcedd42276fc99ee.php 第 150 行.
NOTIC: [2] Invalid argument supplied for foreach() D:\wamp\www\lianxi\xiangmu\shop04_xiangmu4\Application\Runtime\Cache\Home\2a94b8bda04ff446dcedd42276fc99ee.php 第 150 行.
NOTIC: [8] Undefined index: children D:\wamp\www\lianxi\xiangmu\shop04_xiangmu4\Application\Runtime\Cache\Home\2a94b8bda04ff446dcedd42276fc99ee.php 第 150 行.
NOTIC: [2] Invalid argument supplied for foreach() D:\wamp\www\lianxi\xiangmu\shop04_xiangmu4\Application\Runtime\Cache\Home\2a94b8bda04ff446dcedd42276fc99ee.php 第 150 行.
NOTIC: [8] Undefined index: children D:\wamp\www\lianxi\xiangmu\shop04_xiangmu4\Application\Runtime\Cache\Home\2a94b8bda04ff446dcedd42276fc99ee.php 第 150 行.
NOTIC: [2] Invalid argument supplied for foreach() D:\wamp\www\lianxi\xiangmu\shop04_xiangmu4\Application\Runtime\Cache\Home\2a94b8bda04ff446dcedd42276fc99ee.php 第 150 行.
NOTIC: [8] Undefined index: children D:\wamp\www\lianxi\xiangmu\shop04_xiangmu4\Application\Runtime\Cache\Home\2a94b8bda04ff446dcedd42276fc99ee.php 第 150 行.
NOTIC: [2] Invalid argument supplied for foreach() D:\wamp\www\lianxi\xiangmu\shop04_xiangmu4\Application\Runtime\Cache\Home\2a94b8bda04ff446dcedd42276fc99ee.php 第 150 行.
NOTIC: [8] Undefined index: children D:\wamp\www\lianxi\xiangmu\shop04_xiangmu4\Application\Runtime\Cache\Home\2a94b8bda04ff446dcedd42276fc99ee.php 第 150 行.
NOTIC: [2] Invalid argument supplied for foreach() D:\wamp\www\lianxi\xiangmu\shop04_xiangmu4\Application\Runtime\Cache\Home\2a94b8bda04ff446dcedd42276fc99ee.php 第 150 行.
NOTIC: [8] Undefined index: children D:\wamp\www\lianxi\xiangmu\shop04_xiangmu4\Application\Runtime\Cache\Home\2a94b8bda04ff446dcedd42276fc99ee.php 第 150 行.
NOTIC: [2] Invalid argument supplied for foreach() D:\wamp\www\lianxi\xiangmu\shop04_xiangmu4\Application\Runtime\Cache\Home\2a94b8bda04ff446dcedd42276fc99ee.php 第 150 行.
NOTIC: [8] Undefined index: children D:\wamp\www\lianxi\xiangmu\shop04_xiangmu4\Application\Runtime\Cache\Home\2a94b8bda04ff446dcedd42276fc99ee.php 第 150 行.
NOTIC: [2] Invalid argument supplied for foreach() D:\wamp\www\lianxi\xiangmu\shop04_xiangmu4\Application\Runtime\Cache\Home\2a94b8bda04ff446dcedd42276fc99ee.php 第 150 行.
NOTIC: [2] Invalid argument supplied for foreach() D:\wamp\www\lianxi\xiangmu\shop04_xiangmu4\Application\Runtime\Cache\Home\2a94b8bda04ff446dcedd42276fc99ee.php 第 501 行.
NOTIC: [2] Invalid argument supplied for foreach() D:\wamp\www\lianxi\xiangmu\shop04_xiangmu4\Application\Runtime\Cache\Home\2a94b8bda04ff446dcedd42276fc99ee.php 第 506 行.
INFO: Run Behavior\ParseTemplateBehavior [ RunTime:0.204523s ]
INFO: [ view_parse ] --END-- [ RunTime:0.204924s ]
INFO: [ view_filter ] --START--
INFO: Run Behavior\WriteHtmlCacheBehavior [ RunTime:0.009437s ]
INFO: [ view_filter ] --END-- [ RunTime:0.009827s ]
INFO: [ app_end ] --START--
INFO: Run Behavior\ShowPageTraceBehavior [ RunTime:0.003430s ]
INFO: [ app_end ] --END-- [ RunTime:0.003856s ]

[ 2017-05-22T17:28:48+08:00 ] 127.0.0.1 /index.php/Home/Member/ajaxChkLogin.html
INFO: [ app_init ] --START--
INFO: Run Behavior\BuildLiteBehavior [ RunTime:0.000092s ]
INFO: [ app_init ] --END-- [ RunTime:0.001704s ]
INFO: [ app_begin ] --START--
INFO: Run Behavior\ReadHtmlCacheBehavior [ RunTime:0.002337s ]
INFO: [ app_begin ] --END-- [ RunTime:0.002726s ]
INFO: [ app_end ] --START--
INFO: Run Behavior\ShowPageTraceBehavior [ RunTime:0.002566s ]
INFO: [ app_end ] --END-- [ RunTime:0.003056s ]

[ 2017-05-22T17:28:56+08:00 ] 127.0.0.1 /index.php/Home/Index/goods/id/4.html
INFO: [ app_init ] --START--
INFO: Run Behavior\BuildLiteBehavior [ RunTime:0.000188s ]
INFO: [ app_init ] --END-- [ RunTime:0.002674s ]
INFO: [ app_begin ] --START--
INFO: Run Behavior\ReadHtmlCacheBehavior [ RunTime:0.003981s ]
INFO: [ app_begin ] --END-- [ RunTime:0.004437s ]
SQL: DESCRIBE shop_category [ RunTime:0.023378s ]
SQL: SELECT * FROM `shop_category`  [ RunTime:0.001245s ]
SQL: DESCRIBE shop_goods [ RunTime:0.022396s ]
SQL: SELECT * FROM `shop_goods` WHERE ( `id` = 4 ) LIMIT 1   [ RunTime:0.002080s ]
SQL: SELECT `id`,`cat_name`,`parent_id` FROM `shop_category` WHERE ( `id` = 16 ) LIMIT 1   [ RunTime:0.001918s ]
SQL: SELECT `id`,`cat_name`,`parent_id` FROM `shop_category` WHERE ( `id` = 1 ) LIMIT 1   [ RunTime:0.001873s ]
SQL: DESCRIBE shop_goods_pic [ RunTime:0.022927s ]
SQL: SELECT * FROM `shop_goods_pic` WHERE ( `goods_id` = '4' )  [ RunTime:0.003451s ]
SQL: DESCRIBE shop_goods_attr [ RunTime:0.028336s ]
SQL: SELECT a.*,b.attr_name,b.attr_type FROM shop_goods_attr a LEFT JOIN shop_attribute b ON b.id=a.attr_id  WHERE ( a.goods_id = '4' )  [ RunTime:0.002743s ]
SQL: DESCRIBE shop_membrer_price [ RunTime:0.021690s ]
SQL: SELECT a.price,b.level_name FROM shop_membrer_price a LEFT JOIN shop_member_level b ON b.id=a.level_id  WHERE ( a.goods_id = '4' )  [ RunTime:0.004804s ]
INFO: [ view_parse ] --START--
INFO: [ template_filter ] --START--
INFO: Run Behavior\ContentReplaceBehavior [ RunTime:0.001218s ]
INFO: [ template_filter ] --END-- [ RunTime:0.001688s ]
NOTIC: [8] Undefined index: children D:\wamp\www\lianxi\xiangmu\shop04_xiangmu4\Application\Runtime\Cache\Home\862a52d698112494831f0f0bc6d3727d.php 第 154 行.
NOTIC: [2] Invalid argument supplied for foreach() D:\wamp\www\lianxi\xiangmu\shop04_xiangmu4\Application\Runtime\Cache\Home\862a52d698112494831f0f0bc6d3727d.php 第 154 行.
NOTIC: [8] Undefined index: children D:\wamp\www\lianxi\xiangmu\shop04_xiangmu4\Application\Runtime\Cache\Home\862a52d698112494831f0f0bc6d3727d.php 第 154 行.
NOTIC: [2] Invalid argument supplied for foreach() D:\wamp\www\lianxi\xiangmu\shop04_xiangmu4\Application\Runtime\Cache\Home\862a52d698112494831f0f0bc6d3727d.php 第 154 行.
NOTIC: [8] Undefined index: children D:\wamp\www\lianxi\xiangmu\shop04_xiangmu4\Application\Runtime\Cache\Home\862a52d698112494831f0f0bc6d3727d.php 第 154 行.
NOTIC: [2] Invalid argument supplied for foreach() D:\wamp\www\lianxi\xiangmu\shop04_xiangmu4\Application\Runtime\Cache\Home\862a52d698112494831f0f0bc6d3727d.php 第 154 行.
NOTIC: [8] Undefined index: children D:\wamp\www\lianxi\xiangmu\shop04_xiangmu4\Application\Runtime\Cache\Home\862a52d698112494831f0f0bc6d3727d.php 第 154 行.
NOTIC: [2] Invalid argument supplied for foreach() D:\wamp\www\lianxi\xiangmu\shop04_xiangmu4\Application\Runtime\Cache\Home\862a52d698112494831f0f0bc6d3727d.php 第 154 行.
NOTIC: [8] Undefined index: children D:\wamp\www\lianxi\xiangmu\shop04_xiangmu4\Application\Runtime\Cache\Home\862a52d698112494831f0f0bc6d3727d.php 第 150 行.
NOTIC: [2] Invalid argument supplied for foreach() D:\wamp\www\lianxi\xiangmu\shop04_xiangmu4\Application\Runtime\Cache\Home\862a52d698112494831f0f0bc6d3727d.php 第 150 行.
NOTIC: [8] Undefined index: children D:\wamp\www\lianxi\xiangmu\shop04_xiangmu4\Application\Runtime\Cache\Home\862a52d698112494831f0f0bc6d3727d.php 第 150 行.
NOTIC: [2] Invalid argument supplied for foreach() D:\wamp\www\lianxi\xiangmu\shop04_xiangmu4\Application\Runtime\Cache\Home\862a52d698112494831f0f0bc6d3727d.php 第 150 行.
NOTIC: [8] Undefined index: children D:\wamp\www\lianxi\xiangmu\shop04_xiangmu4\Application\Runtime\Cache\Home\862a52d698112494831f0f0bc6d3727d.php 第 150 行.
NOTIC: [2] Invalid argument supplied for foreach() D:\wamp\www\lianxi\xiangmu\shop04_xiangmu4\Application\Runtime\Cache\Home\862a52d698112494831f0f0bc6d3727d.php 第 150 行.
NOTIC: [8] Undefined index: children D:\wamp\www\lianxi\xiangmu\shop04_xiangmu4\Application\Runtime\Cache\Home\862a52d698112494831f0f0bc6d3727d.php 第 150 行.
NOTIC: [2] Invalid argument supplied for foreach() D:\wamp\www\lianxi\xiangmu\shop04_xiangmu4\Application\Runtime\Cache\Home\862a52d698112494831f0f0bc6d3727d.php 第 150 行.
NOTIC: [8] Undefined index: children D:\wamp\www\lianxi\xiangmu\shop04_xiangmu4\Application\Runtime\Cache\Home\862a52d698112494831f0f0bc6d3727d.php 第 150 行.
NOTIC: [2] Invalid argument supplied for foreach() D:\wamp\www\lianxi\xiangmu\shop04_xiangmu4\Application\Runtime\Cache\Home\862a52d698112494831f0f0bc6d3727d.php 第 150 行.
NOTIC: [8] Undefined index: children D:\wamp\www\lianxi\xiangmu\shop04_xiangmu4\Application\Runtime\Cache\Home\862a52d698112494831f0f0bc6d3727d.php 第 150 行.
NOTIC: [2] Invalid argument supplied for foreach() D:\wamp\www\lianxi\xiangmu\shop04_xiangmu4\Application\Runtime\Cache\Home\862a52d698112494831f0f0bc6d3727d.php 第 150 行.
NOTIC: [8] Undefined index: children D:\wamp\www\lianxi\xiangmu\shop04_xiangmu4\Application\Runtime\Cache\Home\862a52d698112494831f0f0bc6d3727d.php 第 150 行.
NOTIC: [2] Invalid argument supplied for foreach() D:\wamp\www\lianxi\xiangmu\shop04_xiangmu4\Application\Runtime\Cache\Home\862a52d698112494831f0f0bc6d3727d.php 第 150 行.
NOTIC: [8] Undefined index: children D:\wamp\www\lianxi\xiangmu\shop04_xiangmu4\Application\Runtime\Cache\Home\862a52d698112494831f0f0bc6d3727d.php 第 150 行.
NOTIC: [2] Invalid argument supplied for foreach() D:\wamp\www\lianxi\xiangmu\shop04_xiangmu4\Application\Runtime\Cache\Home\862a52d698112494831f0f0bc6d3727d.php 第 150 行.
NOTIC: [8] Undefined index: children D:\wamp\www\lianxi\xiangmu\shop04_xiangmu4\Application\Runtime\Cache\Home\862a52d698112494831f0f0bc6d3727d.php 第 150 行.
NOTIC: [2] Invalid argument supplied for foreach() D:\wamp\www\lianxi\xiangmu\shop04_xiangmu4\Application\Runtime\Cache\Home\862a52d698112494831f0f0bc6d3727d.php 第 150 行.
NOTIC: [8] Undefined index: children D:\wamp\www\lianxi\xiangmu\shop04_xiangmu4\Application\Runtime\Cache\Home\862a52d698112494831f0f0bc6d3727d.php 第 150 行.
NOTIC: [2] Invalid argument supplied for foreach() D:\wamp\www\lianxi\xiangmu\shop04_xiangmu4\Application\Runtime\Cache\Home\862a52d698112494831f0f0bc6d3727d.php 第 150 行.
NOTIC: [8] Undefined index: children D:\wamp\www\lianxi\xiangmu\shop04_xiangmu4\Application\Runtime\Cache\Home\862a52d698112494831f0f0bc6d3727d.php 第 150 行.
NOTIC: [2] Invalid argument supplied for foreach() D:\wamp\www\lianxi\xiangmu\shop04_xiangmu4\Application\Runtime\Cache\Home\862a52d698112494831f0f0bc6d3727d.php 第 150 行.
NOTIC: [8] Undefined index: children D:\wamp\www\lianxi\xiangmu\shop04_xiangmu4\Application\Runtime\Cache\Home\862a52d698112494831f0f0bc6d3727d.php 第 150 行.
NOTIC: [2] Invalid argument supplied for foreach() D:\wamp\www\lianxi\xiangmu\shop04_xiangmu4\Application\Runtime\Cache\Home\862a52d698112494831f0f0bc6d3727d.php 第 150 行.
INFO: Run Behavior\ParseTemplateBehavior [ RunTime:0.156115s ]
INFO: [ view_parse ] --END-- [ RunTime:0.156597s ]
INFO: [ view_filter ] --START--
INFO: Run Behavior\WriteHtmlCacheBehavior [ RunTime:0.001821s ]
INFO: [ view_filter ] --END-- [ RunTime:0.002206s ]
INFO: [ app_end ] --START--
INFO: Run Behavior\ShowPageTraceBehavior [ RunTime:0.002005s ]
INFO: [ app_end ] --END-- [ RunTime:0.002366s ]

[ 2017-05-22T17:28:57+08:00 ] 127.0.0.1 /index.php/Home/Index/ajaxGetMemberPrice/goods_id/4.html
INFO: [ app_init ] --START--
INFO: Run Behavior\BuildLiteBehavior [ RunTime:0.000091s ]
INFO: [ app_init ] --END-- [ RunTime:0.001982s ]
INFO: [ app_begin ] --START--
INFO: Run Behavior\ReadHtmlCacheBehavior [ RunTime:0.002028s ]
INFO: [ app_begin ] --END-- [ RunTime:0.002450s ]
SQL: DESCRIBE shop_category [ RunTime:0.019508s ]
SQL: SELECT * FROM `shop_category`  [ RunTime:0.001556s ]
SQL: DESCRIBE shop_goods [ RunTime:0.025703s ]
SQL: SELECT `promote_price` FROM `shop_goods` WHERE ( `id` = 4 ) LIMIT 1   [ RunTime:0.001335s ]
SQL: SELECT `shop_price` FROM `shop_goods` WHERE ( `id` = 4 ) LIMIT 1   [ RunTime:0.001618s ]
INFO: [ app_end ] --START--
INFO: Run Behavior\ShowPageTraceBehavior [ RunTime:0.002362s ]
INFO: [ app_end ] --END-- [ RunTime:0.002728s ]

[ 2017-05-22T17:28:57+08:00 ] 127.0.0.1 /index.php/Home/Index/displayHistory/id/4.html
INFO: [ app_init ] --START--
INFO: Run Behavior\BuildLiteBehavior [ RunTime:0.000083s ]
INFO: [ app_init ] --END-- [ RunTime:0.001895s ]
INFO: [ app_begin ] --START--
INFO: Run Behavior\ReadHtmlCacheBehavior [ RunTime:0.003227s ]
INFO: [ app_begin ] --END-- [ RunTime:0.003623s ]
SQL: DESCRIBE shop_category [ RunTime:0.021678s ]
SQL: SELECT * FROM `shop_category`  [ RunTime:0.005795s ]
SQL: DESCRIBE shop_goods [ RunTime:0.037321s ]
SQL: SELECT * FROM `shop_goods` WHERE ( `is_on_sale` = '是' ) AND ( `id` IN ('4') )  [ RunTime:0.003051s ]
INFO: [ app_end ] --START--
INFO: Run Behavior\ShowPageTraceBehavior [ RunTime:0.003211s ]
INFO: [ app_end ] --END-- [ RunTime:0.003589s ]

[ 2017-05-22T17:28:57+08:00 ] 127.0.0.1 /index.php/Home/Member/chkcode.html
INFO: [ app_init ] --START--
INFO: Run Behavior\BuildLiteBehavior [ RunTime:0.000093s ]
INFO: [ app_init ] --END-- [ RunTime:0.003622s ]
INFO: [ app_begin ] --START--
INFO: Run Behavior\ReadHtmlCacheBehavior [ RunTime:0.003762s ]
INFO: [ app_begin ] --END-- [ RunTime:0.004262s ]
INFO: [ app_end ] --START--
INFO: Run Behavior\ShowPageTraceBehavior [ RunTime:0.003305s ]
INFO: [ app_end ] --END-- [ RunTime:0.003801s ]

[ 2017-05-22T17:28:57+08:00 ] 127.0.0.1 /index.php/Home/Comment/ajaxGetComment/id/4/p/%201
INFO: [ app_init ] --START--
INFO: Run Behavior\BuildLiteBehavior [ RunTime:0.000087s ]
INFO: [ app_init ] --END-- [ RunTime:0.001661s ]
INFO: [ app_begin ] --START--
INFO: Run Behavior\ReadHtmlCacheBehavior [ RunTime:0.005161s ]
INFO: [ app_begin ] --END-- [ RunTime:0.005814s ]
SQL: DESCRIBE shop_comment [ RunTime:0.021190s ]
SQL: SELECT COUNT(*) AS tp_count FROM shop_comment a WHERE ( a.goods_id = '4' ) LIMIT 1   [ RunTime:0.001445s ]
SQL: SELECT a.star FROM shop_comment a WHERE ( a.goods_id = '4' )  [ RunTime:0.001636s ]
NOTIC: D方法实例化没找到模型类Admin\Model\YinxiangModel
SQL: DESCRIBE shop_yinxiang [ RunTime:0.019893s ]
SQL: SELECT * FROM `shop_yinxiang` WHERE ( `goods_id` = '4' )  [ RunTime:0.001967s ]
SQL: SELECT a.id,a.content,a.star,a.click_count,a.addtime,b.user_name,b.face,count(c.id) reply_count FROM shop_comment a LEFT JOIN shop_member b ON b.id=a.member_id
                        LEFT JOIN shop_comment_reply c ON c.comment_id=a.id  WHERE ( a.goods_id = '4' ) GROUP BY a.id ORDER BY a.id desc LIMIT 0, 3   [ RunTime:0.002888s ]
SQL: DESCRIBE shop_comment_reply [ RunTime:0.020760s ]
SQL: SELECT a.content,a.addtime,b.user_name,b.face FROM shop_comment_reply a LEFT JOIN shop_member b ON b.id=a.member_id  WHERE ( a.comment_id = 47 ) ORDER BY a.id desc  [ RunTime:0.002228s ]
SQL: SELECT a.content,a.addtime,b.user_name,b.face FROM shop_comment_reply a LEFT JOIN shop_member b ON b.id=a.member_id  WHERE ( a.comment_id = 46 ) ORDER BY a.id desc  [ RunTime:0.002058s ]
SQL: SELECT a.content,a.addtime,b.user_name,b.face FROM shop_comment_reply a LEFT JOIN shop_member b ON b.id=a.member_id  WHERE ( a.comment_id = 45 ) ORDER BY a.id desc  [ RunTime:0.002180s ]
INFO: [ app_end ] --START--
INFO: Run Behavior\ShowPageTraceBehavior [ RunTime:0.002560s ]
INFO: [ app_end ] --END-- [ RunTime:0.003001s ]

[ 2017-05-22T17:28:58+08:00 ] 127.0.0.1 /index.php/Home/Member/ajaxChkLogin.html
INFO: [ app_init ] --START--
INFO: Run Behavior\BuildLiteBehavior [ RunTime:0.000089s ]
INFO: [ app_init ] --END-- [ RunTime:0.002493s ]
INFO: [ app_begin ] --START--
INFO: Run Behavior\ReadHtmlCacheBehavior [ RunTime:0.003064s ]
INFO: [ app_begin ] --END-- [ RunTime:0.003473s ]
INFO: [ app_end ] --START--
INFO: Run Behavior\ShowPageTraceBehavior [ RunTime:0.003128s ]
INFO: [ app_end ] --END-- [ RunTime:0.003615s ]

[ 2017-05-22T17:45:12+08:00 ] 127.0.0.1 /index.php/Home/Index/goods/id/4.html
INFO: [ app_init ] --START--
INFO: Run Behavior\BuildLiteBehavior [ RunTime:0.000081s ]
INFO: [ app_init ] --END-- [ RunTime:0.001728s ]
INFO: [ app_begin ] --START--
INFO: Run Behavior\ReadHtmlCacheBehavior [ RunTime:0.003042s ]
INFO: [ app_begin ] --END-- [ RunTime:0.003516s ]
SQL: DESCRIBE shop_category [ RunTime:0.018157s ]
SQL: SELECT * FROM `shop_category`  [ RunTime:0.001625s ]
SQL: DESCRIBE shop_goods [ RunTime:0.019866s ]
SQL: SELECT * FROM `shop_goods` WHERE ( `id` = 4 ) LIMIT 1   [ RunTime:0.001614s ]
SQL: SELECT `id`,`cat_name`,`parent_id` FROM `shop_category` WHERE ( `id` = 16 ) LIMIT 1   [ RunTime:0.001021s ]
SQL: SELECT `id`,`cat_name`,`parent_id` FROM `shop_category` WHERE ( `id` = 1 ) LIMIT 1   [ RunTime:0.001365s ]
SQL: DESCRIBE shop_goods_pic [ RunTime:0.018422s ]
SQL: SELECT * FROM `shop_goods_pic` WHERE ( `goods_id` = '4' )  [ RunTime:0.001296s ]
SQL: DESCRIBE shop_goods_attr [ RunTime:0.018319s ]
SQL: SELECT a.*,b.attr_name,b.attr_type FROM shop_goods_attr a LEFT JOIN shop_attribute b ON b.id=a.attr_id  WHERE ( a.goods_id = '4' )  [ RunTime:0.001835s ]
SQL: DESCRIBE shop_membrer_price [ RunTime:0.018675s ]
SQL: SELECT a.price,b.level_name FROM shop_membrer_price a LEFT JOIN shop_member_level b ON b.id=a.level_id  WHERE ( a.goods_id = '4' )  [ RunTime:0.001431s ]
INFO: [ view_parse ] --START--
INFO: [ template_filter ] --START--
INFO: Run Behavior\ContentReplaceBehavior [ RunTime:0.001078s ]
INFO: [ template_filter ] --END-- [ RunTime:0.001592s ]
NOTIC: [8] Undefined index: children D:\wamp\www\lianxi\xiangmu\shop04_xiangmu4\Application\Runtime\Cache\Home\862a52d698112494831f0f0bc6d3727d.php 第 154 行.
NOTIC: [2] Invalid argument supplied for foreach() D:\wamp\www\lianxi\xiangmu\shop04_xiangmu4\Application\Runtime\Cache\Home\862a52d698112494831f0f0bc6d3727d.php 第 154 行.
NOTIC: [8] Undefined index: children D:\wamp\www\lianxi\xiangmu\shop04_xiangmu4\Application\Runtime\Cache\Home\862a52d698112494831f0f0bc6d3727d.php 第 154 行.
NOTIC: [2] Invalid argument supplied for foreach() D:\wamp\www\lianxi\xiangmu\shop04_xiangmu4\Application\Runtime\Cache\Home\862a52d698112494831f0f0bc6d3727d.php 第 154 行.
NOTIC: [8] Undefined index: children D:\wamp\www\lianxi\xiangmu\shop04_xiangmu4\Application\Runtime\Cache\Home\862a52d698112494831f0f0bc6d3727d.php 第 154 行.
NOTIC: [2] Invalid argument supplied for foreach() D:\wamp\www\lianxi\xiangmu\shop04_xiangmu4\Application\Runtime\Cache\Home\862a52d698112494831f0f0bc6d3727d.php 第 154 行.
NOTIC: [8] Undefined index: children D:\wamp\www\lianxi\xiangmu\shop04_xiangmu4\Application\Runtime\Cache\Home\862a52d698112494831f0f0bc6d3727d.php 第 154 行.
NOTIC: [2] Invalid argument supplied for foreach() D:\wamp\www\lianxi\xiangmu\shop04_xiangmu4\Application\Runtime\Cache\Home\862a52d698112494831f0f0bc6d3727d.php 第 154 行.
NOTIC: [8] Undefined index: children D:\wamp\www\lianxi\xiangmu\shop04_xiangmu4\Application\Runtime\Cache\Home\862a52d698112494831f0f0bc6d3727d.php 第 150 行.
NOTIC: [2] Invalid argument supplied for foreach() D:\wamp\www\lianxi\xiangmu\shop04_xiangmu4\Application\Runtime\Cache\Home\862a52d698112494831f0f0bc6d3727d.php 第 150 行.
NOTIC: [8] Undefined index: children D:\wamp\www\lianxi\xiangmu\shop04_xiangmu4\Application\Runtime\Cache\Home\862a52d698112494831f0f0bc6d3727d.php 第 150 行.
NOTIC: [2] Invalid argument supplied for foreach() D:\wamp\www\lianxi\xiangmu\shop04_xiangmu4\Application\Runtime\Cache\Home\862a52d698112494831f0f0bc6d3727d.php 第 150 行.
NOTIC: [8] Undefined index: children D:\wamp\www\lianxi\xiangmu\shop04_xiangmu4\Application\Runtime\Cache\Home\862a52d698112494831f0f0bc6d3727d.php 第 150 行.
NOTIC: [2] Invalid argument supplied for foreach() D:\wamp\www\lianxi\xiangmu\shop04_xiangmu4\Application\Runtime\Cache\Home\862a52d698112494831f0f0bc6d3727d.php 第 150 行.
NOTIC: [8] Undefined index: children D:\wamp\www\lianxi\xiangmu\shop04_xiangmu4\Application\Runtime\Cache\Home\862a52d698112494831f0f0bc6d3727d.php 第 150 行.
NOTIC: [2] Invalid argument supplied for foreach() D:\wamp\www\lianxi\xiangmu\shop04_xiangmu4\Application\Runtime\Cache\Home\862a52d698112494831f0f0bc6d3727d.php 第 150 行.
NOTIC: [8] Undefined index: children D:\wamp\www\lianxi\xiangmu\shop04_xiangmu4\Application\Runtime\Cache\Home\862a52d698112494831f0f0bc6d3727d.php 第 150 行.
NOTIC: [2] Invalid argument supplied for foreach() D:\wamp\www\lianxi\xiangmu\shop04_xiangmu4\Application\Runtime\Cache\Home\862a52d698112494831f0f0bc6d3727d.php 第 150 行.
NOTIC: [8] Undefined index: children D:\wamp\www\lianxi\xiangmu\shop04_xiangmu4\Application\Runtime\Cache\Home\862a52d698112494831f0f0bc6d3727d.php 第 150 行.
NOTIC: [2] Invalid argument supplied for foreach() D:\wamp\www\lianxi\xiangmu\shop04_xiangmu4\Application\Runtime\Cache\Home\862a52d698112494831f0f0bc6d3727d.php 第 150 行.
NOTIC: [8] Undefined index: children D:\wamp\www\lianxi\xiangmu\shop04_xiangmu4\Application\Runtime\Cache\Home\862a52d698112494831f0f0bc6d3727d.php 第 150 行.
NOTIC: [2] Invalid argument supplied for foreach() D:\wamp\www\lianxi\xiangmu\shop04_xiangmu4\Application\Runtime\Cache\Home\862a52d698112494831f0f0bc6d3727d.php 第 150 行.
NOTIC: [8] Undefined index: children D:\wamp\www\lianxi\xiangmu\shop04_xiangmu4\Application\Runtime\Cache\Home\862a52d698112494831f0f0bc6d3727d.php 第 150 行.
NOTIC: [2] Invalid argument supplied for foreach() D:\wamp\www\lianxi\xiangmu\shop04_xiangmu4\Application\Runtime\Cache\Home\862a52d698112494831f0f0bc6d3727d.php 第 150 行.
NOTIC: [8] Undefined index: children D:\wamp\www\lianxi\xiangmu\shop04_xiangmu4\Application\Runtime\Cache\Home\862a52d698112494831f0f0bc6d3727d.php 第 150 行.
NOTIC: [2] Invalid argument supplied for foreach() D:\wamp\www\lianxi\xiangmu\shop04_xiangmu4\Application\Runtime\Cache\Home\862a52d698112494831f0f0bc6d3727d.php 第 150 行.
NOTIC: [8] Undefined index: children D:\wamp\www\lianxi\xiangmu\shop04_xiangmu4\Application\Runtime\Cache\Home\862a52d698112494831f0f0bc6d3727d.php 第 150 行.
NOTIC: [2] Invalid argument supplied for foreach() D:\wamp\www\lianxi\xiangmu\shop04_xiangmu4\Application\Runtime\Cache\Home\862a52d698112494831f0f0bc6d3727d.php 第 150 行.
NOTIC: [8] Undefined index: children D:\wamp\www\lianxi\xiangmu\shop04_xiangmu4\Application\Runtime\Cache\Home\862a52d698112494831f0f0bc6d3727d.php 第 150 行.
NOTIC: [2] Invalid argument supplied for foreach() D:\wamp\www\lianxi\xiangmu\shop04_xiangmu4\Application\Runtime\Cache\Home\862a52d698112494831f0f0bc6d3727d.php 第 150 行.
NOTIC: [8] Undefined index: children D:\wamp\www\lianxi\xiangmu\shop04_xiangmu4\Application\Runtime\Cache\Home\862a52d698112494831f0f0bc6d3727d.php 第 150 行.
NOTIC: [2] Invalid argument supplied for foreach() D:\wamp\www\lianxi\xiangmu\shop04_xiangmu4\Application\Runtime\Cache\Home\862a52d698112494831f0f0bc6d3727d.php 第 150 行.
INFO: Run Behavior\ParseTemplateBehavior [ RunTime:0.128835s ]
INFO: [ view_parse ] --END-- [ RunTime:0.129319s ]
INFO: [ view_filter ] --START--
INFO: Run Behavior\WriteHtmlCacheBehavior [ RunTime:0.009862s ]
INFO: [ view_filter ] --END-- [ RunTime:0.010299s ]
INFO: [ app_end ] --START--
INFO: Run Behavior\ShowPageTraceBehavior [ RunTime:0.004295s ]
INFO: [ app_end ] --END-- [ RunTime:0.005414s ]

[ 2017-05-22T17:45:13+08:00 ] 127.0.0.1 /index.php/Home/Member/chkcode.html
INFO: [ app_init ] --START--
INFO: Run Behavior\BuildLiteBehavior [ RunTime:0.000108s ]
INFO: [ app_init ] --END-- [ RunTime:0.020956s ]
INFO: [ app_begin ] --START--
INFO: Run Behavior\ReadHtmlCacheBehavior [ RunTime:0.002647s ]
INFO: [ app_begin ] --END-- [ RunTime:0.003105s ]
INFO: [ app_end ] --START--
INFO: Run Behavior\ShowPageTraceBehavior [ RunTime:0.003492s ]
INFO: [ app_end ] --END-- [ RunTime:0.003954s ]

[ 2017-05-22T17:45:13+08:00 ] 127.0.0.1 /index.php/Home/Index/displayHistory/id/4.html
INFO: [ app_init ] --START--
INFO: Run Behavior\BuildLiteBehavior [ RunTime:0.000094s ]
INFO: [ app_init ] --END-- [ RunTime:0.002050s ]
INFO: [ app_begin ] --START--
INFO: Run Behavior\ReadHtmlCacheBehavior [ RunTime:0.010123s ]
INFO: [ app_begin ] --END-- [ RunTime:0.010528s ]
SQL: DESCRIBE shop_category [ RunTime:0.019862s ]
SQL: SELECT * FROM `shop_category`  [ RunTime:0.001569s ]
SQL: DESCRIBE shop_goods [ RunTime:0.024205s ]
SQL: SELECT * FROM `shop_goods` WHERE ( `is_on_sale` = '是' ) AND ( `id` IN ('4','4') )  [ RunTime:0.002628s ]
INFO: [ app_end ] --START--
INFO: Run Behavior\ShowPageTraceBehavior [ RunTime:0.002340s ]
INFO: [ app_end ] --END-- [ RunTime:0.002820s ]

[ 2017-05-22T17:45:13+08:00 ] 127.0.0.1 /index.php/Home/Comment/ajaxGetComment/id/4/p/%201
INFO: [ app_init ] --START--
INFO: Run Behavior\BuildLiteBehavior [ RunTime:0.000091s ]
INFO: [ app_init ] --END-- [ RunTime:0.001548s ]
INFO: [ app_begin ] --START--
INFO: Run Behavior\ReadHtmlCacheBehavior [ RunTime:0.002745s ]
INFO: [ app_begin ] --END-- [ RunTime:0.003140s ]
SQL: DESCRIBE shop_comment [ RunTime:0.025974s ]
SQL: SELECT COUNT(*) AS tp_count FROM shop_comment a WHERE ( a.goods_id = '4' ) LIMIT 1   [ RunTime:0.001563s ]
SQL: SELECT a.star FROM shop_comment a WHERE ( a.goods_id = '4' )  [ RunTime:0.001906s ]
NOTIC: D方法实例化没找到模型类Admin\Model\YinxiangModel
SQL: DESCRIBE shop_yinxiang [ RunTime:0.022030s ]
SQL: SELECT * FROM `shop_yinxiang` WHERE ( `goods_id` = '4' )  [ RunTime:0.001930s ]
SQL: SELECT a.id,a.content,a.star,a.click_count,a.addtime,b.user_name,b.face,count(c.id) reply_count FROM shop_comment a LEFT JOIN shop_member b ON b.id=a.member_id
                        LEFT JOIN shop_comment_reply c ON c.comment_id=a.id  WHERE ( a.goods_id = '4' ) GROUP BY a.id ORDER BY a.id desc LIMIT 0, 3   [ RunTime:0.002687s ]
SQL: DESCRIBE shop_comment_reply [ RunTime:0.022438s ]
SQL: SELECT a.content,a.addtime,b.user_name,b.face FROM shop_comment_reply a LEFT JOIN shop_member b ON b.id=a.member_id  WHERE ( a.comment_id = 47 ) ORDER BY a.id desc  [ RunTime:0.001726s ]
SQL: SELECT a.content,a.addtime,b.user_name,b.face FROM shop_comment_reply a LEFT JOIN shop_member b ON b.id=a.member_id  WHERE ( a.comment_id = 46 ) ORDER BY a.id desc  [ RunTime:0.001634s ]
SQL: SELECT a.content,a.addtime,b.user_name,b.face FROM shop_comment_reply a LEFT JOIN shop_member b ON b.id=a.member_id  WHERE ( a.comment_id = 45 ) ORDER BY a.id desc  [ RunTime:0.001543s ]
INFO: [ app_end ] --START--
INFO: Run Behavior\ShowPageTraceBehavior [ RunTime:0.002367s ]
INFO: [ app_end ] --END-- [ RunTime:0.002741s ]

[ 2017-05-22T17:45:13+08:00 ] 127.0.0.1 /index.php/Home/Index/ajaxGetMemberPrice/goods_id/4.html
INFO: [ app_init ] --START--
INFO: Run Behavior\BuildLiteBehavior [ RunTime:0.000092s ]
INFO: [ app_init ] --END-- [ RunTime:0.002499s ]
INFO: [ app_begin ] --START--
INFO: Run Behavior\ReadHtmlCacheBehavior [ RunTime:0.018262s ]
INFO: [ app_begin ] --END-- [ RunTime:0.018708s ]
SQL: DESCRIBE shop_category [ RunTime:0.021003s ]
SQL: SELECT * FROM `shop_category`  [ RunTime:0.004301s ]
SQL: DESCRIBE shop_goods [ RunTime:0.027542s ]
SQL: SELECT `promote_price` FROM `shop_goods` WHERE ( `id` = 4 ) LIMIT 1   [ RunTime:0.001850s ]
SQL: SELECT `shop_price` FROM `shop_goods` WHERE ( `id` = 4 ) LIMIT 1   [ RunTime:0.001512s ]
INFO: [ app_end ] --START--
INFO: Run Behavior\ShowPageTraceBehavior [ RunTime:0.002542s ]
INFO: [ app_end ] --END-- [ RunTime:0.002940s ]

[ 2017-05-22T17:45:13+08:00 ] 127.0.0.1 /index.php/Home/Member/ajaxChkLogin.html
INFO: [ app_init ] --START--
INFO: Run Behavior\BuildLiteBehavior [ RunTime:0.000126s ]
INFO: [ app_init ] --END-- [ RunTime:0.004660s ]
INFO: [ app_begin ] --START--
INFO: Run Behavior\ReadHtmlCacheBehavior [ RunTime:0.002417s ]
INFO: [ app_begin ] --END-- [ RunTime:0.002850s ]
INFO: [ app_end ] --START--
INFO: Run Behavior\ShowPageTraceBehavior [ RunTime:0.004297s ]
INFO: [ app_end ] --END-- [ RunTime:0.006746s ]

