[ 2017-05-25T09:06:34+08:00 ] 127.0.0.1 /index.php/Admin/Category/lst
INFO: [ app_init ] --START--
INFO: Run Behavior\BuildLiteBehavior [ RunTime:0.000081s ]
INFO: [ app_init ] --END-- [ RunTime:0.001427s ]
INFO: [ app_begin ] --START--
INFO: Run Behavior\ReadHtmlCacheBehavior [ RunTime:0.001969s ]
INFO: [ app_begin ] --END-- [ RunTime:0.002330s ]
INFO: [ view_parse ] --START--
INFO: [ template_filter ] --START--
INFO: Run Behavior\ContentReplaceBehavior [ RunTime:0.000209s ]
INFO: [ template_filter ] --END-- [ RunTime:0.000601s ]
INFO: Run Behavior\ParseTemplateBehavior [ RunTime:0.056783s ]
INFO: [ view_parse ] --END-- [ RunTime:0.057233s ]
INFO: [ view_filter ] --START--
INFO: Run Behavior\WriteHtmlCacheBehavior [ RunTime:0.001281s ]
INFO: [ view_filter ] --END-- [ RunTime:0.001633s ]

[ 2017-05-25T09:06:36+08:00 ] 127.0.0.1 /index.php/Admin/Login/login.html
INFO: [ app_init ] --START--
INFO: Run Behavior\BuildLiteBehavior [ RunTime:0.000091s ]
INFO: [ app_init ] --END-- [ RunTime:0.001714s ]
INFO: [ app_begin ] --START--
INFO: Run Behavior\ReadHtmlCacheBehavior [ RunTime:0.002049s ]
INFO: [ app_begin ] --END-- [ RunTime:0.002487s ]
INFO: [ view_parse ] --START--
INFO: [ template_filter ] --START--
INFO: Run Behavior\ContentReplaceBehavior [ RunTime:0.000290s ]
INFO: [ template_filter ] --END-- [ RunTime:0.002464s ]
INFO: Run Behavior\ParseTemplateBehavior [ RunTime:0.043459s ]
INFO: [ view_parse ] --END-- [ RunTime:0.043902s ]
INFO: [ view_filter ] --START--
INFO: Run Behavior\WriteHtmlCacheBehavior [ RunTime:0.001745s ]
INFO: [ view_filter ] --END-- [ RunTime:0.002149s ]
INFO: [ app_end ] --START--
INFO: Run Behavior\ShowPageTraceBehavior [ RunTime:0.003700s ]
INFO: [ app_end ] --END-- [ RunTime:0.004120s ]

[ 2017-05-25T09:06:37+08:00 ] 127.0.0.1 /index.php/Admin/Login/checkCode.html
INFO: [ app_init ] --START--
INFO: Run Behavior\BuildLiteBehavior [ RunTime:0.000096s ]
INFO: [ app_init ] --END-- [ RunTime:0.005711s ]
INFO: [ app_begin ] --START--
INFO: Run Behavior\ReadHtmlCacheBehavior [ RunTime:0.002421s ]
INFO: [ app_begin ] --END-- [ RunTime:0.003625s ]
INFO: [ app_end ] --START--
INFO: Run Behavior\ShowPageTraceBehavior [ RunTime:0.029864s ]
INFO: [ app_end ] --END-- [ RunTime:0.030409s ]

[ 2017-05-25T09:06:55+08:00 ] 127.0.0.1 /index.php/Admin/Login/login.html
INFO: [ app_init ] --START--
INFO: Run Behavior\BuildLiteBehavior [ RunTime:0.001222s ]
INFO: [ app_init ] --END-- [ RunTime:0.003291s ]
INFO: [ app_begin ] --START--
INFO: Run Behavior\ReadHtmlCacheBehavior [ RunTime:0.002157s ]
INFO: [ app_begin ] --END-- [ RunTime:0.002779s ]
SQL: DESCRIBE shop_admin [ RunTime:0.192159s ]
NOTIC: [8] Undefined variable: _login_validate D:\wamp\www\lianxi\xiangmu\shop04_xiangmu4\Application\Admin\Controller\LoginController.class.php 第 29 行.
SQL: SELECT * FROM `shop_admin` WHERE ( `user_name` = '张三' ) LIMIT 1   [ RunTime:0.001388s ]
INFO: [ view_parse ] --START--
INFO: [ template_filter ] --START--
INFO: Run Behavior\ContentReplaceBehavior [ RunTime:0.000226s ]
INFO: [ template_filter ] --END-- [ RunTime:0.000630s ]
INFO: Run Behavior\ParseTemplateBehavior [ RunTime:0.044941s ]
INFO: [ view_parse ] --END-- [ RunTime:0.045365s ]
INFO: [ view_filter ] --START--
INFO: Run Behavior\WriteHtmlCacheBehavior [ RunTime:0.001372s ]
INFO: [ view_filter ] --END-- [ RunTime:0.001723s ]

[ 2017-05-25T09:06:56+08:00 ] 127.0.0.1 /index.php/Admin/Index/index.html
INFO: [ app_init ] --START--
INFO: Run Behavior\BuildLiteBehavior [ RunTime:0.000091s ]
INFO: [ app_init ] --END-- [ RunTime:0.001577s ]
INFO: [ app_begin ] --START--
INFO: Run Behavior\ReadHtmlCacheBehavior [ RunTime:0.001850s ]
INFO: [ app_begin ] --END-- [ RunTime:0.002268s ]
INFO: [ view_parse ] --START--
INFO: [ template_filter ] --START--
INFO: Run Behavior\ContentReplaceBehavior [ RunTime:0.000210s ]
INFO: [ template_filter ] --END-- [ RunTime:0.000613s ]
INFO: Run Behavior\ParseTemplateBehavior [ RunTime:0.054737s ]
INFO: [ view_parse ] --END-- [ RunTime:0.055242s ]
INFO: [ view_filter ] --START--
INFO: Run Behavior\WriteHtmlCacheBehavior [ RunTime:0.001297s ]
INFO: [ view_filter ] --END-- [ RunTime:0.001640s ]
INFO: [ app_end ] --START--
INFO: Run Behavior\ShowPageTraceBehavior [ RunTime:0.001611s ]
INFO: [ app_end ] --END-- [ RunTime:0.001960s ]

[ 2017-05-25T09:06:56+08:00 ] 127.0.0.1 /index.php/Admin/Index/top.html
INFO: [ app_init ] --START--
INFO: Run Behavior\BuildLiteBehavior [ RunTime:0.000089s ]
INFO: [ app_init ] --END-- [ RunTime:0.001570s ]
INFO: [ app_begin ] --START--
INFO: Run Behavior\ReadHtmlCacheBehavior [ RunTime:0.002542s ]
INFO: [ app_begin ] --END-- [ RunTime:0.003333s ]
INFO: [ view_parse ] --START--
INFO: [ template_filter ] --START--
INFO: Run Behavior\ContentReplaceBehavior [ RunTime:0.000286s ]
INFO: [ template_filter ] --END-- [ RunTime:0.000712s ]
INFO: Run Behavior\ParseTemplateBehavior [ RunTime:0.189545s ]
INFO: [ view_parse ] --END-- [ RunTime:0.190021s ]
INFO: [ view_filter ] --START--
INFO: Run Behavior\WriteHtmlCacheBehavior [ RunTime:0.001501s ]
INFO: [ view_filter ] --END-- [ RunTime:0.001893s ]
INFO: [ app_end ] --START--
INFO: Run Behavior\ShowPageTraceBehavior [ RunTime:0.002570s ]
INFO: [ app_end ] --END-- [ RunTime:0.003035s ]

[ 2017-05-25T09:06:57+08:00 ] 127.0.0.1 /index.php/Admin/Index/main.html
INFO: [ app_init ] --START--
INFO: Run Behavior\BuildLiteBehavior [ RunTime:0.000089s ]
INFO: [ app_init ] --END-- [ RunTime:0.001679s ]
INFO: [ app_begin ] --START--
INFO: Run Behavior\ReadHtmlCacheBehavior [ RunTime:0.001890s ]
INFO: [ app_begin ] --END-- [ RunTime:0.002295s ]
INFO: [ view_parse ] --START--
INFO: [ template_filter ] --START--
INFO: Run Behavior\ContentReplaceBehavior [ RunTime:0.000332s ]
INFO: [ template_filter ] --END-- [ RunTime:0.000905s ]
INFO: Run Behavior\ParseTemplateBehavior [ RunTime:0.028873s ]
INFO: [ view_parse ] --END-- [ RunTime:0.029383s ]
INFO: [ view_filter ] --START--
INFO: Run Behavior\WriteHtmlCacheBehavior [ RunTime:0.001640s ]
INFO: [ view_filter ] --END-- [ RunTime:0.002241s ]
INFO: [ app_end ] --START--
INFO: Run Behavior\ShowPageTraceBehavior [ RunTime:0.002289s ]
INFO: [ app_end ] --END-- [ RunTime:0.002760s ]

[ 2017-05-25T09:06:57+08:00 ] 127.0.0.1 /index.php/Admin/Index/menu.html
INFO: [ app_init ] --START--
INFO: Run Behavior\BuildLiteBehavior [ RunTime:0.000083s ]
INFO: [ app_init ] --END-- [ RunTime:0.001603s ]
INFO: [ app_begin ] --START--
INFO: Run Behavior\ReadHtmlCacheBehavior [ RunTime:0.002300s ]
INFO: [ app_begin ] --END-- [ RunTime:0.002750s ]
SQL: DESCRIBE shop_privilege [ RunTime:0.084402s ]
SQL: DESCRIBE shop_role_admin [ RunTime:0.100886s ]
SQL: SELECT DISTINCT  c.* FROM shop_role_admin a LEFT JOIN shop_role_pri b ON b.role_id=a.role_id LEFT JOIN shop_privilege c ON c.id=b.pri_id  WHERE ( `admin_id` = 1 )  [ RunTime:0.024960s ]
INFO: [ view_parse ] --START--
INFO: [ template_filter ] --START--
INFO: Run Behavior\ContentReplaceBehavior [ RunTime:0.000537s ]
INFO: [ template_filter ] --END-- [ RunTime:0.001053s ]
INFO: Run Behavior\ParseTemplateBehavior [ RunTime:0.072789s ]
INFO: [ view_parse ] --END-- [ RunTime:0.073439s ]
INFO: [ view_filter ] --START--
INFO: Run Behavior\WriteHtmlCacheBehavior [ RunTime:0.001563s ]
INFO: [ view_filter ] --END-- [ RunTime:0.001966s ]
INFO: [ app_end ] --START--
INFO: Run Behavior\ShowPageTraceBehavior [ RunTime:0.003068s ]
INFO: [ app_end ] --END-- [ RunTime:0.003503s ]

[ 2017-05-25T09:06:57+08:00 ] 127.0.0.1 /index.php/Admin/Index/Js/global.js
INFO: [ app_init ] --START--
INFO: Run Behavior\BuildLiteBehavior [ RunTime:0.000087s ]
INFO: [ app_init ] --END-- [ RunTime:0.001601s ]
INFO: [ app_begin ] --START--
INFO: Run Behavior\ReadHtmlCacheBehavior [ RunTime:0.004578s ]
INFO: [ app_begin ] --END-- [ RunTime:0.005026s ]
ERR: 非法操作:Js

[ 2017-05-25T09:06:57+08:00 ] 127.0.0.1 /index.php/Admin/Index/Js/transport.js
INFO: [ app_init ] --START--
INFO: Run Behavior\BuildLiteBehavior [ RunTime:0.000137s ]
INFO: [ app_init ] --END-- [ RunTime:0.004371s ]
INFO: [ app_begin ] --START--
INFO: Run Behavior\ReadHtmlCacheBehavior [ RunTime:0.002395s ]
INFO: [ app_begin ] --END-- [ RunTime:0.002829s ]
ERR: 非法操作:Js

[ 2017-05-25T09:06:57+08:00 ] 127.0.0.1 /index.php/Admin/Index/Js/utils.js
INFO: [ app_init ] --START--
INFO: Run Behavior\BuildLiteBehavior [ RunTime:0.000090s ]
INFO: [ app_init ] --END-- [ RunTime:0.001792s ]
INFO: [ app_begin ] --START--
INFO: Run Behavior\ReadHtmlCacheBehavior [ RunTime:0.002337s ]
INFO: [ app_begin ] --END-- [ RunTime:0.002882s ]
ERR: 非法操作:Js

[ 2017-05-25T09:07:00+08:00 ] 127.0.0.1 /index.php/Admin/Category/add.html
INFO: [ app_init ] --START--
INFO: Run Behavior\BuildLiteBehavior [ RunTime:0.000092s ]
INFO: [ app_init ] --END-- [ RunTime:0.001882s ]
INFO: [ app_begin ] --START--
INFO: Run Behavior\ReadHtmlCacheBehavior [ RunTime:0.001997s ]
INFO: [ app_begin ] --END-- [ RunTime:0.005225s ]
SQL: DESCRIBE shop_privilege [ RunTime:0.041462s ]
SQL: DESCRIBE shop_category [ RunTime:0.131937s ]
SQL: SELECT * FROM `shop_category`  [ RunTime:0.004049s ]
NOTIC: [8] Undefined index: id D:\wamp\www\lianxi\xiangmu\shop04_xiangmu4\Application\Admin\Model\CategoryModel.class.php 第 52 行.
NOTIC: [2] in_array() expects parameter 2 to be array, null given D:\wamp\www\lianxi\xiangmu\shop04_xiangmu4\Application\Admin\Model\CategoryModel.class.php 第 52 行.
NOTIC: [8] Undefined index: id D:\wamp\www\lianxi\xiangmu\shop04_xiangmu4\Application\Admin\Model\CategoryModel.class.php 第 77 行.
NOTIC: [8] Undefined index: level D:\wamp\www\lianxi\xiangmu\shop04_xiangmu4\Application\Admin\Model\CategoryModel.class.php 第 77 行.
NOTIC: [8] Undefined index: cat_name D:\wamp\www\lianxi\xiangmu\shop04_xiangmu4\Application\Admin\Model\CategoryModel.class.php 第 77 行.
INFO: [ view_parse ] --START--
INFO: [ template_filter ] --START--
INFO: Run Behavior\ContentReplaceBehavior [ RunTime:0.000359s ]
INFO: [ template_filter ] --END-- [ RunTime:0.000867s ]
INFO: Run Behavior\ParseTemplateBehavior [ RunTime:0.061737s ]
INFO: [ view_parse ] --END-- [ RunTime:0.062232s ]
INFO: [ view_filter ] --START--
INFO: Run Behavior\WriteHtmlCacheBehavior [ RunTime:0.001712s ]
INFO: [ view_filter ] --END-- [ RunTime:0.002238s ]
INFO: [ app_end ] --START--
INFO: Run Behavior\ShowPageTraceBehavior [ RunTime:0.008153s ]
INFO: [ app_end ] --END-- [ RunTime:0.008589s ]

[ 2017-05-25T09:07:17+08:00 ] 127.0.0.1 /index.php/Admin/Category/lst.html
INFO: [ app_init ] --START--
INFO: Run Behavior\BuildLiteBehavior [ RunTime:0.000081s ]
INFO: [ app_init ] --END-- [ RunTime:0.001429s ]
INFO: [ app_begin ] --START--
INFO: Run Behavior\ReadHtmlCacheBehavior [ RunTime:0.001978s ]
INFO: [ app_begin ] --END-- [ RunTime:0.002424s ]
SQL: DESCRIBE shop_privilege [ RunTime:0.019215s ]
SQL: DESCRIBE shop_category [ RunTime:0.018179s ]
SQL: SELECT * FROM `shop_category`  [ RunTime:0.001568s ]
NOTIC: [8] Undefined index: id D:\wamp\www\lianxi\xiangmu\shop04_xiangmu4\Application\Admin\Model\CategoryModel.class.php 第 52 行.
NOTIC: [2] in_array() expects parameter 2 to be array, null given D:\wamp\www\lianxi\xiangmu\shop04_xiangmu4\Application\Admin\Model\CategoryModel.class.php 第 52 行.
INFO: [ view_parse ] --START--
INFO: [ template_filter ] --START--
INFO: Run Behavior\ContentReplaceBehavior [ RunTime:0.000348s ]
INFO: [ template_filter ] --END-- [ RunTime:0.000777s ]
NOTIC: [8] Undefined variable: _page_title D:\wamp\www\lianxi\xiangmu\shop04_xiangmu4\Application\Runtime\Cache\Admin\395c0ba78bddab9d6617dcec0f2fd9a9.php 第 14 行.
NOTIC: [8] Use of undefined constant id_desc - assumed 'id_desc' D:\wamp\www\lianxi\xiangmu\shop04_xiangmu4\Application\Runtime\Cache\Admin\395c0ba78bddab9d6617dcec0f2fd9a9.php 第 36 行.
NOTIC: [8] Undefined variable: val D:\wamp\www\lianxi\xiangmu\shop04_xiangmu4\Application\Runtime\Cache\Admin\395c0ba78bddab9d6617dcec0f2fd9a9.php 第 57 行.
NOTIC: [8] Undefined index: id D:\wamp\www\lianxi\xiangmu\shop04_xiangmu4\Application\Runtime\Cache\Admin\395c0ba78bddab9d6617dcec0f2fd9a9.php 第 54 行.
NOTIC: [8] Undefined index: html D:\wamp\www\lianxi\xiangmu\shop04_xiangmu4\Application\Runtime\Cache\Admin\395c0ba78bddab9d6617dcec0f2fd9a9.php 第 55 行.
NOTIC: [8] Undefined index: cat_name D:\wamp\www\lianxi\xiangmu\shop04_xiangmu4\Application\Runtime\Cache\Admin\395c0ba78bddab9d6617dcec0f2fd9a9.php 第 55 行.
NOTIC: [8] Undefined variable: val D:\wamp\www\lianxi\xiangmu\shop04_xiangmu4\Application\Runtime\Cache\Admin\395c0ba78bddab9d6617dcec0f2fd9a9.php 第 57 行.
NOTIC: [8] Undefined index: id D:\wamp\www\lianxi\xiangmu\shop04_xiangmu4\Application\Runtime\Cache\Admin\395c0ba78bddab9d6617dcec0f2fd9a9.php 第 58 行.
NOTIC: [8] Undefined index: id D:\wamp\www\lianxi\xiangmu\shop04_xiangmu4\Application\Runtime\Cache\Admin\395c0ba78bddab9d6617dcec0f2fd9a9.php 第 59 行.
NOTIC: [8] Undefined variable: val D:\wamp\www\lianxi\xiangmu\shop04_xiangmu4\Application\Runtime\Cache\Admin\395c0ba78bddab9d6617dcec0f2fd9a9.php 第 57 行.
NOTIC: [8] Undefined variable: val D:\wamp\www\lianxi\xiangmu\shop04_xiangmu4\Application\Runtime\Cache\Admin\395c0ba78bddab9d6617dcec0f2fd9a9.php 第 57 行.
NOTIC: [8] Undefined variable: val D:\wamp\www\lianxi\xiangmu\shop04_xiangmu4\Application\Runtime\Cache\Admin\395c0ba78bddab9d6617dcec0f2fd9a9.php 第 57 行.
NOTIC: [8] Undefined variable: val D:\wamp\www\lianxi\xiangmu\shop04_xiangmu4\Application\Runtime\Cache\Admin\395c0ba78bddab9d6617dcec0f2fd9a9.php 第 57 行.
NOTIC: [8] Undefined variable: val D:\wamp\www\lianxi\xiangmu\shop04_xiangmu4\Application\Runtime\Cache\Admin\395c0ba78bddab9d6617dcec0f2fd9a9.php 第 57 行.
NOTIC: [8] Undefined variable: val D:\wamp\www\lianxi\xiangmu\shop04_xiangmu4\Application\Runtime\Cache\Admin\395c0ba78bddab9d6617dcec0f2fd9a9.php 第 57 行.
NOTIC: [8] Undefined variable: val D:\wamp\www\lianxi\xiangmu\shop04_xiangmu4\Application\Runtime\Cache\Admin\395c0ba78bddab9d6617dcec0f2fd9a9.php 第 57 行.
NOTIC: [8] Undefined variable: val D:\wamp\www\lianxi\xiangmu\shop04_xiangmu4\Application\Runtime\Cache\Admin\395c0ba78bddab9d6617dcec0f2fd9a9.php 第 57 行.
NOTIC: [8] Undefined variable: val D:\wamp\www\lianxi\xiangmu\shop04_xiangmu4\Application\Runtime\Cache\Admin\395c0ba78bddab9d6617dcec0f2fd9a9.php 第 57 行.
NOTIC: [8] Undefined variable: val D:\wamp\www\lianxi\xiangmu\shop04_xiangmu4\Application\Runtime\Cache\Admin\395c0ba78bddab9d6617dcec0f2fd9a9.php 第 57 行.
NOTIC: [8] Undefined variable: val D:\wamp\www\lianxi\xiangmu\shop04_xiangmu4\Application\Runtime\Cache\Admin\395c0ba78bddab9d6617dcec0f2fd9a9.php 第 57 行.
NOTIC: [8] Undefined variable: val D:\wamp\www\lianxi\xiangmu\shop04_xiangmu4\Application\Runtime\Cache\Admin\395c0ba78bddab9d6617dcec0f2fd9a9.php 第 57 行.
NOTIC: [8] Undefined variable: val D:\wamp\www\lianxi\xiangmu\shop04_xiangmu4\Application\Runtime\Cache\Admin\395c0ba78bddab9d6617dcec0f2fd9a9.php 第 57 行.
NOTIC: [8] Undefined variable: val D:\wamp\www\lianxi\xiangmu\shop04_xiangmu4\Application\Runtime\Cache\Admin\395c0ba78bddab9d6617dcec0f2fd9a9.php 第 57 行.
NOTIC: [8] Undefined variable: val D:\wamp\www\lianxi\xiangmu\shop04_xiangmu4\Application\Runtime\Cache\Admin\395c0ba78bddab9d6617dcec0f2fd9a9.php 第 57 行.
NOTIC: [8] Undefined variable: val D:\wamp\www\lianxi\xiangmu\shop04_xiangmu4\Application\Runtime\Cache\Admin\395c0ba78bddab9d6617dcec0f2fd9a9.php 第 57 行.
NOTIC: [8] Undefined variable: val D:\wamp\www\lianxi\xiangmu\shop04_xiangmu4\Application\Runtime\Cache\Admin\395c0ba78bddab9d6617dcec0f2fd9a9.php 第 57 行.
NOTIC: [8] Undefined variable: val D:\wamp\www\lianxi\xiangmu\shop04_xiangmu4\Application\Runtime\Cache\Admin\395c0ba78bddab9d6617dcec0f2fd9a9.php 第 57 行.
NOTIC: [8] Undefined variable: val D:\wamp\www\lianxi\xiangmu\shop04_xiangmu4\Application\Runtime\Cache\Admin\395c0ba78bddab9d6617dcec0f2fd9a9.php 第 57 行.
NOTIC: [8] Undefined variable: val D:\wamp\www\lianxi\xiangmu\shop04_xiangmu4\Application\Runtime\Cache\Admin\395c0ba78bddab9d6617dcec0f2fd9a9.php 第 57 行.
NOTIC: [8] Undefined variable: show D:\wamp\www\lianxi\xiangmu\shop04_xiangmu4\Application\Runtime\Cache\Admin\395c0ba78bddab9d6617dcec0f2fd9a9.php 第 69 行.
INFO: Run Behavior\ParseTemplateBehavior [ RunTime:0.059256s ]
INFO: [ view_parse ] --END-- [ RunTime:0.059656s ]
INFO: [ view_filter ] --START--
INFO: Run Behavior\WriteHtmlCacheBehavior [ RunTime:0.001596s ]
INFO: [ view_filter ] --END-- [ RunTime:0.002018s ]
INFO: [ app_end ] --START--
INFO: Run Behavior\ShowPageTraceBehavior [ RunTime:0.002243s ]
INFO: [ app_end ] --END-- [ RunTime:0.002643s ]

[ 2017-05-25T09:07:37+08:00 ] 127.0.0.1 /index.php/Admin/Category/add.html
INFO: [ app_init ] --START--
INFO: Run Behavior\BuildLiteBehavior [ RunTime:0.000080s ]
INFO: [ app_init ] --END-- [ RunTime:0.001419s ]
INFO: [ app_begin ] --START--
INFO: Run Behavior\ReadHtmlCacheBehavior [ RunTime:0.001680s ]
INFO: [ app_begin ] --END-- [ RunTime:0.002088s ]
SQL: DESCRIBE shop_privilege [ RunTime:0.019347s ]
SQL: DESCRIBE shop_category [ RunTime:0.020517s ]
SQL: SELECT * FROM `shop_category`  [ RunTime:0.001344s ]
NOTIC: [8] Undefined index: id D:\wamp\www\lianxi\xiangmu\shop04_xiangmu4\Application\Admin\Model\CategoryModel.class.php 第 52 行.
NOTIC: [2] in_array() expects parameter 2 to be array, null given D:\wamp\www\lianxi\xiangmu\shop04_xiangmu4\Application\Admin\Model\CategoryModel.class.php 第 52 行.
NOTIC: [8] Undefined index: id D:\wamp\www\lianxi\xiangmu\shop04_xiangmu4\Application\Admin\Model\CategoryModel.class.php 第 77 行.
NOTIC: [8] Undefined index: level D:\wamp\www\lianxi\xiangmu\shop04_xiangmu4\Application\Admin\Model\CategoryModel.class.php 第 77 行.
NOTIC: [8] Undefined index: cat_name D:\wamp\www\lianxi\xiangmu\shop04_xiangmu4\Application\Admin\Model\CategoryModel.class.php 第 77 行.
INFO: [ view_parse ] --START--
INFO: [ template_filter ] --START--
INFO: Run Behavior\ContentReplaceBehavior [ RunTime:0.000280s ]
INFO: [ template_filter ] --END-- [ RunTime:0.000732s ]
INFO: Run Behavior\ParseTemplateBehavior [ RunTime:0.025300s ]
INFO: [ view_parse ] --END-- [ RunTime:0.025793s ]
INFO: [ view_filter ] --START--
INFO: Run Behavior\WriteHtmlCacheBehavior [ RunTime:0.001564s ]
INFO: [ view_filter ] --END-- [ RunTime:0.001981s ]
INFO: [ app_end ] --START--
INFO: Run Behavior\ShowPageTraceBehavior [ RunTime:0.002365s ]
INFO: [ app_end ] --END-- [ RunTime:0.002762s ]

[ 2017-05-25T09:07:54+08:00 ] 127.0.0.1 /index.php/Admin/Category/lst.html
INFO: [ app_init ] --START--
INFO: Run Behavior\BuildLiteBehavior [ RunTime:0.000090s ]
INFO: [ app_init ] --END-- [ RunTime:0.001755s ]
INFO: [ app_begin ] --START--
INFO: Run Behavior\ReadHtmlCacheBehavior [ RunTime:0.002006s ]
INFO: [ app_begin ] --END-- [ RunTime:0.002485s ]
SQL: DESCRIBE shop_privilege [ RunTime:0.021057s ]
SQL: DESCRIBE shop_category [ RunTime:0.020526s ]
SQL: SELECT * FROM `shop_category`  [ RunTime:0.001607s ]
NOTIC: [8] Undefined index: id D:\wamp\www\lianxi\xiangmu\shop04_xiangmu4\Application\Admin\Model\CategoryModel.class.php 第 52 行.
NOTIC: [2] in_array() expects parameter 2 to be array, null given D:\wamp\www\lianxi\xiangmu\shop04_xiangmu4\Application\Admin\Model\CategoryModel.class.php 第 52 行.
INFO: [ view_parse ] --START--
INFO: [ template_filter ] --START--
INFO: Run Behavior\ContentReplaceBehavior [ RunTime:0.000348s ]
INFO: [ template_filter ] --END-- [ RunTime:0.000783s ]
NOTIC: [8] Undefined variable: _page_title D:\wamp\www\lianxi\xiangmu\shop04_xiangmu4\Application\Runtime\Cache\Admin\395c0ba78bddab9d6617dcec0f2fd9a9.php 第 14 行.
NOTIC: [8] Use of undefined constant id_desc - assumed 'id_desc' D:\wamp\www\lianxi\xiangmu\shop04_xiangmu4\Application\Runtime\Cache\Admin\395c0ba78bddab9d6617dcec0f2fd9a9.php 第 36 行.
NOTIC: [8] Undefined variable: val D:\wamp\www\lianxi\xiangmu\shop04_xiangmu4\Application\Runtime\Cache\Admin\395c0ba78bddab9d6617dcec0f2fd9a9.php 第 57 行.
NOTIC: [8] Undefined index: id D:\wamp\www\lianxi\xiangmu\shop04_xiangmu4\Application\Runtime\Cache\Admin\395c0ba78bddab9d6617dcec0f2fd9a9.php 第 54 行.
NOTIC: [8] Undefined index: level D:\wamp\www\lianxi\xiangmu\shop04_xiangmu4\Application\Runtime\Cache\Admin\395c0ba78bddab9d6617dcec0f2fd9a9.php 第 55 行.
NOTIC: [8] Undefined index: cat_name D:\wamp\www\lianxi\xiangmu\shop04_xiangmu4\Application\Runtime\Cache\Admin\395c0ba78bddab9d6617dcec0f2fd9a9.php 第 55 行.
NOTIC: [8] Undefined variable: val D:\wamp\www\lianxi\xiangmu\shop04_xiangmu4\Application\Runtime\Cache\Admin\395c0ba78bddab9d6617dcec0f2fd9a9.php 第 57 行.
NOTIC: [8] Undefined index: id D:\wamp\www\lianxi\xiangmu\shop04_xiangmu4\Application\Runtime\Cache\Admin\395c0ba78bddab9d6617dcec0f2fd9a9.php 第 58 行.
NOTIC: [8] Undefined index: id D:\wamp\www\lianxi\xiangmu\shop04_xiangmu4\Application\Runtime\Cache\Admin\395c0ba78bddab9d6617dcec0f2fd9a9.php 第 59 行.
NOTIC: [8] Undefined variable: val D:\wamp\www\lianxi\xiangmu\shop04_xiangmu4\Application\Runtime\Cache\Admin\395c0ba78bddab9d6617dcec0f2fd9a9.php 第 57 行.
NOTIC: [8] Undefined variable: val D:\wamp\www\lianxi\xiangmu\shop04_xiangmu4\Application\Runtime\Cache\Admin\395c0ba78bddab9d6617dcec0f2fd9a9.php 第 57 行.
NOTIC: [8] Undefined variable: val D:\wamp\www\lianxi\xiangmu\shop04_xiangmu4\Application\Runtime\Cache\Admin\395c0ba78bddab9d6617dcec0f2fd9a9.php 第 57 行.
NOTIC: [8] Undefined variable: val D:\wamp\www\lianxi\xiangmu\shop04_xiangmu4\Application\Runtime\Cache\Admin\395c0ba78bddab9d6617dcec0f2fd9a9.php 第 57 行.
NOTIC: [8] Undefined variable: val D:\wamp\www\lianxi\xiangmu\shop04_xiangmu4\Application\Runtime\Cache\Admin\395c0ba78bddab9d6617dcec0f2fd9a9.php 第 57 行.
NOTIC: [8] Undefined variable: val D:\wamp\www\lianxi\xiangmu\shop04_xiangmu4\Application\Runtime\Cache\Admin\395c0ba78bddab9d6617dcec0f2fd9a9.php 第 57 行.
NOTIC: [8] Undefined variable: val D:\wamp\www\lianxi\xiangmu\shop04_xiangmu4\Application\Runtime\Cache\Admin\395c0ba78bddab9d6617dcec0f2fd9a9.php 第 57 行.
NOTIC: [8] Undefined variable: val D:\wamp\www\lianxi\xiangmu\shop04_xiangmu4\Application\Runtime\Cache\Admin\395c0ba78bddab9d6617dcec0f2fd9a9.php 第 57 行.
NOTIC: [8] Undefined variable: val D:\wamp\www\lianxi\xiangmu\shop04_xiangmu4\Application\Runtime\Cache\Admin\395c0ba78bddab9d6617dcec0f2fd9a9.php 第 57 行.
NOTIC: [8] Undefined variable: val D:\wamp\www\lianxi\xiangmu\shop04_xiangmu4\Application\Runtime\Cache\Admin\395c0ba78bddab9d6617dcec0f2fd9a9.php 第 57 行.
NOTIC: [8] Undefined variable: val D:\wamp\www\lianxi\xiangmu\shop04_xiangmu4\Application\Runtime\Cache\Admin\395c0ba78bddab9d6617dcec0f2fd9a9.php 第 57 行.
NOTIC: [8] Undefined variable: val D:\wamp\www\lianxi\xiangmu\shop04_xiangmu4\Application\Runtime\Cache\Admin\395c0ba78bddab9d6617dcec0f2fd9a9.php 第 57 行.
NOTIC: [8] Undefined variable: val D:\wamp\www\lianxi\xiangmu\shop04_xiangmu4\Application\Runtime\Cache\Admin\395c0ba78bddab9d6617dcec0f2fd9a9.php 第 57 行.
NOTIC: [8] Undefined variable: val D:\wamp\www\lianxi\xiangmu\shop04_xiangmu4\Application\Runtime\Cache\Admin\395c0ba78bddab9d6617dcec0f2fd9a9.php 第 57 行.
NOTIC: [8] Undefined variable: val D:\wamp\www\lianxi\xiangmu\shop04_xiangmu4\Application\Runtime\Cache\Admin\395c0ba78bddab9d6617dcec0f2fd9a9.php 第 57 行.
NOTIC: [8] Undefined variable: val D:\wamp\www\lianxi\xiangmu\shop04_xiangmu4\Application\Runtime\Cache\Admin\395c0ba78bddab9d6617dcec0f2fd9a9.php 第 57 行.
NOTIC: [8] Undefined variable: val D:\wamp\www\lianxi\xiangmu\shop04_xiangmu4\Application\Runtime\Cache\Admin\395c0ba78bddab9d6617dcec0f2fd9a9.php 第 57 行.
NOTIC: [8] Undefined variable: val D:\wamp\www\lianxi\xiangmu\shop04_xiangmu4\Application\Runtime\Cache\Admin\395c0ba78bddab9d6617dcec0f2fd9a9.php 第 57 行.
NOTIC: [8] Undefined variable: val D:\wamp\www\lianxi\xiangmu\shop04_xiangmu4\Application\Runtime\Cache\Admin\395c0ba78bddab9d6617dcec0f2fd9a9.php 第 57 行.
NOTIC: [8] Undefined variable: val D:\wamp\www\lianxi\xiangmu\shop04_xiangmu4\Application\Runtime\Cache\Admin\395c0ba78bddab9d6617dcec0f2fd9a9.php 第 57 行.
NOTIC: [8] Undefined variable: show D:\wamp\www\lianxi\xiangmu\shop04_xiangmu4\Application\Runtime\Cache\Admin\395c0ba78bddab9d6617dcec0f2fd9a9.php 第 69 行.
INFO: Run Behavior\ParseTemplateBehavior [ RunTime:0.060770s ]
INFO: [ view_parse ] --END-- [ RunTime:0.061205s ]
INFO: [ view_filter ] --START--
INFO: Run Behavior\WriteHtmlCacheBehavior [ RunTime:0.001642s ]
INFO: [ view_filter ] --END-- [ RunTime:0.002012s ]
INFO: [ app_end ] --START--
INFO: Run Behavior\ShowPageTraceBehavior [ RunTime:0.002003s ]
INFO: [ app_end ] --END-- [ RunTime:0.002355s ]

[ 2017-05-25T09:07:57+08:00 ] 127.0.0.1 /index.php/Admin/Category/add.html
INFO: [ app_init ] --START--
INFO: Run Behavior\BuildLiteBehavior [ RunTime:0.000098s ]
INFO: [ app_init ] --END-- [ RunTime:0.001934s ]
INFO: [ app_begin ] --START--
INFO: Run Behavior\ReadHtmlCacheBehavior [ RunTime:0.001943s ]
INFO: [ app_begin ] --END-- [ RunTime:0.002443s ]
SQL: DESCRIBE shop_privilege [ RunTime:0.022009s ]
SQL: DESCRIBE shop_category [ RunTime:0.021076s ]
SQL: SELECT * FROM `shop_category`  [ RunTime:0.001599s ]
NOTIC: [8] Undefined index: id D:\wamp\www\lianxi\xiangmu\shop04_xiangmu4\Application\Admin\Model\CategoryModel.class.php 第 52 行.
NOTIC: [2] in_array() expects parameter 2 to be array, null given D:\wamp\www\lianxi\xiangmu\shop04_xiangmu4\Application\Admin\Model\CategoryModel.class.php 第 52 行.
NOTIC: [8] Undefined index: id D:\wamp\www\lianxi\xiangmu\shop04_xiangmu4\Application\Admin\Model\CategoryModel.class.php 第 77 行.
NOTIC: [8] Undefined index: level D:\wamp\www\lianxi\xiangmu\shop04_xiangmu4\Application\Admin\Model\CategoryModel.class.php 第 77 行.
NOTIC: [8] Undefined index: cat_name D:\wamp\www\lianxi\xiangmu\shop04_xiangmu4\Application\Admin\Model\CategoryModel.class.php 第 77 行.
INFO: [ view_parse ] --START--
INFO: [ template_filter ] --START--
INFO: Run Behavior\ContentReplaceBehavior [ RunTime:0.000289s ]
INFO: [ template_filter ] --END-- [ RunTime:0.000790s ]
INFO: Run Behavior\ParseTemplateBehavior [ RunTime:0.027887s ]
INFO: [ view_parse ] --END-- [ RunTime:0.028405s ]
INFO: [ view_filter ] --START--
INFO: Run Behavior\WriteHtmlCacheBehavior [ RunTime:0.001907s ]
INFO: [ view_filter ] --END-- [ RunTime:0.002359s ]
INFO: [ app_end ] --START--
INFO: Run Behavior\ShowPageTraceBehavior [ RunTime:0.002642s ]
INFO: [ app_end ] --END-- [ RunTime:0.003072s ]

[ 2017-05-25T09:08:51+08:00 ] 127.0.0.1 /index.php/Admin/Category/add.html
INFO: [ app_init ] --START--
INFO: Run Behavior\BuildLiteBehavior [ RunTime:0.000086s ]
INFO: [ app_init ] --END-- [ RunTime:0.001495s ]
INFO: [ app_begin ] --START--
INFO: Run Behavior\ReadHtmlCacheBehavior [ RunTime:0.001736s ]
INFO: [ app_begin ] --END-- [ RunTime:0.002169s ]
SQL: DESCRIBE shop_privilege [ RunTime:0.019132s ]
SQL: DESCRIBE shop_category [ RunTime:0.018032s ]
SQL: SELECT * FROM `shop_category`  [ RunTime:0.001222s ]
NOTIC: [8] Undefined index: id D:\wamp\www\lianxi\xiangmu\shop04_xiangmu4\Application\Admin\Model\CategoryModel.class.php 第 52 行.
NOTIC: [2] in_array() expects parameter 2 to be array, null given D:\wamp\www\lianxi\xiangmu\shop04_xiangmu4\Application\Admin\Model\CategoryModel.class.php 第 52 行.
NOTIC: [8] Undefined index: id D:\wamp\www\lianxi\xiangmu\shop04_xiangmu4\Application\Admin\Model\CategoryModel.class.php 第 77 行.
NOTIC: [8] Undefined index: html D:\wamp\www\lianxi\xiangmu\shop04_xiangmu4\Application\Admin\Model\CategoryModel.class.php 第 77 行.
NOTIC: [8] Undefined index: cat_name D:\wamp\www\lianxi\xiangmu\shop04_xiangmu4\Application\Admin\Model\CategoryModel.class.php 第 77 行.
INFO: [ view_parse ] --START--
INFO: [ template_filter ] --START--
INFO: Run Behavior\ContentReplaceBehavior [ RunTime:0.000279s ]
INFO: [ template_filter ] --END-- [ RunTime:0.000743s ]
INFO: Run Behavior\ParseTemplateBehavior [ RunTime:0.024175s ]
INFO: [ view_parse ] --END-- [ RunTime:0.024643s ]
INFO: [ view_filter ] --START--
INFO: Run Behavior\WriteHtmlCacheBehavior [ RunTime:0.001306s ]
INFO: [ view_filter ] --END-- [ RunTime:0.001664s ]
INFO: [ app_end ] --START--
INFO: Run Behavior\ShowPageTraceBehavior [ RunTime:0.001933s ]
INFO: [ app_end ] --END-- [ RunTime:0.002279s ]

[ 2017-05-25T09:26:53+08:00 ] 127.0.0.1 /index.php/Admin/Category/lst.html
INFO: [ app_init ] --START--
INFO: Run Behavior\BuildLiteBehavior [ RunTime:0.000097s ]
INFO: [ app_init ] --END-- [ RunTime:0.002180s ]
INFO: [ app_begin ] --START--
INFO: Run Behavior\ReadHtmlCacheBehavior [ RunTime:0.002407s ]
INFO: [ app_begin ] --END-- [ RunTime:0.002945s ]
SQL: DESCRIBE shop_privilege [ RunTime:0.021660s ]
SQL: DESCRIBE shop_category [ RunTime:0.019932s ]
SQL: SELECT * FROM `shop_category`  [ RunTime:0.001792s ]
NOTIC: [8] Undefined index: id D:\wamp\www\lianxi\xiangmu\shop04_xiangmu4\Application\Admin\Model\CategoryModel.class.php 第 52 行.
NOTIC: [2] in_array() expects parameter 2 to be array, null given D:\wamp\www\lianxi\xiangmu\shop04_xiangmu4\Application\Admin\Model\CategoryModel.class.php 第 52 行.
INFO: [ view_parse ] --START--
INFO: [ template_filter ] --START--
INFO: Run Behavior\ContentReplaceBehavior [ RunTime:0.000358s ]
INFO: [ template_filter ] --END-- [ RunTime:0.000864s ]
NOTIC: [8] Undefined variable: _page_title D:\wamp\www\lianxi\xiangmu\shop04_xiangmu4\Application\Runtime\Cache\Admin\395c0ba78bddab9d6617dcec0f2fd9a9.php 第 14 行.
NOTIC: [8] Use of undefined constant id_desc - assumed 'id_desc' D:\wamp\www\lianxi\xiangmu\shop04_xiangmu4\Application\Runtime\Cache\Admin\395c0ba78bddab9d6617dcec0f2fd9a9.php 第 36 行.
NOTIC: [8] Undefined variable: val D:\wamp\www\lianxi\xiangmu\shop04_xiangmu4\Application\Runtime\Cache\Admin\395c0ba78bddab9d6617dcec0f2fd9a9.php 第 57 行.
NOTIC: [8] Undefined index: id D:\wamp\www\lianxi\xiangmu\shop04_xiangmu4\Application\Runtime\Cache\Admin\395c0ba78bddab9d6617dcec0f2fd9a9.php 第 54 行.
NOTIC: [8] Undefined index: level D:\wamp\www\lianxi\xiangmu\shop04_xiangmu4\Application\Runtime\Cache\Admin\395c0ba78bddab9d6617dcec0f2fd9a9.php 第 55 行.
NOTIC: [8] Undefined index: cat_name D:\wamp\www\lianxi\xiangmu\shop04_xiangmu4\Application\Runtime\Cache\Admin\395c0ba78bddab9d6617dcec0f2fd9a9.php 第 55 行.
NOTIC: [8] Undefined variable: val D:\wamp\www\lianxi\xiangmu\shop04_xiangmu4\Application\Runtime\Cache\Admin\395c0ba78bddab9d6617dcec0f2fd9a9.php 第 57 行.
NOTIC: [8] Undefined index: id D:\wamp\www\lianxi\xiangmu\shop04_xiangmu4\Application\Runtime\Cache\Admin\395c0ba78bddab9d6617dcec0f2fd9a9.php 第 58 行.
NOTIC: [8] Undefined index: id D:\wamp\www\lianxi\xiangmu\shop04_xiangmu4\Application\Runtime\Cache\Admin\395c0ba78bddab9d6617dcec0f2fd9a9.php 第 59 行.
NOTIC: [8] Undefined variable: val D:\wamp\www\lianxi\xiangmu\shop04_xiangmu4\Application\Runtime\Cache\Admin\395c0ba78bddab9d6617dcec0f2fd9a9.php 第 57 行.
NOTIC: [8] Undefined variable: val D:\wamp\www\lianxi\xiangmu\shop04_xiangmu4\Application\Runtime\Cache\Admin\395c0ba78bddab9d6617dcec0f2fd9a9.php 第 57 行.
NOTIC: [8] Undefined variable: val D:\wamp\www\lianxi\xiangmu\shop04_xiangmu4\Application\Runtime\Cache\Admin\395c0ba78bddab9d6617dcec0f2fd9a9.php 第 57 行.
NOTIC: [8] Undefined variable: val D:\wamp\www\lianxi\xiangmu\shop04_xiangmu4\Application\Runtime\Cache\Admin\395c0ba78bddab9d6617dcec0f2fd9a9.php 第 57 行.
NOTIC: [8] Undefined variable: val D:\wamp\www\lianxi\xiangmu\shop04_xiangmu4\Application\Runtime\Cache\Admin\395c0ba78bddab9d6617dcec0f2fd9a9.php 第 57 行.
NOTIC: [8] Undefined variable: val D:\wamp\www\lianxi\xiangmu\shop04_xiangmu4\Application\Runtime\Cache\Admin\395c0ba78bddab9d6617dcec0f2fd9a9.php 第 57 行.
NOTIC: [8] Undefined variable: val D:\wamp\www\lianxi\xiangmu\shop04_xiangmu4\Application\Runtime\Cache\Admin\395c0ba78bddab9d6617dcec0f2fd9a9.php 第 57 行.
NOTIC: [8] Undefined variable: val D:\wamp\www\lianxi\xiangmu\shop04_xiangmu4\Application\Runtime\Cache\Admin\395c0ba78bddab9d6617dcec0f2fd9a9.php 第 57 行.
NOTIC: [8] Undefined variable: val D:\wamp\www\lianxi\xiangmu\shop04_xiangmu4\Application\Runtime\Cache\Admin\395c0ba78bddab9d6617dcec0f2fd9a9.php 第 57 行.
NOTIC: [8] Undefined variable: val D:\wamp\www\lianxi\xiangmu\shop04_xiangmu4\Application\Runtime\Cache\Admin\395c0ba78bddab9d6617dcec0f2fd9a9.php 第 57 行.
NOTIC: [8] Undefined variable: val D:\wamp\www\lianxi\xiangmu\shop04_xiangmu4\Application\Runtime\Cache\Admin\395c0ba78bddab9d6617dcec0f2fd9a9.php 第 57 行.
NOTIC: [8] Undefined variable: val D:\wamp\www\lianxi\xiangmu\shop04_xiangmu4\Application\Runtime\Cache\Admin\395c0ba78bddab9d6617dcec0f2fd9a9.php 第 57 行.
NOTIC: [8] Undefined variable: val D:\wamp\www\lianxi\xiangmu\shop04_xiangmu4\Application\Runtime\Cache\Admin\395c0ba78bddab9d6617dcec0f2fd9a9.php 第 57 行.
NOTIC: [8] Undefined variable: val D:\wamp\www\lianxi\xiangmu\shop04_xiangmu4\Application\Runtime\Cache\Admin\395c0ba78bddab9d6617dcec0f2fd9a9.php 第 57 行.
NOTIC: [8] Undefined variable: val D:\wamp\www\lianxi\xiangmu\shop04_xiangmu4\Application\Runtime\Cache\Admin\395c0ba78bddab9d6617dcec0f2fd9a9.php 第 57 行.
NOTIC: [8] Undefined variable: val D:\wamp\www\lianxi\xiangmu\shop04_xiangmu4\Application\Runtime\Cache\Admin\395c0ba78bddab9d6617dcec0f2fd9a9.php 第 57 行.
NOTIC: [8] Undefined variable: val D:\wamp\www\lianxi\xiangmu\shop04_xiangmu4\Application\Runtime\Cache\Admin\395c0ba78bddab9d6617dcec0f2fd9a9.php 第 57 行.
NOTIC: [8] Undefined variable: val D:\wamp\www\lianxi\xiangmu\shop04_xiangmu4\Application\Runtime\Cache\Admin\395c0ba78bddab9d6617dcec0f2fd9a9.php 第 57 行.
NOTIC: [8] Undefined variable: val D:\wamp\www\lianxi\xiangmu\shop04_xiangmu4\Application\Runtime\Cache\Admin\395c0ba78bddab9d6617dcec0f2fd9a9.php 第 57 行.
NOTIC: [8] Undefined variable: val D:\wamp\www\lianxi\xiangmu\shop04_xiangmu4\Application\Runtime\Cache\Admin\395c0ba78bddab9d6617dcec0f2fd9a9.php 第 57 行.
NOTIC: [8] Undefined variable: show D:\wamp\www\lianxi\xiangmu\shop04_xiangmu4\Application\Runtime\Cache\Admin\395c0ba78bddab9d6617dcec0f2fd9a9.php 第 69 行.
INFO: Run Behavior\ParseTemplateBehavior [ RunTime:0.065159s ]
INFO: [ view_parse ] --END-- [ RunTime:0.065641s ]
INFO: [ view_filter ] --START--
INFO: Run Behavior\WriteHtmlCacheBehavior [ RunTime:0.001906s ]
INFO: [ view_filter ] --END-- [ RunTime:0.002330s ]
INFO: [ app_end ] --START--
INFO: Run Behavior\ShowPageTraceBehavior [ RunTime:0.003326s ]
INFO: [ app_end ] --END-- [ RunTime:0.003748s ]

[ 2017-05-25T09:27:09+08:00 ] 127.0.0.1 /index.php/Admin/Category/lst.html
INFO: [ app_init ] --START--
INFO: Run Behavior\BuildLiteBehavior [ RunTime:0.000094s ]
INFO: [ app_init ] --END-- [ RunTime:0.001731s ]
INFO: [ app_begin ] --START--
INFO: Run Behavior\ReadHtmlCacheBehavior [ RunTime:0.002161s ]
INFO: [ app_begin ] --END-- [ RunTime:0.002659s ]
SQL: DESCRIBE shop_privilege [ RunTime:0.022455s ]
SQL: DESCRIBE shop_category [ RunTime:0.022253s ]
SQL: SELECT * FROM `shop_category`  [ RunTime:0.001550s ]
NOTIC: [8] Undefined index: id D:\wamp\www\lianxi\xiangmu\shop04_xiangmu4\Application\Admin\Model\CategoryModel.class.php 第 52 行.
NOTIC: [2] in_array() expects parameter 2 to be array, null given D:\wamp\www\lianxi\xiangmu\shop04_xiangmu4\Application\Admin\Model\CategoryModel.class.php 第 52 行.
INFO: [ view_parse ] --START--
INFO: [ template_filter ] --START--
INFO: Run Behavior\ContentReplaceBehavior [ RunTime:0.000391s ]
INFO: [ template_filter ] --END-- [ RunTime:0.000948s ]
NOTIC: [8] Undefined variable: _page_title D:\wamp\www\lianxi\xiangmu\shop04_xiangmu4\Application\Runtime\Cache\Admin\395c0ba78bddab9d6617dcec0f2fd9a9.php 第 14 行.
NOTIC: [8] Use of undefined constant id_desc - assumed 'id_desc' D:\wamp\www\lianxi\xiangmu\shop04_xiangmu4\Application\Runtime\Cache\Admin\395c0ba78bddab9d6617dcec0f2fd9a9.php 第 36 行.
NOTIC: [8] Undefined variable: val D:\wamp\www\lianxi\xiangmu\shop04_xiangmu4\Application\Runtime\Cache\Admin\395c0ba78bddab9d6617dcec0f2fd9a9.php 第 57 行.
NOTIC: [8] Undefined variable: val D:\wamp\www\lianxi\xiangmu\shop04_xiangmu4\Application\Runtime\Cache\Admin\395c0ba78bddab9d6617dcec0f2fd9a9.php 第 57 行.
NOTIC: [8] Undefined variable: val D:\wamp\www\lianxi\xiangmu\shop04_xiangmu4\Application\Runtime\Cache\Admin\395c0ba78bddab9d6617dcec0f2fd9a9.php 第 57 行.
NOTIC: [8] Undefined variable: val D:\wamp\www\lianxi\xiangmu\shop04_xiangmu4\Application\Runtime\Cache\Admin\395c0ba78bddab9d6617dcec0f2fd9a9.php 第 57 行.
NOTIC: [8] Undefined variable: val D:\wamp\www\lianxi\xiangmu\shop04_xiangmu4\Application\Runtime\Cache\Admin\395c0ba78bddab9d6617dcec0f2fd9a9.php 第 57 行.
NOTIC: [8] Undefined variable: val D:\wamp\www\lianxi\xiangmu\shop04_xiangmu4\Application\Runtime\Cache\Admin\395c0ba78bddab9d6617dcec0f2fd9a9.php 第 57 行.
NOTIC: [8] Undefined variable: val D:\wamp\www\lianxi\xiangmu\shop04_xiangmu4\Application\Runtime\Cache\Admin\395c0ba78bddab9d6617dcec0f2fd9a9.php 第 57 行.
NOTIC: [8] Undefined variable: val D:\wamp\www\lianxi\xiangmu\shop04_xiangmu4\Application\Runtime\Cache\Admin\395c0ba78bddab9d6617dcec0f2fd9a9.php 第 57 行.
NOTIC: [8] Undefined variable: val D:\wamp\www\lianxi\xiangmu\shop04_xiangmu4\Application\Runtime\Cache\Admin\395c0ba78bddab9d6617dcec0f2fd9a9.php 第 57 行.
NOTIC: [8] Undefined variable: val D:\wamp\www\lianxi\xiangmu\shop04_xiangmu4\Application\Runtime\Cache\Admin\395c0ba78bddab9d6617dcec0f2fd9a9.php 第 57 行.
NOTIC: [8] Undefined variable: val D:\wamp\www\lianxi\xiangmu\shop04_xiangmu4\Application\Runtime\Cache\Admin\395c0ba78bddab9d6617dcec0f2fd9a9.php 第 57 行.
NOTIC: [8] Undefined variable: val D:\wamp\www\lianxi\xiangmu\shop04_xiangmu4\Application\Runtime\Cache\Admin\395c0ba78bddab9d6617dcec0f2fd9a9.php 第 57 行.
NOTIC: [8] Undefined variable: val D:\wamp\www\lianxi\xiangmu\shop04_xiangmu4\Application\Runtime\Cache\Admin\395c0ba78bddab9d6617dcec0f2fd9a9.php 第 57 行.
NOTIC: [8] Undefined variable: val D:\wamp\www\lianxi\xiangmu\shop04_xiangmu4\Application\Runtime\Cache\Admin\395c0ba78bddab9d6617dcec0f2fd9a9.php 第 57 行.
NOTIC: [8] Undefined variable: val D:\wamp\www\lianxi\xiangmu\shop04_xiangmu4\Application\Runtime\Cache\Admin\395c0ba78bddab9d6617dcec0f2fd9a9.php 第 57 行.
NOTIC: [8] Undefined variable: val D:\wamp\www\lianxi\xiangmu\shop04_xiangmu4\Application\Runtime\Cache\Admin\395c0ba78bddab9d6617dcec0f2fd9a9.php 第 57 行.
NOTIC: [8] Undefined variable: val D:\wamp\www\lianxi\xiangmu\shop04_xiangmu4\Application\Runtime\Cache\Admin\395c0ba78bddab9d6617dcec0f2fd9a9.php 第 57 行.
NOTIC: [8] Undefined variable: val D:\wamp\www\lianxi\xiangmu\shop04_xiangmu4\Application\Runtime\Cache\Admin\395c0ba78bddab9d6617dcec0f2fd9a9.php 第 57 行.
NOTIC: [8] Undefined variable: val D:\wamp\www\lianxi\xiangmu\shop04_xiangmu4\Application\Runtime\Cache\Admin\395c0ba78bddab9d6617dcec0f2fd9a9.php 第 57 行.
NOTIC: [8] Undefined variable: val D:\wamp\www\lianxi\xiangmu\shop04_xiangmu4\Application\Runtime\Cache\Admin\395c0ba78bddab9d6617dcec0f2fd9a9.php 第 57 行.
NOTIC: [8] Undefined variable: show D:\wamp\www\lianxi\xiangmu\shop04_xiangmu4\Application\Runtime\Cache\Admin\395c0ba78bddab9d6617dcec0f2fd9a9.php 第 69 行.
INFO: Run Behavior\ParseTemplateBehavior [ RunTime:0.060773s ]
INFO: [ view_parse ] --END-- [ RunTime:0.061277s ]
INFO: [ view_filter ] --START--
INFO: Run Behavior\WriteHtmlCacheBehavior [ RunTime:0.001788s ]
INFO: [ view_filter ] --END-- [ RunTime:0.002228s ]
INFO: [ app_end ] --START--
INFO: Run Behavior\ShowPageTraceBehavior [ RunTime:0.002826s ]
INFO: [ app_end ] --END-- [ RunTime:0.003679s ]

