[ 2017-05-23T09:02:58+08:00 ] 127.0.0.1 /index.php/Admin/Index/index
INFO: [ app_init ] --START--
INFO: Run Behavior\BuildLiteBehavior [ RunTime:0.000102s ]
INFO: [ app_init ] --END-- [ RunTime:0.002397s ]
INFO: [ app_begin ] --START--
INFO: Run Behavior\ReadHtmlCacheBehavior [ RunTime:0.002245s ]
INFO: [ app_begin ] --END-- [ RunTime:0.002729s ]
INFO: [ view_parse ] --START--
INFO: [ template_filter ] --START--
INFO: Run Behavior\ContentReplaceBehavior [ RunTime:0.000249s ]
INFO: [ template_filter ] --END-- [ RunTime:0.000779s ]
INFO: Run Behavior\ParseTemplateBehavior [ RunTime:0.071275s ]
INFO: [ view_parse ] --END-- [ RunTime:0.071925s ]
INFO: [ view_filter ] --START--
INFO: Run Behavior\WriteHtmlCacheBehavior [ RunTime:0.001292s ]
INFO: [ view_filter ] --END-- [ RunTime:0.001651s ]

[ 2017-05-23T09:02:59+08:00 ] 127.0.0.1 /index.php/Home/Index/index
INFO: [ app_init ] --START--
INFO: Run Behavior\BuildLiteBehavior [ RunTime:0.000094s ]
INFO: [ app_init ] --END-- [ RunTime:0.001916s ]
INFO: [ app_begin ] --START--
INFO: Run Behavior\ReadHtmlCacheBehavior [ RunTime:0.002109s ]
INFO: [ app_begin ] --END-- [ RunTime:0.002551s ]
SQL: DESCRIBE shop_category [ RunTime:0.059481s ]
SQL: SELECT * FROM `shop_category`  [ RunTime:0.002379s ]
SQL: DESCRIBE shop_goods [ RunTime:0.098920s ]
SQL: SELECT `id`,`goods_name`,`mid_logo`,`promote_price` FROM `shop_goods` WHERE ( `is_on_sale` = '是' ) AND ( `promote_price` > 0 ) AND ( `promote_start_date` <= '2017-05-23 09:02' ) AND ( `promote_end_date` >= '2017-05-23 09:02' ) LIMIT 5   [ RunTime:0.004446s ]
SQL: SELECT `id`,`goods_name`,`mid_logo`,`shop_price` FROM `shop_goods` WHERE ( `is_on_sale` = '是' ) AND ( `is_new` = '是' )  [ RunTime:0.005130s ]
SQL: SELECT `id`,`goods_name`,`mid_logo`,`shop_price` FROM `shop_goods` WHERE ( `is_on_sale` = '是' ) AND ( `is_hot` = '是' )  [ RunTime:0.003093s ]
SQL: SELECT `id`,`goods_name`,`mid_logo`,`shop_price` FROM `shop_goods` WHERE ( `is_on_sale` = '是' ) AND ( `is_best` = '是' )  [ RunTime:0.002509s ]
SQL: DESCRIBE shop_category [ RunTime:0.022362s ]
SQL: SELECT * FROM `shop_category` WHERE ( `is_floor` = '是' ) AND ( `parent_id` = 0 )  [ RunTime:0.002234s ]
SQL: SELECT * FROM `shop_category`  [ RunTime:0.002084s ]
SQL: SELECT `id` FROM `shop_goods` WHERE ( `id` IN (16,17,22,18,19,20,1) )  [ RunTime:0.002171s ]
SQL: DESCRIBE shop_goods_cat [ RunTime:0.070528s ]
SQL: SELECT DISTINCT goods_id  id FROM `shop_goods_cat` WHERE ( `cat_id` = 1 )  [ RunTime:0.001732s ]
SQL: SELECT * FROM shop_goods a LEFT JOIN shop_brand b ON b.id=a.brand_id  WHERE ( a.id IN (5,4,6) ) AND ( a.brand_id <> 0 ) LIMIT 9   [ RunTime:0.041705s ]
SQL: SELECT * FROM `shop_category` WHERE ( `parent_id` = 1 ) AND ( `is_floor` = '否' )  [ RunTime:0.001521s ]
SQL: SELECT * FROM `shop_category` WHERE ( `parent_id` = 1 ) AND ( `is_floor` = '是' )  [ RunTime:0.001116s ]
SQL: SELECT * FROM `shop_category`  [ RunTime:0.000974s ]
SQL: SELECT `id` FROM `shop_goods` WHERE ( `id` IN (16,17,22,18,19,20,16) )  [ RunTime:0.001128s ]
SQL: SELECT DISTINCT goods_id  id FROM `shop_goods_cat` WHERE ( `cat_id` = 16 )  [ RunTime:0.001392s ]
SQL: SELECT * FROM `shop_goods` WHERE ( `is_on_sale` = '是' ) AND ( `is_floor` = '是' ) AND ( `id` IN (5,4) )  [ RunTime:0.001809s ]
SQL: SELECT * FROM `shop_category`  [ RunTime:0.001411s ]
SQL: SELECT `id` FROM `shop_goods` WHERE ( `id` IN (16,17,22,18,19,20,21,2) )  [ RunTime:0.002821s ]
SQL: SELECT DISTINCT goods_id  id FROM `shop_goods_cat` WHERE ( `cat_id` = 2 )  [ RunTime:0.001480s ]
SQL: SELECT * FROM shop_goods a LEFT JOIN shop_brand b ON b.id=a.brand_id  WHERE ( a.id IN (5) ) AND ( a.brand_id <> 0 ) LIMIT 9   [ RunTime:0.002411s ]
SQL: SELECT * FROM `shop_category` WHERE ( `parent_id` = 2 ) AND ( `is_floor` = '否' )  [ RunTime:0.001521s ]
SQL: SELECT * FROM `shop_category` WHERE ( `parent_id` = 2 ) AND ( `is_floor` = '是' )  [ RunTime:0.001232s ]
NOTIC: [2] Invalid argument supplied for foreach() D:\wamp\www\lianxi\xiangmu\shop04_xiangmu4\Application\Admin\Model\CategoryModel.class.php 第 147 行.
INFO: [ view_parse ] --START--
INFO: [ template_filter ] --START--
INFO: Run Behavior\ContentReplaceBehavior [ RunTime:0.000695s ]
INFO: [ template_filter ] --END-- [ RunTime:0.001118s ]
NOTIC: [8] Undefined index: children D:\wamp\www\lianxi\xiangmu\shop04_xiangmu4\Application\Runtime\Cache\Home\2a94b8bda04ff446dcedd42276fc99ee.php 第 154 行.
NOTIC: [2] Invalid argument supplied for foreach() D:\wamp\www\lianxi\xiangmu\shop04_xiangmu4\Application\Runtime\Cache\Home\2a94b8bda04ff446dcedd42276fc99ee.php 第 154 行.
NOTIC: [8] Undefined index: children D:\wamp\www\lianxi\xiangmu\shop04_xiangmu4\Application\Runtime\Cache\Home\2a94b8bda04ff446dcedd42276fc99ee.php 第 154 行.
NOTIC: [2] Invalid argument supplied for foreach() D:\wamp\www\lianxi\xiangmu\shop04_xiangmu4\Application\Runtime\Cache\Home\2a94b8bda04ff446dcedd42276fc99ee.php 第 154 行.
NOTIC: [8] Undefined index: children D:\wamp\www\lianxi\xiangmu\shop04_xiangmu4\Application\Runtime\Cache\Home\2a94b8bda04ff446dcedd42276fc99ee.php 第 154 行.
NOTIC: [2] Invalid argument supplied for foreach() D:\wamp\www\lianxi\xiangmu\shop04_xiangmu4\Application\Runtime\Cache\Home\2a94b8bda04ff446dcedd42276fc99ee.php 第 154 行.
NOTIC: [8] Undefined index: children D:\wamp\www\lianxi\xiangmu\shop04_xiangmu4\Application\Runtime\Cache\Home\2a94b8bda04ff446dcedd42276fc99ee.php 第 154 行.
NOTIC: [2] Invalid argument supplied for foreach() D:\wamp\www\lianxi\xiangmu\shop04_xiangmu4\Application\Runtime\Cache\Home\2a94b8bda04ff446dcedd42276fc99ee.php 第 154 行.
NOTIC: [8] Undefined index: children D:\wamp\www\lianxi\xiangmu\shop04_xiangmu4\Application\Runtime\Cache\Home\2a94b8bda04ff446dcedd42276fc99ee.php 第 150 行.
NOTIC: [2] Invalid argument supplied for foreach() D:\wamp\www\lianxi\xiangmu\shop04_xiangmu4\Application\Runtime\Cache\Home\2a94b8bda04ff446dcedd42276fc99ee.php 第 150 行.
NOTIC: [8] Undefined index: children D:\wamp\www\lianxi\xiangmu\shop04_xiangmu4\Application\Runtime\Cache\Home\2a94b8bda04ff446dcedd42276fc99ee.php 第 150 行.
NOTIC: [2] Invalid argument supplied for foreach() D:\wamp\www\lianxi\xiangmu\shop04_xiangmu4\Application\Runtime\Cache\Home\2a94b8bda04ff446dcedd42276fc99ee.php 第 150 行.
NOTIC: [8] Undefined index: children D:\wamp\www\lianxi\xiangmu\shop04_xiangmu4\Application\Runtime\Cache\Home\2a94b8bda04ff446dcedd42276fc99ee.php 第 150 行.
NOTIC: [2] Invalid argument supplied for foreach() D:\wamp\www\lianxi\xiangmu\shop04_xiangmu4\Application\Runtime\Cache\Home\2a94b8bda04ff446dcedd42276fc99ee.php 第 150 行.
NOTIC: [8] Undefined index: children D:\wamp\www\lianxi\xiangmu\shop04_xiangmu4\Application\Runtime\Cache\Home\2a94b8bda04ff446dcedd42276fc99ee.php 第 150 行.
NOTIC: [2] Invalid argument supplied for foreach() D:\wamp\www\lianxi\xiangmu\shop04_xiangmu4\Application\Runtime\Cache\Home\2a94b8bda04ff446dcedd42276fc99ee.php 第 150 行.
NOTIC: [8] Undefined index: children D:\wamp\www\lianxi\xiangmu\shop04_xiangmu4\Application\Runtime\Cache\Home\2a94b8bda04ff446dcedd42276fc99ee.php 第 150 行.
NOTIC: [2] Invalid argument supplied for foreach() D:\wamp\www\lianxi\xiangmu\shop04_xiangmu4\Application\Runtime\Cache\Home\2a94b8bda04ff446dcedd42276fc99ee.php 第 150 行.
NOTIC: [8] Undefined index: children D:\wamp\www\lianxi\xiangmu\shop04_xiangmu4\Application\Runtime\Cache\Home\2a94b8bda04ff446dcedd42276fc99ee.php 第 150 行.
NOTIC: [2] Invalid argument supplied for foreach() D:\wamp\www\lianxi\xiangmu\shop04_xiangmu4\Application\Runtime\Cache\Home\2a94b8bda04ff446dcedd42276fc99ee.php 第 150 行.
NOTIC: [8] Undefined index: children D:\wamp\www\lianxi\xiangmu\shop04_xiangmu4\Application\Runtime\Cache\Home\2a94b8bda04ff446dcedd42276fc99ee.php 第 150 行.
NOTIC: [2] Invalid argument supplied for foreach() D:\wamp\www\lianxi\xiangmu\shop04_xiangmu4\Application\Runtime\Cache\Home\2a94b8bda04ff446dcedd42276fc99ee.php 第 150 行.
NOTIC: [8] Undefined index: children D:\wamp\www\lianxi\xiangmu\shop04_xiangmu4\Application\Runtime\Cache\Home\2a94b8bda04ff446dcedd42276fc99ee.php 第 150 行.
NOTIC: [2] Invalid argument supplied for foreach() D:\wamp\www\lianxi\xiangmu\shop04_xiangmu4\Application\Runtime\Cache\Home\2a94b8bda04ff446dcedd42276fc99ee.php 第 150 行.
NOTIC: [8] Undefined index: children D:\wamp\www\lianxi\xiangmu\shop04_xiangmu4\Application\Runtime\Cache\Home\2a94b8bda04ff446dcedd42276fc99ee.php 第 150 行.
NOTIC: [2] Invalid argument supplied for foreach() D:\wamp\www\lianxi\xiangmu\shop04_xiangmu4\Application\Runtime\Cache\Home\2a94b8bda04ff446dcedd42276fc99ee.php 第 150 行.
NOTIC: [8] Undefined index: children D:\wamp\www\lianxi\xiangmu\shop04_xiangmu4\Application\Runtime\Cache\Home\2a94b8bda04ff446dcedd42276fc99ee.php 第 150 行.
NOTIC: [2] Invalid argument supplied for foreach() D:\wamp\www\lianxi\xiangmu\shop04_xiangmu4\Application\Runtime\Cache\Home\2a94b8bda04ff446dcedd42276fc99ee.php 第 150 行.
NOTIC: [8] Undefined index: children D:\wamp\www\lianxi\xiangmu\shop04_xiangmu4\Application\Runtime\Cache\Home\2a94b8bda04ff446dcedd42276fc99ee.php 第 150 行.
NOTIC: [2] Invalid argument supplied for foreach() D:\wamp\www\lianxi\xiangmu\shop04_xiangmu4\Application\Runtime\Cache\Home\2a94b8bda04ff446dcedd42276fc99ee.php 第 150 行.
NOTIC: [8] Undefined index: children D:\wamp\www\lianxi\xiangmu\shop04_xiangmu4\Application\Runtime\Cache\Home\2a94b8bda04ff446dcedd42276fc99ee.php 第 150 行.
NOTIC: [2] Invalid argument supplied for foreach() D:\wamp\www\lianxi\xiangmu\shop04_xiangmu4\Application\Runtime\Cache\Home\2a94b8bda04ff446dcedd42276fc99ee.php 第 150 行.
NOTIC: [2] Invalid argument supplied for foreach() D:\wamp\www\lianxi\xiangmu\shop04_xiangmu4\Application\Runtime\Cache\Home\2a94b8bda04ff446dcedd42276fc99ee.php 第 501 行.
NOTIC: [2] Invalid argument supplied for foreach() D:\wamp\www\lianxi\xiangmu\shop04_xiangmu4\Application\Runtime\Cache\Home\2a94b8bda04ff446dcedd42276fc99ee.php 第 506 行.
INFO: Run Behavior\ParseTemplateBehavior [ RunTime:0.161615s ]
INFO: [ view_parse ] --END-- [ RunTime:0.162027s ]
INFO: [ view_filter ] --START--
INFO: Run Behavior\WriteHtmlCacheBehavior [ RunTime:0.001618s ]
INFO: [ view_filter ] --END-- [ RunTime:0.001997s ]
INFO: [ app_end ] --START--
INFO: Run Behavior\ShowPageTraceBehavior [ RunTime:0.002152s ]
INFO: [ app_end ] --END-- [ RunTime:0.002534s ]

[ 2017-05-23T09:03:00+08:00 ] 127.0.0.1 /index.php/Home/Member/ajaxChkLogin.html
INFO: [ app_init ] --START--
INFO: Run Behavior\BuildLiteBehavior [ RunTime:0.000090s ]
INFO: [ app_init ] --END-- [ RunTime:0.001685s ]
INFO: [ app_begin ] --START--
INFO: Run Behavior\ReadHtmlCacheBehavior [ RunTime:0.002127s ]
INFO: [ app_begin ] --END-- [ RunTime:0.002557s ]
INFO: [ app_end ] --START--
INFO: Run Behavior\ShowPageTraceBehavior [ RunTime:0.035877s ]
INFO: [ app_end ] --END-- [ RunTime:0.036394s ]

[ 2017-05-23T09:03:02+08:00 ] 127.0.0.1 /index.php/Admin/Login/login.html
INFO: [ app_init ] --START--
INFO: Run Behavior\BuildLiteBehavior [ RunTime:0.000097s ]
INFO: [ app_init ] --END-- [ RunTime:0.002347s ]
INFO: [ app_begin ] --START--
INFO: Run Behavior\ReadHtmlCacheBehavior [ RunTime:0.008717s ]
INFO: [ app_begin ] --END-- [ RunTime:0.009220s ]
INFO: [ view_parse ] --START--
INFO: [ template_filter ] --START--
INFO: Run Behavior\ContentReplaceBehavior [ RunTime:0.000285s ]
INFO: [ template_filter ] --END-- [ RunTime:0.000747s ]
INFO: Run Behavior\ParseTemplateBehavior [ RunTime:0.085792s ]
INFO: [ view_parse ] --END-- [ RunTime:0.086324s ]
INFO: [ view_filter ] --START--
INFO: Run Behavior\WriteHtmlCacheBehavior [ RunTime:0.001757s ]
INFO: [ view_filter ] --END-- [ RunTime:0.002177s ]
INFO: [ app_end ] --START--
INFO: Run Behavior\ShowPageTraceBehavior [ RunTime:0.002445s ]
INFO: [ app_end ] --END-- [ RunTime:0.002868s ]

[ 2017-05-23T09:03:02+08:00 ] 127.0.0.1 /index.php/Admin/Login/login.html
INFO: [ app_init ] --START--
INFO: Run Behavior\BuildLiteBehavior [ RunTime:0.000097s ]
INFO: [ app_init ] --END-- [ RunTime:0.001962s ]
INFO: [ app_begin ] --START--
INFO: Run Behavior\ReadHtmlCacheBehavior [ RunTime:0.002312s ]
INFO: [ app_begin ] --END-- [ RunTime:0.002754s ]
INFO: [ view_parse ] --START--
INFO: [ template_filter ] --START--
INFO: Run Behavior\ContentReplaceBehavior [ RunTime:0.000279s ]
INFO: [ template_filter ] --END-- [ RunTime:0.000742s ]
INFO: Run Behavior\ParseTemplateBehavior [ RunTime:0.030058s ]
INFO: [ view_parse ] --END-- [ RunTime:0.030533s ]
INFO: [ view_filter ] --START--
INFO: Run Behavior\WriteHtmlCacheBehavior [ RunTime:0.001649s ]
INFO: [ view_filter ] --END-- [ RunTime:0.002078s ]
INFO: [ app_end ] --START--
INFO: Run Behavior\ShowPageTraceBehavior [ RunTime:0.002583s ]
INFO: [ app_end ] --END-- [ RunTime:0.025522s ]

[ 2017-05-23T09:03:03+08:00 ] 127.0.0.1 /index.php/Admin/Login/checkCode.html
INFO: [ app_init ] --START--
INFO: Run Behavior\BuildLiteBehavior [ RunTime:0.000089s ]
INFO: [ app_init ] --END-- [ RunTime:0.001673s ]
INFO: [ app_begin ] --START--
INFO: Run Behavior\ReadHtmlCacheBehavior [ RunTime:0.001959s ]
INFO: [ app_begin ] --END-- [ RunTime:0.002431s ]
INFO: [ app_end ] --START--
INFO: Run Behavior\ShowPageTraceBehavior [ RunTime:0.002497s ]
INFO: [ app_end ] --END-- [ RunTime:0.002980s ]

[ 2017-05-23T09:04:30+08:00 ] 127.0.0.1 /index.php/Admin/Login/login.html
INFO: [ app_init ] --START--
INFO: Run Behavior\BuildLiteBehavior [ RunTime:0.000079s ]
INFO: [ app_init ] --END-- [ RunTime:0.001657s ]
INFO: [ app_begin ] --START--
INFO: Run Behavior\ReadHtmlCacheBehavior [ RunTime:0.001808s ]
INFO: [ app_begin ] --END-- [ RunTime:0.002222s ]
SQL: DESCRIBE shop_admin [ RunTime:0.050150s ]
NOTIC: [8] Undefined variable: _login_validate D:\wamp\www\lianxi\xiangmu\shop04_xiangmu4\Application\Admin\Controller\LoginController.class.php 第 29 行.
SQL: SELECT * FROM `shop_admin` WHERE ( `user_name` = '张三' ) LIMIT 1   [ RunTime:0.001132s ]
INFO: [ view_parse ] --START--
INFO: [ template_filter ] --START--
INFO: Run Behavior\ContentReplaceBehavior [ RunTime:0.000229s ]
INFO: [ template_filter ] --END-- [ RunTime:0.000640s ]
INFO: Run Behavior\ParseTemplateBehavior [ RunTime:0.024832s ]
INFO: [ view_parse ] --END-- [ RunTime:0.025281s ]
INFO: [ view_filter ] --START--
INFO: Run Behavior\WriteHtmlCacheBehavior [ RunTime:0.001438s ]
INFO: [ view_filter ] --END-- [ RunTime:0.001828s ]

[ 2017-05-23T09:04:32+08:00 ] 127.0.0.1 /index.php/Admin/Index/index.html
INFO: [ app_init ] --START--
INFO: Run Behavior\BuildLiteBehavior [ RunTime:0.000104s ]
INFO: [ app_init ] --END-- [ RunTime:0.001733s ]
INFO: [ app_begin ] --START--
INFO: Run Behavior\ReadHtmlCacheBehavior [ RunTime:0.001917s ]
INFO: [ app_begin ] --END-- [ RunTime:0.002425s ]
INFO: [ view_parse ] --START--
INFO: [ template_filter ] --START--
INFO: Run Behavior\ContentReplaceBehavior [ RunTime:0.000231s ]
INFO: [ template_filter ] --END-- [ RunTime:0.000679s ]
INFO: Run Behavior\ParseTemplateBehavior [ RunTime:0.089904s ]
INFO: [ view_parse ] --END-- [ RunTime:0.090394s ]
INFO: [ view_filter ] --START--
INFO: Run Behavior\WriteHtmlCacheBehavior [ RunTime:0.001629s ]
INFO: [ view_filter ] --END-- [ RunTime:0.002065s ]
INFO: [ app_end ] --START--
INFO: Run Behavior\ShowPageTraceBehavior [ RunTime:0.002551s ]
INFO: [ app_end ] --END-- [ RunTime:0.002985s ]

[ 2017-05-23T09:04:33+08:00 ] 127.0.0.1 /index.php/Admin/Index/top.html
INFO: [ app_init ] --START--
INFO: Run Behavior\BuildLiteBehavior [ RunTime:0.000092s ]
INFO: [ app_init ] --END-- [ RunTime:0.002285s ]
INFO: [ app_begin ] --START--
INFO: Run Behavior\ReadHtmlCacheBehavior [ RunTime:0.002782s ]
INFO: [ app_begin ] --END-- [ RunTime:0.003632s ]
INFO: [ view_parse ] --START--
INFO: [ template_filter ] --START--
INFO: Run Behavior\ContentReplaceBehavior [ RunTime:0.000281s ]
INFO: [ template_filter ] --END-- [ RunTime:0.000740s ]
INFO: Run Behavior\ParseTemplateBehavior [ RunTime:0.370331s ]
INFO: [ view_parse ] --END-- [ RunTime:0.370865s ]
INFO: [ view_filter ] --START--
INFO: Run Behavior\WriteHtmlCacheBehavior [ RunTime:0.009277s ]
INFO: [ view_filter ] --END-- [ RunTime:0.009705s ]
INFO: [ app_end ] --START--
INFO: Run Behavior\ShowPageTraceBehavior [ RunTime:0.014842s ]
INFO: [ app_end ] --END-- [ RunTime:0.015272s ]

[ 2017-05-23T09:04:33+08:00 ] 127.0.0.1 /index.php/Admin/Index/main.html
INFO: [ app_init ] --START--
INFO: Run Behavior\BuildLiteBehavior [ RunTime:0.000099s ]
INFO: [ app_init ] --END-- [ RunTime:0.006419s ]
INFO: [ app_begin ] --START--
INFO: Run Behavior\ReadHtmlCacheBehavior [ RunTime:0.014234s ]
INFO: [ app_begin ] --END-- [ RunTime:0.014774s ]
INFO: [ view_parse ] --START--
INFO: [ template_filter ] --START--
INFO: Run Behavior\ContentReplaceBehavior [ RunTime:0.000320s ]
INFO: [ template_filter ] --END-- [ RunTime:0.000815s ]
INFO: Run Behavior\ParseTemplateBehavior [ RunTime:0.064322s ]
INFO: [ view_parse ] --END-- [ RunTime:0.064812s ]
INFO: [ view_filter ] --START--
INFO: Run Behavior\WriteHtmlCacheBehavior [ RunTime:0.002075s ]
INFO: [ view_filter ] --END-- [ RunTime:0.002675s ]
INFO: [ app_end ] --START--
INFO: Run Behavior\ShowPageTraceBehavior [ RunTime:0.017704s ]
INFO: [ app_end ] --END-- [ RunTime:0.018245s ]

[ 2017-05-23T09:04:34+08:00 ] 127.0.0.1 /index.php/Admin/Index/menu.html
INFO: [ app_init ] --START--
INFO: Run Behavior\BuildLiteBehavior [ RunTime:0.000202s ]
INFO: [ app_init ] --END-- [ RunTime:0.002439s ]
INFO: [ app_begin ] --START--
INFO: Run Behavior\ReadHtmlCacheBehavior [ RunTime:0.005203s ]
INFO: [ app_begin ] --END-- [ RunTime:0.005673s ]
SQL: DESCRIBE shop_privilege [ RunTime:0.115578s ]
SQL: DESCRIBE shop_role_admin [ RunTime:0.116803s ]
SQL: SELECT DISTINCT  c.* FROM shop_role_admin a LEFT JOIN shop_role_pri b ON b.role_id=a.role_id LEFT JOIN shop_privilege c ON c.id=b.pri_id  WHERE ( `admin_id` = 1 )  [ RunTime:0.060764s ]
NOTIC: [2] in_array() expects parameter 2 to be array, integer given D:\wamp\www\lianxi\xiangmu\shop04_xiangmu4\Application\Admin\Model\PrivilegeModel.class.php 第 96 行.
NOTIC: [2] in_array() expects parameter 2 to be array, integer given D:\wamp\www\lianxi\xiangmu\shop04_xiangmu4\Application\Admin\Model\PrivilegeModel.class.php 第 96 行.
NOTIC: [2] in_array() expects parameter 2 to be array, integer given D:\wamp\www\lianxi\xiangmu\shop04_xiangmu4\Application\Admin\Model\PrivilegeModel.class.php 第 96 行.
NOTIC: [2] in_array() expects parameter 2 to be array, integer given D:\wamp\www\lianxi\xiangmu\shop04_xiangmu4\Application\Admin\Model\PrivilegeModel.class.php 第 96 行.
NOTIC: [2] in_array() expects parameter 2 to be array, integer given D:\wamp\www\lianxi\xiangmu\shop04_xiangmu4\Application\Admin\Model\PrivilegeModel.class.php 第 96 行.
NOTIC: [2] in_array() expects parameter 2 to be array, integer given D:\wamp\www\lianxi\xiangmu\shop04_xiangmu4\Application\Admin\Model\PrivilegeModel.class.php 第 96 行.
NOTIC: [2] in_array() expects parameter 2 to be array, integer given D:\wamp\www\lianxi\xiangmu\shop04_xiangmu4\Application\Admin\Model\PrivilegeModel.class.php 第 96 行.
NOTIC: [2] in_array() expects parameter 2 to be array, integer given D:\wamp\www\lianxi\xiangmu\shop04_xiangmu4\Application\Admin\Model\PrivilegeModel.class.php 第 96 行.
NOTIC: [2] in_array() expects parameter 2 to be array, integer given D:\wamp\www\lianxi\xiangmu\shop04_xiangmu4\Application\Admin\Model\PrivilegeModel.class.php 第 96 行.
NOTIC: [2] in_array() expects parameter 2 to be array, integer given D:\wamp\www\lianxi\xiangmu\shop04_xiangmu4\Application\Admin\Model\PrivilegeModel.class.php 第 96 行.
NOTIC: [2] in_array() expects parameter 2 to be array, integer given D:\wamp\www\lianxi\xiangmu\shop04_xiangmu4\Application\Admin\Model\PrivilegeModel.class.php 第 96 行.
NOTIC: [2] in_array() expects parameter 2 to be array, integer given D:\wamp\www\lianxi\xiangmu\shop04_xiangmu4\Application\Admin\Model\PrivilegeModel.class.php 第 96 行.
NOTIC: [2] in_array() expects parameter 2 to be array, integer given D:\wamp\www\lianxi\xiangmu\shop04_xiangmu4\Application\Admin\Model\PrivilegeModel.class.php 第 96 行.
NOTIC: [2] in_array() expects parameter 2 to be array, integer given D:\wamp\www\lianxi\xiangmu\shop04_xiangmu4\Application\Admin\Model\PrivilegeModel.class.php 第 96 行.
NOTIC: [2] in_array() expects parameter 2 to be array, integer given D:\wamp\www\lianxi\xiangmu\shop04_xiangmu4\Application\Admin\Model\PrivilegeModel.class.php 第 96 行.
NOTIC: [2] in_array() expects parameter 2 to be array, integer given D:\wamp\www\lianxi\xiangmu\shop04_xiangmu4\Application\Admin\Model\PrivilegeModel.class.php 第 96 行.
NOTIC: [2] in_array() expects parameter 2 to be array, integer given D:\wamp\www\lianxi\xiangmu\shop04_xiangmu4\Application\Admin\Model\PrivilegeModel.class.php 第 96 行.
NOTIC: [2] in_array() expects parameter 2 to be array, integer given D:\wamp\www\lianxi\xiangmu\shop04_xiangmu4\Application\Admin\Model\PrivilegeModel.class.php 第 96 行.
NOTIC: [2] in_array() expects parameter 2 to be array, integer given D:\wamp\www\lianxi\xiangmu\shop04_xiangmu4\Application\Admin\Model\PrivilegeModel.class.php 第 96 行.
NOTIC: [2] in_array() expects parameter 2 to be array, integer given D:\wamp\www\lianxi\xiangmu\shop04_xiangmu4\Application\Admin\Model\PrivilegeModel.class.php 第 96 行.
NOTIC: [2] in_array() expects parameter 2 to be array, integer given D:\wamp\www\lianxi\xiangmu\shop04_xiangmu4\Application\Admin\Model\PrivilegeModel.class.php 第 96 行.
NOTIC: [2] in_array() expects parameter 2 to be array, integer given D:\wamp\www\lianxi\xiangmu\shop04_xiangmu4\Application\Admin\Model\PrivilegeModel.class.php 第 96 行.
NOTIC: [2] in_array() expects parameter 2 to be array, integer given D:\wamp\www\lianxi\xiangmu\shop04_xiangmu4\Application\Admin\Model\PrivilegeModel.class.php 第 96 行.
NOTIC: [2] in_array() expects parameter 2 to be array, integer given D:\wamp\www\lianxi\xiangmu\shop04_xiangmu4\Application\Admin\Model\PrivilegeModel.class.php 第 96 行.
NOTIC: [2] in_array() expects parameter 2 to be array, integer given D:\wamp\www\lianxi\xiangmu\shop04_xiangmu4\Application\Admin\Model\PrivilegeModel.class.php 第 96 行.
NOTIC: [2] in_array() expects parameter 2 to be array, integer given D:\wamp\www\lianxi\xiangmu\shop04_xiangmu4\Application\Admin\Model\PrivilegeModel.class.php 第 96 行.
NOTIC: [2] in_array() expects parameter 2 to be array, integer given D:\wamp\www\lianxi\xiangmu\shop04_xiangmu4\Application\Admin\Model\PrivilegeModel.class.php 第 96 行.
NOTIC: [2] in_array() expects parameter 2 to be array, integer given D:\wamp\www\lianxi\xiangmu\shop04_xiangmu4\Application\Admin\Model\PrivilegeModel.class.php 第 96 行.
NOTIC: [2] in_array() expects parameter 2 to be array, integer given D:\wamp\www\lianxi\xiangmu\shop04_xiangmu4\Application\Admin\Model\PrivilegeModel.class.php 第 96 行.
NOTIC: [2] in_array() expects parameter 2 to be array, integer given D:\wamp\www\lianxi\xiangmu\shop04_xiangmu4\Application\Admin\Model\PrivilegeModel.class.php 第 96 行.
NOTIC: [2] in_array() expects parameter 2 to be array, integer given D:\wamp\www\lianxi\xiangmu\shop04_xiangmu4\Application\Admin\Model\PrivilegeModel.class.php 第 96 行.
NOTIC: [2] in_array() expects parameter 2 to be array, integer given D:\wamp\www\lianxi\xiangmu\shop04_xiangmu4\Application\Admin\Model\PrivilegeModel.class.php 第 96 行.
NOTIC: [2] in_array() expects parameter 2 to be array, integer given D:\wamp\www\lianxi\xiangmu\shop04_xiangmu4\Application\Admin\Model\PrivilegeModel.class.php 第 96 行.
NOTIC: [2] in_array() expects parameter 2 to be array, integer given D:\wamp\www\lianxi\xiangmu\shop04_xiangmu4\Application\Admin\Model\PrivilegeModel.class.php 第 96 行.
NOTIC: [2] in_array() expects parameter 2 to be array, integer given D:\wamp\www\lianxi\xiangmu\shop04_xiangmu4\Application\Admin\Model\PrivilegeModel.class.php 第 96 行.
NOTIC: [2] in_array() expects parameter 2 to be array, integer given D:\wamp\www\lianxi\xiangmu\shop04_xiangmu4\Application\Admin\Model\PrivilegeModel.class.php 第 96 行.
NOTIC: [2] in_array() expects parameter 2 to be array, integer given D:\wamp\www\lianxi\xiangmu\shop04_xiangmu4\Application\Admin\Model\PrivilegeModel.class.php 第 96 行.
NOTIC: [2] in_array() expects parameter 2 to be array, integer given D:\wamp\www\lianxi\xiangmu\shop04_xiangmu4\Application\Admin\Model\PrivilegeModel.class.php 第 96 行.
NOTIC: [2] in_array() expects parameter 2 to be array, integer given D:\wamp\www\lianxi\xiangmu\shop04_xiangmu4\Application\Admin\Model\PrivilegeModel.class.php 第 96 行.
NOTIC: [2] in_array() expects parameter 2 to be array, integer given D:\wamp\www\lianxi\xiangmu\shop04_xiangmu4\Application\Admin\Model\PrivilegeModel.class.php 第 96 行.
NOTIC: [2] in_array() expects parameter 2 to be array, integer given D:\wamp\www\lianxi\xiangmu\shop04_xiangmu4\Application\Admin\Model\PrivilegeModel.class.php 第 96 行.
NOTIC: [2] in_array() expects parameter 2 to be array, integer given D:\wamp\www\lianxi\xiangmu\shop04_xiangmu4\Application\Admin\Model\PrivilegeModel.class.php 第 96 行.
NOTIC: [2] in_array() expects parameter 2 to be array, integer given D:\wamp\www\lianxi\xiangmu\shop04_xiangmu4\Application\Admin\Model\PrivilegeModel.class.php 第 96 行.
NOTIC: [2] in_array() expects parameter 2 to be array, integer given D:\wamp\www\lianxi\xiangmu\shop04_xiangmu4\Application\Admin\Model\PrivilegeModel.class.php 第 96 行.
NOTIC: [2] in_array() expects parameter 2 to be array, integer given D:\wamp\www\lianxi\xiangmu\shop04_xiangmu4\Application\Admin\Model\PrivilegeModel.class.php 第 96 行.
NOTIC: [2] in_array() expects parameter 2 to be array, integer given D:\wamp\www\lianxi\xiangmu\shop04_xiangmu4\Application\Admin\Model\PrivilegeModel.class.php 第 96 行.
NOTIC: [2] in_array() expects parameter 2 to be array, integer given D:\wamp\www\lianxi\xiangmu\shop04_xiangmu4\Application\Admin\Model\PrivilegeModel.class.php 第 96 行.
NOTIC: [2] in_array() expects parameter 2 to be array, integer given D:\wamp\www\lianxi\xiangmu\shop04_xiangmu4\Application\Admin\Model\PrivilegeModel.class.php 第 96 行.
NOTIC: [2] in_array() expects parameter 2 to be array, integer given D:\wamp\www\lianxi\xiangmu\shop04_xiangmu4\Application\Admin\Model\PrivilegeModel.class.php 第 96 行.
NOTIC: [2] in_array() expects parameter 2 to be array, integer given D:\wamp\www\lianxi\xiangmu\shop04_xiangmu4\Application\Admin\Model\PrivilegeModel.class.php 第 96 行.
NOTIC: [2] in_array() expects parameter 2 to be array, integer given D:\wamp\www\lianxi\xiangmu\shop04_xiangmu4\Application\Admin\Model\PrivilegeModel.class.php 第 96 行.
NOTIC: [2] in_array() expects parameter 2 to be array, integer given D:\wamp\www\lianxi\xiangmu\shop04_xiangmu4\Application\Admin\Model\PrivilegeModel.class.php 第 96 行.
NOTIC: [2] in_array() expects parameter 2 to be array, integer given D:\wamp\www\lianxi\xiangmu\shop04_xiangmu4\Application\Admin\Model\PrivilegeModel.class.php 第 96 行.
NOTIC: [2] in_array() expects parameter 2 to be array, integer given D:\wamp\www\lianxi\xiangmu\shop04_xiangmu4\Application\Admin\Model\PrivilegeModel.class.php 第 96 行.
NOTIC: [2] in_array() expects parameter 2 to be array, integer given D:\wamp\www\lianxi\xiangmu\shop04_xiangmu4\Application\Admin\Model\PrivilegeModel.class.php 第 96 行.
NOTIC: [2] in_array() expects parameter 2 to be array, integer given D:\wamp\www\lianxi\xiangmu\shop04_xiangmu4\Application\Admin\Model\PrivilegeModel.class.php 第 96 行.
NOTIC: [2] in_array() expects parameter 2 to be array, integer given D:\wamp\www\lianxi\xiangmu\shop04_xiangmu4\Application\Admin\Model\PrivilegeModel.class.php 第 96 行.
NOTIC: [2] in_array() expects parameter 2 to be array, integer given D:\wamp\www\lianxi\xiangmu\shop04_xiangmu4\Application\Admin\Model\PrivilegeModel.class.php 第 96 行.
NOTIC: [2] in_array() expects parameter 2 to be array, integer given D:\wamp\www\lianxi\xiangmu\shop04_xiangmu4\Application\Admin\Model\PrivilegeModel.class.php 第 96 行.
NOTIC: [2] in_array() expects parameter 2 to be array, integer given D:\wamp\www\lianxi\xiangmu\shop04_xiangmu4\Application\Admin\Model\PrivilegeModel.class.php 第 96 行.
NOTIC: [2] in_array() expects parameter 2 to be array, integer given D:\wamp\www\lianxi\xiangmu\shop04_xiangmu4\Application\Admin\Model\PrivilegeModel.class.php 第 96 行.
NOTIC: [2] in_array() expects parameter 2 to be array, integer given D:\wamp\www\lianxi\xiangmu\shop04_xiangmu4\Application\Admin\Model\PrivilegeModel.class.php 第 96 行.
NOTIC: [2] in_array() expects parameter 2 to be array, integer given D:\wamp\www\lianxi\xiangmu\shop04_xiangmu4\Application\Admin\Model\PrivilegeModel.class.php 第 96 行.
NOTIC: [2] in_array() expects parameter 2 to be array, integer given D:\wamp\www\lianxi\xiangmu\shop04_xiangmu4\Application\Admin\Model\PrivilegeModel.class.php 第 96 行.
NOTIC: [2] in_array() expects parameter 2 to be array, integer given D:\wamp\www\lianxi\xiangmu\shop04_xiangmu4\Application\Admin\Model\PrivilegeModel.class.php 第 96 行.
NOTIC: [2] in_array() expects parameter 2 to be array, integer given D:\wamp\www\lianxi\xiangmu\shop04_xiangmu4\Application\Admin\Model\PrivilegeModel.class.php 第 96 行.
NOTIC: [2] in_array() expects parameter 2 to be array, integer given D:\wamp\www\lianxi\xiangmu\shop04_xiangmu4\Application\Admin\Model\PrivilegeModel.class.php 第 96 行.
NOTIC: [2] in_array() expects parameter 2 to be array, integer given D:\wamp\www\lianxi\xiangmu\shop04_xiangmu4\Application\Admin\Model\PrivilegeModel.class.php 第 96 行.
NOTIC: [2] in_array() expects parameter 2 to be array, integer given D:\wamp\www\lianxi\xiangmu\shop04_xiangmu4\Application\Admin\Model\PrivilegeModel.class.php 第 96 行.
NOTIC: [2] in_array() expects parameter 2 to be array, integer given D:\wamp\www\lianxi\xiangmu\shop04_xiangmu4\Application\Admin\Model\PrivilegeModel.class.php 第 96 行.
NOTIC: [2] in_array() expects parameter 2 to be array, integer given D:\wamp\www\lianxi\xiangmu\shop04_xiangmu4\Application\Admin\Model\PrivilegeModel.class.php 第 96 行.
NOTIC: [2] in_array() expects parameter 2 to be array, integer given D:\wamp\www\lianxi\xiangmu\shop04_xiangmu4\Application\Admin\Model\PrivilegeModel.class.php 第 96 行.
NOTIC: [2] in_array() expects parameter 2 to be array, integer given D:\wamp\www\lianxi\xiangmu\shop04_xiangmu4\Application\Admin\Model\PrivilegeModel.class.php 第 96 行.
NOTIC: [2] in_array() expects parameter 2 to be array, integer given D:\wamp\www\lianxi\xiangmu\shop04_xiangmu4\Application\Admin\Model\PrivilegeModel.class.php 第 96 行.
NOTIC: [2] in_array() expects parameter 2 to be array, integer given D:\wamp\www\lianxi\xiangmu\shop04_xiangmu4\Application\Admin\Model\PrivilegeModel.class.php 第 96 行.
NOTIC: [2] in_array() expects parameter 2 to be array, integer given D:\wamp\www\lianxi\xiangmu\shop04_xiangmu4\Application\Admin\Model\PrivilegeModel.class.php 第 96 行.
NOTIC: [2] in_array() expects parameter 2 to be array, integer given D:\wamp\www\lianxi\xiangmu\shop04_xiangmu4\Application\Admin\Model\PrivilegeModel.class.php 第 96 行.
NOTIC: [2] in_array() expects parameter 2 to be array, integer given D:\wamp\www\lianxi\xiangmu\shop04_xiangmu4\Application\Admin\Model\PrivilegeModel.class.php 第 96 行.
NOTIC: [2] in_array() expects parameter 2 to be array, integer given D:\wamp\www\lianxi\xiangmu\shop04_xiangmu4\Application\Admin\Model\PrivilegeModel.class.php 第 96 行.
NOTIC: [2] in_array() expects parameter 2 to be array, integer given D:\wamp\www\lianxi\xiangmu\shop04_xiangmu4\Application\Admin\Model\PrivilegeModel.class.php 第 96 行.
NOTIC: [2] in_array() expects parameter 2 to be array, integer given D:\wamp\www\lianxi\xiangmu\shop04_xiangmu4\Application\Admin\Model\PrivilegeModel.class.php 第 96 行.
NOTIC: [2] in_array() expects parameter 2 to be array, integer given D:\wamp\www\lianxi\xiangmu\shop04_xiangmu4\Application\Admin\Model\PrivilegeModel.class.php 第 96 行.
NOTIC: [2] in_array() expects parameter 2 to be array, integer given D:\wamp\www\lianxi\xiangmu\shop04_xiangmu4\Application\Admin\Model\PrivilegeModel.class.php 第 96 行.
NOTIC: [2] in_array() expects parameter 2 to be array, integer given D:\wamp\www\lianxi\xiangmu\shop04_xiangmu4\Application\Admin\Model\PrivilegeModel.class.php 第 96 行.
NOTIC: [2] in_array() expects parameter 2 to be array, integer given D:\wamp\www\lianxi\xiangmu\shop04_xiangmu4\Application\Admin\Model\PrivilegeModel.class.php 第 96 行.
NOTIC: [2] in_array() expects parameter 2 to be array, integer given D:\wamp\www\lianxi\xiangmu\shop04_xiangmu4\Application\Admin\Model\PrivilegeModel.class.php 第 96 行.
NOTIC: [2] in_array() expects parameter 2 to be array, integer given D:\wamp\www\lianxi\xiangmu\shop04_xiangmu4\Application\Admin\Model\PrivilegeModel.class.php 第 96 行.
NOTIC: [2] in_array() expects parameter 2 to be array, integer given D:\wamp\www\lianxi\xiangmu\shop04_xiangmu4\Application\Admin\Model\PrivilegeModel.class.php 第 96 行.
NOTIC: [2] in_array() expects parameter 2 to be array, integer given D:\wamp\www\lianxi\xiangmu\shop04_xiangmu4\Application\Admin\Model\PrivilegeModel.class.php 第 96 行.
NOTIC: [2] in_array() expects parameter 2 to be array, integer given D:\wamp\www\lianxi\xiangmu\shop04_xiangmu4\Application\Admin\Model\PrivilegeModel.class.php 第 96 行.
NOTIC: [2] in_array() expects parameter 2 to be array, integer given D:\wamp\www\lianxi\xiangmu\shop04_xiangmu4\Application\Admin\Model\PrivilegeModel.class.php 第 96 行.
NOTIC: [2] in_array() expects parameter 2 to be array, integer given D:\wamp\www\lianxi\xiangmu\shop04_xiangmu4\Application\Admin\Model\PrivilegeModel.class.php 第 96 行.
NOTIC: [2] in_array() expects parameter 2 to be array, integer given D:\wamp\www\lianxi\xiangmu\shop04_xiangmu4\Application\Admin\Model\PrivilegeModel.class.php 第 96 行.
NOTIC: [2] in_array() expects parameter 2 to be array, integer given D:\wamp\www\lianxi\xiangmu\shop04_xiangmu4\Application\Admin\Model\PrivilegeModel.class.php 第 96 行.
NOTIC: [2] in_array() expects parameter 2 to be array, integer given D:\wamp\www\lianxi\xiangmu\shop04_xiangmu4\Application\Admin\Model\PrivilegeModel.class.php 第 96 行.
NOTIC: [2] in_array() expects parameter 2 to be array, integer given D:\wamp\www\lianxi\xiangmu\shop04_xiangmu4\Application\Admin\Model\PrivilegeModel.class.php 第 96 行.
NOTIC: [2] in_array() expects parameter 2 to be array, integer given D:\wamp\www\lianxi\xiangmu\shop04_xiangmu4\Application\Admin\Model\PrivilegeModel.class.php 第 96 行.
NOTIC: [2] in_array() expects parameter 2 to be array, integer given D:\wamp\www\lianxi\xiangmu\shop04_xiangmu4\Application\Admin\Model\PrivilegeModel.class.php 第 96 行.
NOTIC: [2] in_array() expects parameter 2 to be array, integer given D:\wamp\www\lianxi\xiangmu\shop04_xiangmu4\Application\Admin\Model\PrivilegeModel.class.php 第 96 行.
NOTIC: [2] in_array() expects parameter 2 to be array, integer given D:\wamp\www\lianxi\xiangmu\shop04_xiangmu4\Application\Admin\Model\PrivilegeModel.class.php 第 96 行.
NOTIC: [2] in_array() expects parameter 2 to be array, integer given D:\wamp\www\lianxi\xiangmu\shop04_xiangmu4\Application\Admin\Model\PrivilegeModel.class.php 第 96 行.
NOTIC: [2] in_array() expects parameter 2 to be array, integer given D:\wamp\www\lianxi\xiangmu\shop04_xiangmu4\Application\Admin\Model\PrivilegeModel.class.php 第 96 行.
NOTIC: [2] in_array() expects parameter 2 to be array, integer given D:\wamp\www\lianxi\xiangmu\shop04_xiangmu4\Application\Admin\Model\PrivilegeModel.class.php 第 96 行.
NOTIC: [2] in_array() expects parameter 2 to be array, integer given D:\wamp\www\lianxi\xiangmu\shop04_xiangmu4\Application\Admin\Model\PrivilegeModel.class.php 第 96 行.
NOTIC: [2] in_array() expects parameter 2 to be array, integer given D:\wamp\www\lianxi\xiangmu\shop04_xiangmu4\Application\Admin\Model\PrivilegeModel.class.php 第 96 行.
NOTIC: [2] in_array() expects parameter 2 to be array, integer given D:\wamp\www\lianxi\xiangmu\shop04_xiangmu4\Application\Admin\Model\PrivilegeModel.class.php 第 96 行.
NOTIC: [2] in_array() expects parameter 2 to be array, integer given D:\wamp\www\lianxi\xiangmu\shop04_xiangmu4\Application\Admin\Model\PrivilegeModel.class.php 第 96 行.
NOTIC: [2] in_array() expects parameter 2 to be array, integer given D:\wamp\www\lianxi\xiangmu\shop04_xiangmu4\Application\Admin\Model\PrivilegeModel.class.php 第 96 行.
INFO: [ view_parse ] --START--
INFO: [ template_filter ] --START--
INFO: Run Behavior\ContentReplaceBehavior [ RunTime:0.000403s ]
INFO: [ template_filter ] --END-- [ RunTime:0.000864s ]
INFO: Run Behavior\ParseTemplateBehavior [ RunTime:0.107603s ]
INFO: [ view_parse ] --END-- [ RunTime:0.108127s ]
INFO: [ view_filter ] --START--
INFO: Run Behavior\WriteHtmlCacheBehavior [ RunTime:0.005077s ]
INFO: [ view_filter ] --END-- [ RunTime:0.005543s ]
INFO: [ app_end ] --START--
INFO: Run Behavior\ShowPageTraceBehavior [ RunTime:0.035129s ]
INFO: [ app_end ] --END-- [ RunTime:0.035585s ]

[ 2017-05-23T09:04:34+08:00 ] 127.0.0.1 /index.php/Admin/Index/Js/global.js
INFO: [ app_init ] --START--
INFO: Run Behavior\BuildLiteBehavior [ RunTime:0.000092s ]
INFO: [ app_init ] --END-- [ RunTime:0.006529s ]
INFO: [ app_begin ] --START--
INFO: Run Behavior\ReadHtmlCacheBehavior [ RunTime:0.001920s ]
INFO: [ app_begin ] --END-- [ RunTime:0.002398s ]
ERR: 非法操作:Js

[ 2017-05-23T09:04:34+08:00 ] 127.0.0.1 /index.php/Admin/Index/Js/utils.js
INFO: [ app_init ] --START--
INFO: Run Behavior\BuildLiteBehavior [ RunTime:0.000086s ]
INFO: [ app_init ] --END-- [ RunTime:0.001541s ]
INFO: [ app_begin ] --START--
INFO: Run Behavior\ReadHtmlCacheBehavior [ RunTime:0.002274s ]
INFO: [ app_begin ] --END-- [ RunTime:0.002724s ]
ERR: 非法操作:Js

[ 2017-05-23T09:04:34+08:00 ] 127.0.0.1 /index.php/Admin/Index/Js/transport.js
INFO: [ app_init ] --START--
INFO: Run Behavior\BuildLiteBehavior [ RunTime:0.000107s ]
INFO: [ app_init ] --END-- [ RunTime:0.001959s ]
INFO: [ app_begin ] --START--
INFO: Run Behavior\ReadHtmlCacheBehavior [ RunTime:0.041379s ]
INFO: [ app_begin ] --END-- [ RunTime:0.041915s ]
ERR: 非法操作:Js

[ 2017-05-23T12:10:18+08:00 ] 127.0.0.1 /index.php/Admin/Index/index.html
INFO: [ app_init ] --START--
INFO: Run Behavior\BuildLiteBehavior [ RunTime:0.000096s ]
INFO: [ app_init ] --END-- [ RunTime:0.001859s ]
INFO: [ app_begin ] --START--
INFO: Run Behavior\ReadHtmlCacheBehavior [ RunTime:0.002782s ]
INFO: [ app_begin ] --END-- [ RunTime:0.003282s ]
INFO: [ view_parse ] --START--
INFO: [ template_filter ] --START--
INFO: Run Behavior\ContentReplaceBehavior [ RunTime:0.000227s ]
INFO: [ template_filter ] --END-- [ RunTime:0.000722s ]
INFO: Run Behavior\ParseTemplateBehavior [ RunTime:0.022772s ]
INFO: [ view_parse ] --END-- [ RunTime:0.023359s ]
INFO: [ view_filter ] --START--
INFO: Run Behavior\WriteHtmlCacheBehavior [ RunTime:0.001827s ]
INFO: [ view_filter ] --END-- [ RunTime:0.002210s ]
INFO: [ app_end ] --START--
INFO: Run Behavior\ShowPageTraceBehavior [ RunTime:0.002481s ]
INFO: [ app_end ] --END-- [ RunTime:0.002842s ]

[ 2017-05-23T12:10:18+08:00 ] 127.0.0.1 /index.php/Admin/Index/top.html
INFO: [ app_init ] --START--
INFO: Run Behavior\BuildLiteBehavior [ RunTime:0.000098s ]
INFO: [ app_init ] --END-- [ RunTime:0.006732s ]
INFO: [ app_begin ] --START--
INFO: Run Behavior\ReadHtmlCacheBehavior [ RunTime:0.003939s ]
INFO: [ app_begin ] --END-- [ RunTime:0.004419s ]
INFO: [ view_parse ] --START--
INFO: [ template_filter ] --START--
INFO: Run Behavior\ContentReplaceBehavior [ RunTime:0.000305s ]
INFO: [ template_filter ] --END-- [ RunTime:0.000756s ]
INFO: Run Behavior\ParseTemplateBehavior [ RunTime:0.027552s ]
INFO: [ view_parse ] --END-- [ RunTime:0.028024s ]
INFO: [ view_filter ] --START--
INFO: Run Behavior\WriteHtmlCacheBehavior [ RunTime:0.001903s ]
INFO: [ view_filter ] --END-- [ RunTime:0.002298s ]
INFO: [ app_end ] --START--
INFO: Run Behavior\ShowPageTraceBehavior [ RunTime:0.003300s ]
INFO: [ app_end ] --END-- [ RunTime:0.003727s ]

[ 2017-05-23T12:10:18+08:00 ] 127.0.0.1 /index.php/Admin/Index/menu.html
INFO: [ app_init ] --START--
INFO: Run Behavior\BuildLiteBehavior [ RunTime:0.000097s ]
INFO: [ app_init ] --END-- [ RunTime:0.003630s ]
INFO: [ app_begin ] --START--
INFO: Run Behavior\ReadHtmlCacheBehavior [ RunTime:0.008418s ]
INFO: [ app_begin ] --END-- [ RunTime:0.009022s ]
SQL: DESCRIBE shop_privilege [ RunTime:0.021589s ]
SQL: DESCRIBE shop_role_admin [ RunTime:0.018849s ]
SQL: SELECT DISTINCT  c.* FROM shop_role_admin a LEFT JOIN shop_role_pri b ON b.role_id=a.role_id LEFT JOIN shop_privilege c ON c.id=b.pri_id  WHERE ( `admin_id` = 1 )  [ RunTime:0.003811s ]
INFO: [ view_parse ] --START--
INFO: [ template_filter ] --START--
INFO: Run Behavior\ContentReplaceBehavior [ RunTime:0.000427s ]
INFO: [ template_filter ] --END-- [ RunTime:0.001127s ]
INFO: Run Behavior\ParseTemplateBehavior [ RunTime:0.039590s ]
INFO: [ view_parse ] --END-- [ RunTime:0.040525s ]
INFO: [ view_filter ] --START--
INFO: Run Behavior\WriteHtmlCacheBehavior [ RunTime:0.001990s ]
INFO: [ view_filter ] --END-- [ RunTime:0.002457s ]
INFO: [ app_end ] --START--
INFO: Run Behavior\ShowPageTraceBehavior [ RunTime:0.003155s ]
INFO: [ app_end ] --END-- [ RunTime:0.003595s ]

[ 2017-05-23T12:10:18+08:00 ] 127.0.0.1 /index.php/Admin/Index/main.html
INFO: [ app_init ] --START--
INFO: Run Behavior\BuildLiteBehavior [ RunTime:0.000091s ]
INFO: [ app_init ] --END-- [ RunTime:0.004109s ]
INFO: [ app_begin ] --START--
INFO: Run Behavior\ReadHtmlCacheBehavior [ RunTime:0.002318s ]
INFO: [ app_begin ] --END-- [ RunTime:0.002765s ]
INFO: [ view_parse ] --START--
INFO: [ template_filter ] --START--
INFO: Run Behavior\ContentReplaceBehavior [ RunTime:0.000290s ]
INFO: [ template_filter ] --END-- [ RunTime:0.000756s ]
INFO: Run Behavior\ParseTemplateBehavior [ RunTime:0.046835s ]
INFO: [ view_parse ] --END-- [ RunTime:0.047387s ]
INFO: [ view_filter ] --START--
INFO: Run Behavior\WriteHtmlCacheBehavior [ RunTime:0.004563s ]
INFO: [ view_filter ] --END-- [ RunTime:0.004977s ]
INFO: [ app_end ] --START--
INFO: Run Behavior\ShowPageTraceBehavior [ RunTime:0.082266s ]
INFO: [ app_end ] --END-- [ RunTime:0.082674s ]

[ 2017-05-23T12:10:18+08:00 ] 127.0.0.1 /index.php/Admin/Index/Js/global.js
INFO: [ app_init ] --START--
INFO: Run Behavior\BuildLiteBehavior [ RunTime:0.000138s ]
INFO: [ app_init ] --END-- [ RunTime:0.001822s ]
INFO: [ app_begin ] --START--
INFO: Run Behavior\ReadHtmlCacheBehavior [ RunTime:0.002842s ]
INFO: [ app_begin ] --END-- [ RunTime:0.003311s ]
ERR: 非法操作:Js

[ 2017-05-23T12:10:18+08:00 ] 127.0.0.1 /index.php/Admin/Index/Js/utils.js
INFO: [ app_init ] --START--
INFO: Run Behavior\BuildLiteBehavior [ RunTime:0.000092s ]
INFO: [ app_init ] --END-- [ RunTime:0.001653s ]
INFO: [ app_begin ] --START--
INFO: Run Behavior\ReadHtmlCacheBehavior [ RunTime:0.002609s ]
INFO: [ app_begin ] --END-- [ RunTime:0.003035s ]
ERR: 非法操作:Js

[ 2017-05-23T12:10:18+08:00 ] 127.0.0.1 /index.php/Admin/Index/Js/transport.js
INFO: [ app_init ] --START--
INFO: Run Behavior\BuildLiteBehavior [ RunTime:0.000147s ]
INFO: [ app_init ] --END-- [ RunTime:0.009738s ]
INFO: [ app_begin ] --START--
INFO: Run Behavior\ReadHtmlCacheBehavior [ RunTime:0.003104s ]
INFO: [ app_begin ] --END-- [ RunTime:0.003669s ]
ERR: 非法操作:Js

[ 2017-05-23T12:10:27+08:00 ] 127.0.0.1 /index.php/Admin/Goods/add.html
INFO: [ app_init ] --START--
INFO: Run Behavior\BuildLiteBehavior [ RunTime:0.000082s ]
INFO: [ app_init ] --END-- [ RunTime:0.001511s ]
INFO: [ app_begin ] --START--
INFO: Run Behavior\ReadHtmlCacheBehavior [ RunTime:0.001705s ]
INFO: [ app_begin ] --END-- [ RunTime:0.002104s ]
SQL: DESCRIBE shop_privilege [ RunTime:0.017869s ]
SQL: DESCRIBE shop_brand [ RunTime:0.017951s ]
SQL: SELECT * FROM `shop_brand`  [ RunTime:0.001332s ]
SQL: SELECT `id`,`brand_name` FROM `shop_brand`  [ RunTime:0.000989s ]
SQL: DESCRIBE shop_member_level [ RunTime:0.017942s ]
SQL: SELECT * FROM `shop_member_level`  [ RunTime:0.001092s ]
SQL: DESCRIBE shop_category [ RunTime:0.018500s ]
SQL: SELECT * FROM `shop_category`  [ RunTime:0.001332s ]
NOTIC: [8] Undefined index: id D:\wamp\www\lianxi\xiangmu\shop04_xiangmu4\Application\Admin\Model\CategoryModel.class.php 第 52 行.
NOTIC: [2] in_array() expects parameter 2 to be array, null given D:\wamp\www\lianxi\xiangmu\shop04_xiangmu4\Application\Admin\Model\CategoryModel.class.php 第 52 行.
NOTIC: [8] Undefined index: id D:\wamp\www\lianxi\xiangmu\shop04_xiangmu4\Application\Admin\Model\CategoryModel.class.php 第 76 行.
NOTIC: [8] Undefined index: level D:\wamp\www\lianxi\xiangmu\shop04_xiangmu4\Application\Admin\Model\CategoryModel.class.php 第 76 行.
NOTIC: [8] Undefined index: cat_name D:\wamp\www\lianxi\xiangmu\shop04_xiangmu4\Application\Admin\Model\CategoryModel.class.php 第 76 行.
SQL: SELECT * FROM `shop_category`  [ RunTime:0.001307s ]
NOTIC: [8] Undefined index: id D:\wamp\www\lianxi\xiangmu\shop04_xiangmu4\Application\Admin\Model\CategoryModel.class.php 第 76 行.
NOTIC: [8] Undefined index: level D:\wamp\www\lianxi\xiangmu\shop04_xiangmu4\Application\Admin\Model\CategoryModel.class.php 第 76 行.
NOTIC: [8] Undefined index: cat_name D:\wamp\www\lianxi\xiangmu\shop04_xiangmu4\Application\Admin\Model\CategoryModel.class.php 第 76 行.
INFO: [ view_parse ] --START--
INFO: [ template_filter ] --START--
INFO: Run Behavior\ContentReplaceBehavior [ RunTime:0.000549s ]
INFO: [ template_filter ] --END-- [ RunTime:0.000991s ]
SQL: SELECT `id`,`brand_name` FROM `shop_brand`  [ RunTime:0.001025s ]
SQL: DESCRIBE shop_type [ RunTime:0.017937s ]
SQL: SELECT `id`,`type_name` FROM `shop_type`  [ RunTime:0.001013s ]
INFO: Run Behavior\ParseTemplateBehavior [ RunTime:0.103276s ]
INFO: [ view_parse ] --END-- [ RunTime:0.103664s ]
INFO: [ view_filter ] --START--
INFO: Run Behavior\WriteHtmlCacheBehavior [ RunTime:0.001570s ]
INFO: [ view_filter ] --END-- [ RunTime:0.001947s ]
INFO: [ app_end ] --START--
INFO: Run Behavior\ShowPageTraceBehavior [ RunTime:0.002053s ]
INFO: [ app_end ] --END-- [ RunTime:0.002415s ]

[ 2017-05-23T12:10:28+08:00 ] 127.0.0.1 /index.php/Admin/Goods/lst.html
INFO: [ app_init ] --START--
INFO: Run Behavior\BuildLiteBehavior [ RunTime:0.000234s ]
INFO: [ app_init ] --END-- [ RunTime:0.002024s ]
INFO: [ app_begin ] --START--
INFO: Run Behavior\ReadHtmlCacheBehavior [ RunTime:0.002594s ]
INFO: [ app_begin ] --END-- [ RunTime:0.003014s ]
SQL: DESCRIBE shop_privilege [ RunTime:0.018324s ]
SQL: DESCRIBE shop_goods [ RunTime:0.020020s ]
SQL: SELECT COUNT(*) AS tp_count FROM `shop_goods` LIMIT 1   [ RunTime:0.001363s ]
SQL: SELECT a.*,b.brand_name,c.cat_name,GROUP_CONCAT(e.cat_name) ext_cat_name FROM shop_goods a LEFT JOIN shop_brand b ON b.id=a.brand_id
                        LEFT JOIN shop_category c ON c.id=a.cat_id
                        LEFT JOIN shop_goods_cat d ON d.goods_id=a.id
                        LEFT JOIN shop_category e ON e.id=d.cat_id  GROUP BY a.id ORDER BY id desc LIMIT 0,5   [ RunTime:0.031115s ]
SQL: DESCRIBE shop_category [ RunTime:0.018797s ]
SQL: SELECT * FROM `shop_category`  [ RunTime:0.001226s ]
NOTIC: [8] Undefined index: id D:\wamp\www\lianxi\xiangmu\shop04_xiangmu4\Application\Admin\Model\CategoryModel.class.php 第 52 行.
NOTIC: [2] in_array() expects parameter 2 to be array, null given D:\wamp\www\lianxi\xiangmu\shop04_xiangmu4\Application\Admin\Model\CategoryModel.class.php 第 52 行.
NOTIC: [8] Undefined index: id D:\wamp\www\lianxi\xiangmu\shop04_xiangmu4\Application\Admin\Model\CategoryModel.class.php 第 76 行.
NOTIC: [8] Undefined index: level D:\wamp\www\lianxi\xiangmu\shop04_xiangmu4\Application\Admin\Model\CategoryModel.class.php 第 76 行.
NOTIC: [8] Undefined index: cat_name D:\wamp\www\lianxi\xiangmu\shop04_xiangmu4\Application\Admin\Model\CategoryModel.class.php 第 76 行.
INFO: [ view_parse ] --START--
INFO: [ template_filter ] --START--
INFO: Run Behavior\ContentReplaceBehavior [ RunTime:0.000478s ]
INFO: [ template_filter ] --END-- [ RunTime:0.000949s ]
SQL: DESCRIBE shop_brand [ RunTime:0.020703s ]
SQL: SELECT `id`,`brand_name` FROM `shop_brand`  [ RunTime:0.001153s ]
NOTIC: [8] Use of undefined constant id_desc - assumed 'id_desc' D:\wamp\www\lianxi\xiangmu\shop04_xiangmu4\Application\Runtime\Cache\Admin\12cf6a5c74297688873998de0720405d.php 第 59 行.
INFO: Run Behavior\ParseTemplateBehavior [ RunTime:0.154849s ]
INFO: [ view_parse ] --END-- [ RunTime:0.156005s ]
INFO: [ view_filter ] --START--
INFO: Run Behavior\WriteHtmlCacheBehavior [ RunTime:0.001867s ]
INFO: [ view_filter ] --END-- [ RunTime:0.002258s ]
INFO: [ app_end ] --START--
INFO: Run Behavior\ShowPageTraceBehavior [ RunTime:0.002669s ]
INFO: [ app_end ] --END-- [ RunTime:0.003076s ]

[ 2017-05-23T12:10:30+08:00 ] 127.0.0.1 /index.php/Admin/Category/add.html
INFO: [ app_init ] --START--
INFO: Run Behavior\BuildLiteBehavior [ RunTime:0.000098s ]
INFO: [ app_init ] --END-- [ RunTime:0.001852s ]
INFO: [ app_begin ] --START--
INFO: Run Behavior\ReadHtmlCacheBehavior [ RunTime:0.002188s ]
INFO: [ app_begin ] --END-- [ RunTime:0.002681s ]
SQL: DESCRIBE shop_privilege [ RunTime:0.018944s ]
SQL: DESCRIBE shop_category [ RunTime:0.018649s ]
SQL: SELECT * FROM `shop_category`  [ RunTime:0.001385s ]
NOTIC: [8] Undefined index: id D:\wamp\www\lianxi\xiangmu\shop04_xiangmu4\Application\Admin\Model\CategoryModel.class.php 第 52 行.
NOTIC: [2] in_array() expects parameter 2 to be array, null given D:\wamp\www\lianxi\xiangmu\shop04_xiangmu4\Application\Admin\Model\CategoryModel.class.php 第 52 行.
NOTIC: [8] Undefined index: id D:\wamp\www\lianxi\xiangmu\shop04_xiangmu4\Application\Admin\Model\CategoryModel.class.php 第 76 行.
NOTIC: [8] Undefined index: level D:\wamp\www\lianxi\xiangmu\shop04_xiangmu4\Application\Admin\Model\CategoryModel.class.php 第 76 行.
NOTIC: [8] Undefined index: cat_name D:\wamp\www\lianxi\xiangmu\shop04_xiangmu4\Application\Admin\Model\CategoryModel.class.php 第 76 行.
INFO: [ view_parse ] --START--
INFO: [ template_filter ] --START--
INFO: Run Behavior\ContentReplaceBehavior [ RunTime:0.000290s ]
INFO: [ template_filter ] --END-- [ RunTime:0.000737s ]
INFO: Run Behavior\ParseTemplateBehavior [ RunTime:0.211114s ]
INFO: [ view_parse ] --END-- [ RunTime:0.211631s ]
INFO: [ view_filter ] --START--
INFO: Run Behavior\WriteHtmlCacheBehavior [ RunTime:0.001496s ]
INFO: [ view_filter ] --END-- [ RunTime:0.001907s ]
INFO: [ app_end ] --START--
INFO: Run Behavior\ShowPageTraceBehavior [ RunTime:0.002298s ]
INFO: [ app_end ] --END-- [ RunTime:0.002736s ]

[ 2017-05-23T12:10:31+08:00 ] 127.0.0.1 /index.php/Admin/Category/lst.html
INFO: [ app_init ] --START--
INFO: Run Behavior\BuildLiteBehavior [ RunTime:0.000100s ]
INFO: [ app_init ] --END-- [ RunTime:0.001895s ]
INFO: [ app_begin ] --START--
INFO: Run Behavior\ReadHtmlCacheBehavior [ RunTime:0.002068s ]
INFO: [ app_begin ] --END-- [ RunTime:0.002571s ]
SQL: DESCRIBE shop_privilege [ RunTime:0.024351s ]
SQL: DESCRIBE shop_category [ RunTime:0.022130s ]
SQL: SELECT * FROM `shop_category`  [ RunTime:0.002199s ]
NOTIC: [8] Undefined index: id D:\wamp\www\lianxi\xiangmu\shop04_xiangmu4\Application\Admin\Model\CategoryModel.class.php 第 52 行.
NOTIC: [2] in_array() expects parameter 2 to be array, null given D:\wamp\www\lianxi\xiangmu\shop04_xiangmu4\Application\Admin\Model\CategoryModel.class.php 第 52 行.
INFO: [ view_parse ] --START--
INFO: [ template_filter ] --START--
INFO: Run Behavior\ContentReplaceBehavior [ RunTime:0.000346s ]
INFO: [ template_filter ] --END-- [ RunTime:0.000794s ]
NOTIC: [8] Undefined variable: _page_title D:\wamp\www\lianxi\xiangmu\shop04_xiangmu4\Application\Runtime\Cache\Admin\395c0ba78bddab9d6617dcec0f2fd9a9.php 第 14 行.
NOTIC: [8] Use of undefined constant id_desc - assumed 'id_desc' D:\wamp\www\lianxi\xiangmu\shop04_xiangmu4\Application\Runtime\Cache\Admin\395c0ba78bddab9d6617dcec0f2fd9a9.php 第 36 行.
NOTIC: [8] Undefined variable: val D:\wamp\www\lianxi\xiangmu\shop04_xiangmu4\Application\Runtime\Cache\Admin\395c0ba78bddab9d6617dcec0f2fd9a9.php 第 57 行.
NOTIC: [8] Undefined index: id D:\wamp\www\lianxi\xiangmu\shop04_xiangmu4\Application\Runtime\Cache\Admin\395c0ba78bddab9d6617dcec0f2fd9a9.php 第 54 行.
NOTIC: [8] Undefined index: level D:\wamp\www\lianxi\xiangmu\shop04_xiangmu4\Application\Runtime\Cache\Admin\395c0ba78bddab9d6617dcec0f2fd9a9.php 第 55 行.
NOTIC: [8] Undefined index: cat_name D:\wamp\www\lianxi\xiangmu\shop04_xiangmu4\Application\Runtime\Cache\Admin\395c0ba78bddab9d6617dcec0f2fd9a9.php 第 55 行.
NOTIC: [8] Undefined variable: val D:\wamp\www\lianxi\xiangmu\shop04_xiangmu4\Application\Runtime\Cache\Admin\395c0ba78bddab9d6617dcec0f2fd9a9.php 第 57 行.
NOTIC: [8] Undefined index: id D:\wamp\www\lianxi\xiangmu\shop04_xiangmu4\Application\Runtime\Cache\Admin\395c0ba78bddab9d6617dcec0f2fd9a9.php 第 58 行.
NOTIC: [8] Undefined index: id D:\wamp\www\lianxi\xiangmu\shop04_xiangmu4\Application\Runtime\Cache\Admin\395c0ba78bddab9d6617dcec0f2fd9a9.php 第 59 行.
NOTIC: [8] Undefined variable: val D:\wamp\www\lianxi\xiangmu\shop04_xiangmu4\Application\Runtime\Cache\Admin\395c0ba78bddab9d6617dcec0f2fd9a9.php 第 57 行.
NOTIC: [8] Undefined variable: val D:\wamp\www\lianxi\xiangmu\shop04_xiangmu4\Application\Runtime\Cache\Admin\395c0ba78bddab9d6617dcec0f2fd9a9.php 第 57 行.
NOTIC: [8] Undefined variable: val D:\wamp\www\lianxi\xiangmu\shop04_xiangmu4\Application\Runtime\Cache\Admin\395c0ba78bddab9d6617dcec0f2fd9a9.php 第 57 行.
NOTIC: [8] Undefined variable: val D:\wamp\www\lianxi\xiangmu\shop04_xiangmu4\Application\Runtime\Cache\Admin\395c0ba78bddab9d6617dcec0f2fd9a9.php 第 57 行.
NOTIC: [8] Undefined variable: val D:\wamp\www\lianxi\xiangmu\shop04_xiangmu4\Application\Runtime\Cache\Admin\395c0ba78bddab9d6617dcec0f2fd9a9.php 第 57 行.
NOTIC: [8] Undefined variable: val D:\wamp\www\lianxi\xiangmu\shop04_xiangmu4\Application\Runtime\Cache\Admin\395c0ba78bddab9d6617dcec0f2fd9a9.php 第 57 行.
NOTIC: [8] Undefined variable: val D:\wamp\www\lianxi\xiangmu\shop04_xiangmu4\Application\Runtime\Cache\Admin\395c0ba78bddab9d6617dcec0f2fd9a9.php 第 57 行.
NOTIC: [8] Undefined variable: val D:\wamp\www\lianxi\xiangmu\shop04_xiangmu4\Application\Runtime\Cache\Admin\395c0ba78bddab9d6617dcec0f2fd9a9.php 第 57 行.
NOTIC: [8] Undefined variable: val D:\wamp\www\lianxi\xiangmu\shop04_xiangmu4\Application\Runtime\Cache\Admin\395c0ba78bddab9d6617dcec0f2fd9a9.php 第 57 行.
NOTIC: [8] Undefined variable: val D:\wamp\www\lianxi\xiangmu\shop04_xiangmu4\Application\Runtime\Cache\Admin\395c0ba78bddab9d6617dcec0f2fd9a9.php 第 57 行.
NOTIC: [8] Undefined variable: val D:\wamp\www\lianxi\xiangmu\shop04_xiangmu4\Application\Runtime\Cache\Admin\395c0ba78bddab9d6617dcec0f2fd9a9.php 第 57 行.
NOTIC: [8] Undefined variable: val D:\wamp\www\lianxi\xiangmu\shop04_xiangmu4\Application\Runtime\Cache\Admin\395c0ba78bddab9d6617dcec0f2fd9a9.php 第 57 行.
NOTIC: [8] Undefined variable: val D:\wamp\www\lianxi\xiangmu\shop04_xiangmu4\Application\Runtime\Cache\Admin\395c0ba78bddab9d6617dcec0f2fd9a9.php 第 57 行.
NOTIC: [8] Undefined variable: val D:\wamp\www\lianxi\xiangmu\shop04_xiangmu4\Application\Runtime\Cache\Admin\395c0ba78bddab9d6617dcec0f2fd9a9.php 第 57 行.
NOTIC: [8] Undefined variable: val D:\wamp\www\lianxi\xiangmu\shop04_xiangmu4\Application\Runtime\Cache\Admin\395c0ba78bddab9d6617dcec0f2fd9a9.php 第 57 行.
NOTIC: [8] Undefined variable: val D:\wamp\www\lianxi\xiangmu\shop04_xiangmu4\Application\Runtime\Cache\Admin\395c0ba78bddab9d6617dcec0f2fd9a9.php 第 57 行.
NOTIC: [8] Undefined variable: val D:\wamp\www\lianxi\xiangmu\shop04_xiangmu4\Application\Runtime\Cache\Admin\395c0ba78bddab9d6617dcec0f2fd9a9.php 第 57 行.
NOTIC: [8] Undefined variable: val D:\wamp\www\lianxi\xiangmu\shop04_xiangmu4\Application\Runtime\Cache\Admin\395c0ba78bddab9d6617dcec0f2fd9a9.php 第 57 行.
NOTIC: [8] Undefined variable: val D:\wamp\www\lianxi\xiangmu\shop04_xiangmu4\Application\Runtime\Cache\Admin\395c0ba78bddab9d6617dcec0f2fd9a9.php 第 57 行.
NOTIC: [8] Undefined variable: val D:\wamp\www\lianxi\xiangmu\shop04_xiangmu4\Application\Runtime\Cache\Admin\395c0ba78bddab9d6617dcec0f2fd9a9.php 第 57 行.
NOTIC: [8] Undefined variable: show D:\wamp\www\lianxi\xiangmu\shop04_xiangmu4\Application\Runtime\Cache\Admin\395c0ba78bddab9d6617dcec0f2fd9a9.php 第 69 行.
INFO: Run Behavior\ParseTemplateBehavior [ RunTime:0.124137s ]
INFO: [ view_parse ] --END-- [ RunTime:0.124659s ]
INFO: [ view_filter ] --START--
INFO: Run Behavior\WriteHtmlCacheBehavior [ RunTime:0.001835s ]
INFO: [ view_filter ] --END-- [ RunTime:0.002273s ]
INFO: [ app_end ] --START--
INFO: Run Behavior\ShowPageTraceBehavior [ RunTime:0.003317s ]
INFO: [ app_end ] --END-- [ RunTime:0.003736s ]

[ 2017-05-23T14:54:19+08:00 ] 127.0.0.1 /index.php/Admin/Category/add.html
INFO: [ app_init ] --START--
INFO: Run Behavior\BuildLiteBehavior [ RunTime:0.000094s ]
INFO: [ app_init ] --END-- [ RunTime:0.001920s ]
INFO: [ app_begin ] --START--
INFO: Run Behavior\ReadHtmlCacheBehavior [ RunTime:0.002331s ]
INFO: [ app_begin ] --END-- [ RunTime:0.002971s ]
SQL: DESCRIBE shop_privilege [ RunTime:0.020460s ]
SQL: DESCRIBE shop_category [ RunTime:0.018620s ]
SQL: SELECT * FROM `shop_category`  [ RunTime:0.001289s ]
NOTIC: [8] Undefined index: id D:\wamp\www\lianxi\xiangmu\shop04_xiangmu4\Application\Admin\Model\CategoryModel.class.php 第 52 行.
NOTIC: [2] in_array() expects parameter 2 to be array, null given D:\wamp\www\lianxi\xiangmu\shop04_xiangmu4\Application\Admin\Model\CategoryModel.class.php 第 52 行.
NOTIC: [8] Undefined index: id D:\wamp\www\lianxi\xiangmu\shop04_xiangmu4\Application\Admin\Model\CategoryModel.class.php 第 76 行.
NOTIC: [8] Undefined index: level D:\wamp\www\lianxi\xiangmu\shop04_xiangmu4\Application\Admin\Model\CategoryModel.class.php 第 76 行.
NOTIC: [8] Undefined index: cat_name D:\wamp\www\lianxi\xiangmu\shop04_xiangmu4\Application\Admin\Model\CategoryModel.class.php 第 76 行.
INFO: [ view_parse ] --START--
INFO: [ template_filter ] --START--
INFO: Run Behavior\ContentReplaceBehavior [ RunTime:0.000327s ]
INFO: [ template_filter ] --END-- [ RunTime:0.000763s ]
INFO: Run Behavior\ParseTemplateBehavior [ RunTime:0.023274s ]
INFO: [ view_parse ] --END-- [ RunTime:0.023710s ]
INFO: [ view_filter ] --START--
INFO: Run Behavior\WriteHtmlCacheBehavior [ RunTime:0.001349s ]
INFO: [ view_filter ] --END-- [ RunTime:0.001718s ]
INFO: [ app_end ] --START--
INFO: Run Behavior\ShowPageTraceBehavior [ RunTime:0.001927s ]
INFO: [ app_end ] --END-- [ RunTime:0.002315s ]

